Running in Lattice mode

Starting:    C:\lscc\diamond\3.12\synpbase\bin64\mbin\synbatch.exe
Install:     C:\lscc\diamond\3.12\synpbase
Hostname:    DELL-CRISTIAN
Date:        Mon Mar 29 18:24:03 2021
Version:     Q-2020.03L-SP1

Arguments:   -product synplify_pro -batch shiftsbarrels00_shiftsbarrels0_synplify.tcl
ProductType: synplify_pro




log file: "C:\Users\crist\Desktop\Semestre 2021 - 2\Arquitectura de computadoras\Parcial 1\Practicas\shiftsbarrels00\shiftsbarrels0\shiftsbarrels00_shiftsbarrels0.srr"
Running: hdl_info_gen in foreground

Generating HDL info...
Copied C:\Users\crist\Desktop\Semestre 2021 - 2\Arquitectura de computadoras\Parcial 1\Practicas\shiftsbarrels00\shiftsbarrels0\shiftsbarrels00_shiftsbarrels0.srr to C:\Users\crist\Desktop\Semestre 2021 - 2\Arquitectura de computadoras\Parcial 1\Practicas\shiftsbarrels00\shiftsbarrels0\shiftsbarrels00_shiftsbarrels0.srf

hdl_info_gen completed
# Mon Mar 29 18:24:04 2021

Return Code: 0
Run Time:00h:00m:01s
log file: "C:\Users\crist\Desktop\Semestre 2021 - 2\Arquitectura de computadoras\Parcial 1\Practicas\shiftsbarrels00\shiftsbarrels0\shiftsbarrels00_shiftsbarrels0.srr"
Running: shiftsbarrels0 in foreground

Running proj_1|shiftsbarrels0

Running Flow: compile (Compile) on proj_1|shiftsbarrels0
# Mon Mar 29 18:24:04 2021

Running Flow: compile_flow (Compile Process) on proj_1|shiftsbarrels0
# Mon Mar 29 18:24:04 2021

Running: compiler (Compile Input) on proj_1|shiftsbarrels0
# Mon Mar 29 18:24:04 2021

compiler completed
# Mon Mar 29 18:24:05 2021

Return Code: 0
Run Time:00h:00m:01s

Running: multi_srs_gen (Multi-srs Generator) on proj_1|shiftsbarrels0
# Mon Mar 29 18:24:05 2021

multi_srs_gen completed
# Mon Mar 29 18:24:05 2021

Return Code: 0
Run Time:00h:00m:00s
Copied C:\Users\crist\Desktop\Semestre 2021 - 2\Arquitectura de computadoras\Parcial 1\Practicas\shiftsbarrels00\shiftsbarrels0\shiftsbarrels00_shiftsbarrels0.srr to C:\Users\crist\Desktop\Semestre 2021 - 2\Arquitectura de computadoras\Parcial 1\Practicas\shiftsbarrels00\shiftsbarrels0\shiftsbarrels00_shiftsbarrels0.srf
Complete: Compile Process on proj_1|shiftsbarrels0

Running: premap (Premap) on proj_1|shiftsbarrels0
# Mon Mar 29 18:24:05 2021

premap completed with warnings
# Mon Mar 29 18:24:08 2021

Return Code: 1
Run Time:00h:00m:03s
Complete: Compile on proj_1|shiftsbarrels0

Running Flow: map (Map) on proj_1|shiftsbarrels0
# Mon Mar 29 18:24:08 2021

Running: fpga_mapper (Map & Optimize) on proj_1|shiftsbarrels0
# Mon Mar 29 18:24:08 2021
Copied C:\Users\crist\Desktop\Semestre 2021 - 2\Arquitectura de computadoras\Parcial 1\Practicas\shiftsbarrels00\shiftsbarrels0\synwork\shiftsbarrels00_shiftsbarrels0_m.srm to C:\Users\crist\Desktop\Semestre 2021 - 2\Arquitectura de computadoras\Parcial 1\Practicas\shiftsbarrels00\shiftsbarrels0\shiftsbarrels00_shiftsbarrels0.srm

fpga_mapper completed with warnings
# Mon Mar 29 18:24:13 2021

Return Code: 1
Run Time:00h:00m:05s
Complete: Map on proj_1|shiftsbarrels0
Copied C:\Users\crist\Desktop\Semestre 2021 - 2\Arquitectura de computadoras\Parcial 1\Practicas\shiftsbarrels00\shiftsbarrels0\shiftsbarrels00_shiftsbarrels0.srr to C:\Users\crist\Desktop\Semestre 2021 - 2\Arquitectura de computadoras\Parcial 1\Practicas\shiftsbarrels00\shiftsbarrels0\shiftsbarrels00_shiftsbarrels0.srf
Complete: Logic Synthesis on proj_1|shiftsbarrels0
TCL script complete: "shiftsbarrels00_shiftsbarrels0_synplify.tcl"
exit status=0
exit status=0
Save changes for project:
C:\Users\crist\Desktop\Semestre 2021 - 2\Arquitectura de computadoras\Parcial 1\Practicas\shiftsbarrels00\shiftsbarrels0\proj_1.prj
batch mode default:no
