Running in Lattice mode

Starting:    C:\lscc\diamond\3.12\synpbase\bin64\mbin\synbatch.exe
Install:     C:\lscc\diamond\3.12\synpbase
Hostname:    DELL-CRISTIAN
Date:        Thu Mar 25 22:39:16 2021
Version:     Q-2020.03L-SP1

Arguments:   -product synplify_pro -batch barrelrotationLR00_barrelrotationLR0_synplify.tcl
ProductType: synplify_pro




log file: "C:\Users\crist\Desktop\Semestre 2021 - 2\Arquitectura de computadoras\Parcial 1\Practicas\barrelrotationLR00\barrelrotationLR0\barrelrotationLR00_barrelrotationLR0.srr"
Running: hdl_info_gen in foreground

Generating HDL info...

hdl_info_gen completed
# Thu Mar 25 22:39:17 2021

Return Code: 0
Run Time:00h:00m:01s
log file: "C:\Users\crist\Desktop\Semestre 2021 - 2\Arquitectura de computadoras\Parcial 1\Practicas\barrelrotationLR00\barrelrotationLR0\barrelrotationLR00_barrelrotationLR0.srr"
Running: barrelrotationLR0 in foreground

Running proj_1|barrelrotationLR0

Running Flow: compile (Compile) on proj_1|barrelrotationLR0
# Thu Mar 25 22:39:17 2021

Running Flow: compile_flow (Compile Process) on proj_1|barrelrotationLR0
# Thu Mar 25 22:39:17 2021

Running: compiler (Compile Input) on proj_1|barrelrotationLR0
# Thu Mar 25 22:39:17 2021
Copied C:\Users\crist\Desktop\Semestre 2021 - 2\Arquitectura de computadoras\Parcial 1\Practicas\barrelrotationLR00\barrelrotationLR0\synwork\barrelrotationLR00_barrelrotationLR0_comp.srs to C:\Users\crist\Desktop\Semestre 2021 - 2\Arquitectura de computadoras\Parcial 1\Practicas\barrelrotationLR00\barrelrotationLR0\barrelrotationLR00_barrelrotationLR0.srs

compiler completed
# Thu Mar 25 22:39:20 2021

Return Code: 0
Run Time:00h:00m:03s

Running: multi_srs_gen (Multi-srs Generator) on proj_1|barrelrotationLR0
# Thu Mar 25 22:39:20 2021

multi_srs_gen completed
# Thu Mar 25 22:39:20 2021

Return Code: 0
Run Time:00h:00m:00s
Copied C:\Users\crist\Desktop\Semestre 2021 - 2\Arquitectura de computadoras\Parcial 1\Practicas\barrelrotationLR00\barrelrotationLR0\synwork\barrelrotationLR00_barrelrotationLR0_mult.srs to C:\Users\crist\Desktop\Semestre 2021 - 2\Arquitectura de computadoras\Parcial 1\Practicas\barrelrotationLR00\barrelrotationLR0\barrelrotationLR00_barrelrotationLR0.srs
Copied C:\Users\crist\Desktop\Semestre 2021 - 2\Arquitectura de computadoras\Parcial 1\Practicas\barrelrotationLR00\barrelrotationLR0\barrelrotationLR00_barrelrotationLR0.srr to C:\Users\crist\Desktop\Semestre 2021 - 2\Arquitectura de computadoras\Parcial 1\Practicas\barrelrotationLR00\barrelrotationLR0\barrelrotationLR00_barrelrotationLR0.srf
Complete: Compile Process on proj_1|barrelrotationLR0

Running: premap (Premap) on proj_1|barrelrotationLR0
# Thu Mar 25 22:39:20 2021

premap completed with warnings
# Thu Mar 25 22:39:23 2021

Return Code: 1
Run Time:00h:00m:03s
Complete: Compile on proj_1|barrelrotationLR0

Running Flow: map (Map) on proj_1|barrelrotationLR0
# Thu Mar 25 22:39:23 2021

Running: fpga_mapper (Map & Optimize) on proj_1|barrelrotationLR0
# Thu Mar 25 22:39:23 2021
Copied C:\Users\crist\Desktop\Semestre 2021 - 2\Arquitectura de computadoras\Parcial 1\Practicas\barrelrotationLR00\barrelrotationLR0\synwork\barrelrotationLR00_barrelrotationLR0_m.srm to C:\Users\crist\Desktop\Semestre 2021 - 2\Arquitectura de computadoras\Parcial 1\Practicas\barrelrotationLR00\barrelrotationLR0\barrelrotationLR00_barrelrotationLR0.srm

fpga_mapper completed with warnings
# Thu Mar 25 22:39:29 2021

Return Code: 1
Run Time:00h:00m:06s
Complete: Map on proj_1|barrelrotationLR0
Copied C:\Users\crist\Desktop\Semestre 2021 - 2\Arquitectura de computadoras\Parcial 1\Practicas\barrelrotationLR00\barrelrotationLR0\barrelrotationLR00_barrelrotationLR0.srr to C:\Users\crist\Desktop\Semestre 2021 - 2\Arquitectura de computadoras\Parcial 1\Practicas\barrelrotationLR00\barrelrotationLR0\barrelrotationLR00_barrelrotationLR0.srf
Complete: Logic Synthesis on proj_1|barrelrotationLR0
TCL script complete: "barrelrotationLR00_barrelrotationLR0_synplify.tcl"
exit status=0
exit status=0
Save changes for project:
C:\Users\crist\Desktop\Semestre 2021 - 2\Arquitectura de computadoras\Parcial 1\Practicas\barrelrotationLR00\barrelrotationLR0\proj_1.prj
batch mode default:no
