
Loading design for application trce from file adder4bit00_adder4bit0.ncd.
Design name: adder4bit00
NCD version: 3.3
Vendor:      LATTICE
Device:      LCMXO2-7000HE
Package:     TQFP144
Performance: 5
Loading device for application trce from file 'xo2c7000.nph' in environment: C:/lscc/diamond/3.12/ispfpga.
Package Status:                     Final          Version 1.39.
Performance Hardware Data Status:   Final          Version 34.4.
Setup and Hold Report

--------------------------------------------------------------------------------
Lattice TRACE Report - Setup, Version Diamond (64-bit) 3.12.0.240.2
Fri Mar 12 22:16:24 2021

Copyright (c) 1991-1994 by NeoCAD Inc. All rights reserved.
Copyright (c) 1995 AT&T Corp.   All rights reserved.
Copyright (c) 1995-2001 Lucent Technologies Inc.  All rights reserved.
Copyright (c) 2001 Agere Systems   All rights reserved.
Copyright (c) 2002-2020 Lattice Semiconductor Corporation,  All rights reserved.

Report Information
------------------
Command line:    trce -v 10 -gt -sethld -sp 5 -sphld m -o adder4bit00_adder4bit0.twr -gui -msgset C:/Users/crist/Desktop/Semestre 2021 - 2/Arquitectura de computadoras/Practicas/adder4bit00/promote.xml adder4bit00_adder4bit0.ncd adder4bit00_adder4bit0.prf 
Design file:     adder4bit00_adder4bit0.ncd
Preference file: adder4bit00_adder4bit0.prf
Device,speed:    LCMXO2-7000HE,5
Report level:    verbose report, limited to 10 items per preference
--------------------------------------------------------------------------------

BLOCK ASYNCPATHS
BLOCK RESETPATHS
--------------------------------------------------------------------------------



================================================================================
Preference: Default path enumeration
            77 items scored, 0 timing errors detected.
--------------------------------------------------------------------------------

Report:   17.840ns delay SL to So[0]

   Name    Fanout   Delay (ns)          Site               Resource
PADI_DEL    ---     1.372         38.PAD to       38.PADDI SL
ROUTE         7     3.912       38.PADDI to     R25C22B.A1 SL_c
CTOF_DEL    ---     0.452     R25C22B.A1 to     R25C22B.F1 SLICE_1
ROUTE         2     0.392     R25C22B.F1 to     R25C22B.C0 SC[0]
CTOF_DEL    ---     0.452     R25C22B.C0 to     R25C22B.F0 SLICE_1
ROUTE         2     0.896     R25C22B.F0 to     R25C21C.B1 SC[1]
CTOF_DEL    ---     0.452     R25C21C.B1 to     R25C21C.F1 SLICE_0
ROUTE         2     0.392     R25C21C.F1 to     R25C21C.C0 SC[2]
CTOF_DEL    ---     0.452     R25C21C.C0 to     R25C21C.F0 SLICE_0
ROUTE         4     0.284     R25C21C.F0 to     R25C21B.D0 LED_c
CTOF_DEL    ---     0.452     R25C21B.D0 to     R25C21B.F0 SLICE_4
ROUTE         1     4.884     R25C21B.F0 to      109.PADDO So_c[0]
DOPAD_DEL   ---     3.448      109.PADDO to        109.PAD So[0]
                  --------
                   17.840   (39.7% logic, 60.3% route), 7 logic levels.

Report:   17.167ns delay SL to So[1]

   Name    Fanout   Delay (ns)          Site               Resource
PADI_DEL    ---     1.372         38.PAD to       38.PADDI SL
ROUTE         7     3.912       38.PADDI to     R25C22B.A1 SL_c
CTOF_DEL    ---     0.452     R25C22B.A1 to     R25C22B.F1 SLICE_1
ROUTE         2     0.392     R25C22B.F1 to     R25C22B.C0 SC[0]
CTOF_DEL    ---     0.452     R25C22B.C0 to     R25C22B.F0 SLICE_1
ROUTE         2     0.896     R25C22B.F0 to     R25C21C.B1 SC[1]
CTOF_DEL    ---     0.452     R25C21C.B1 to     R25C21C.F1 SLICE_0
ROUTE         2     0.392     R25C21C.F1 to     R25C21C.C0 SC[2]
CTOF_DEL    ---     0.452     R25C21C.C0 to     R25C21C.F0 SLICE_0
ROUTE         4     0.880     R25C21C.F0 to     R25C22D.A0 LED_c
CTOF_DEL    ---     0.452     R25C22D.A0 to     R25C22D.F0 SLICE_3
ROUTE         1     3.615     R25C22D.F0 to      111.PADDO So_c[1]
DOPAD_DEL   ---     3.448      111.PADDO to        111.PAD So[1]
                  --------
                   17.167   (41.2% logic, 58.8% route), 7 logic levels.

Report:   16.996ns delay SL to So[0]

   Name    Fanout   Delay (ns)          Site               Resource
PADI_DEL    ---     1.372         38.PAD to       38.PADDI SL
ROUTE         7     3.912       38.PADDI to     R25C22B.A0 SL_c
CTOF_DEL    ---     0.452     R25C22B.A0 to     R25C22B.F0 SLICE_1
ROUTE         2     0.896     R25C22B.F0 to     R25C21C.B1 SC[1]
CTOF_DEL    ---     0.452     R25C21C.B1 to     R25C21C.F1 SLICE_0
ROUTE         2     0.392     R25C21C.F1 to     R25C21C.C0 SC[2]
CTOF_DEL    ---     0.452     R25C21C.C0 to     R25C21C.F0 SLICE_0
ROUTE         4     0.284     R25C21C.F0 to     R25C21B.D0 LED_c
CTOF_DEL    ---     0.452     R25C21B.D0 to     R25C21B.F0 SLICE_4
ROUTE         1     4.884     R25C21B.F0 to      109.PADDO So_c[0]
DOPAD_DEL   ---     3.448      109.PADDO to        109.PAD So[0]
                  --------
                   16.996   (39.0% logic, 61.0% route), 6 logic levels.

Report:   16.912ns delay SL to So[2]

   Name    Fanout   Delay (ns)          Site               Resource
PADI_DEL    ---     1.372         38.PAD to       38.PADDI SL
ROUTE         7     3.912       38.PADDI to     R25C22B.A1 SL_c
CTOF_DEL    ---     0.452     R25C22B.A1 to     R25C22B.F1 SLICE_1
ROUTE         2     0.392     R25C22B.F1 to     R25C22B.C0 SC[0]
CTOF_DEL    ---     0.452     R25C22B.C0 to     R25C22B.F0 SLICE_1
ROUTE         2     0.896     R25C22B.F0 to     R25C21C.B1 SC[1]
CTOF_DEL    ---     0.452     R25C21C.B1 to     R25C21C.F1 SLICE_0
ROUTE         2     0.392     R25C21C.F1 to     R25C21C.C0 SC[2]
CTOF_DEL    ---     0.452     R25C21C.C0 to     R25C21C.F0 SLICE_0
ROUTE         4     0.625     R25C21C.F0 to     R25C21D.B0 LED_c
CTOF_DEL    ---     0.452     R25C21D.B0 to     R25C21D.F0 SLICE_2
ROUTE         1     3.615     R25C21D.F0 to      113.PADDO So_c[2]
DOPAD_DEL   ---     3.448      113.PADDO to        113.PAD So[2]
                  --------
                   16.912   (41.9% logic, 58.1% route), 7 logic levels.

Report:   16.323ns delay SL to So[1]

   Name    Fanout   Delay (ns)          Site               Resource
PADI_DEL    ---     1.372         38.PAD to       38.PADDI SL
ROUTE         7     3.912       38.PADDI to     R25C22B.A0 SL_c
CTOF_DEL    ---     0.452     R25C22B.A0 to     R25C22B.F0 SLICE_1
ROUTE         2     0.896     R25C22B.F0 to     R25C21C.B1 SC[1]
CTOF_DEL    ---     0.452     R25C21C.B1 to     R25C21C.F1 SLICE_0
ROUTE         2     0.392     R25C21C.F1 to     R25C21C.C0 SC[2]
CTOF_DEL    ---     0.452     R25C21C.C0 to     R25C21C.F0 SLICE_0
ROUTE         4     0.880     R25C21C.F0 to     R25C22D.A0 LED_c
CTOF_DEL    ---     0.452     R25C22D.A0 to     R25C22D.F0 SLICE_3
ROUTE         1     3.615     R25C22D.F0 to      111.PADDO So_c[1]
DOPAD_DEL   ---     3.448      111.PADDO to        111.PAD So[1]
                  --------
                   16.323   (40.6% logic, 59.4% route), 6 logic levels.

Report:   16.213ns delay SL to So[3]

   Name    Fanout   Delay (ns)          Site               Resource
PADI_DEL    ---     1.372         38.PAD to       38.PADDI SL
ROUTE         7     3.912       38.PADDI to     R25C22B.A1 SL_c
CTOF_DEL    ---     0.452     R25C22B.A1 to     R25C22B.F1 SLICE_1
ROUTE         2     0.392     R25C22B.F1 to     R25C22B.C0 SC[0]
CTOF_DEL    ---     0.452     R25C22B.C0 to     R25C22B.F0 SLICE_1
ROUTE         2     0.896     R25C22B.F0 to     R25C21C.B1 SC[1]
CTOF_DEL    ---     0.452     R25C21C.B1 to     R25C21C.F1 SLICE_0
ROUTE         2     0.862     R25C21C.F1 to     R25C21B.A1 SC[2]
CTOF_DEL    ---     0.452     R25C21B.A1 to     R25C21B.F1 SLICE_4
ROUTE         1     3.523     R25C21B.F1 to      115.PADDO So_c[3]
DOPAD_DEL   ---     3.448      115.PADDO to        115.PAD So[3]
                  --------
                   16.213   (40.9% logic, 59.1% route), 6 logic levels.

Report:   16.074ns delay SL to LED

   Name    Fanout   Delay (ns)          Site               Resource
PADI_DEL    ---     1.372         38.PAD to       38.PADDI SL
ROUTE         7     3.912       38.PADDI to     R25C22B.A1 SL_c
CTOF_DEL    ---     0.452     R25C22B.A1 to     R25C22B.F1 SLICE_1
ROUTE         2     0.392     R25C22B.F1 to     R25C22B.C0 SC[0]
CTOF_DEL    ---     0.452     R25C22B.C0 to     R25C22B.F0 SLICE_1
ROUTE         2     0.896     R25C22B.F0 to     R25C21C.B1 SC[1]
CTOF_DEL    ---     0.452     R25C21C.B1 to     R25C21C.F1 SLICE_0
ROUTE         2     0.392     R25C21C.F1 to     R25C21C.C0 SC[2]
CTOF_DEL    ---     0.452     R25C21C.C0 to     R25C21C.F0 SLICE_0
ROUTE         4     3.854     R25C21C.F0 to      125.PADDO LED_c
DOPAD_DEL   ---     3.448      125.PADDO to        125.PAD LED
                  --------
                   16.074   (41.2% logic, 58.8% route), 6 logic levels.

Report:   16.068ns delay SL to So[2]

   Name    Fanout   Delay (ns)          Site               Resource
PADI_DEL    ---     1.372         38.PAD to       38.PADDI SL
ROUTE         7     3.912       38.PADDI to     R25C22B.A0 SL_c
CTOF_DEL    ---     0.452     R25C22B.A0 to     R25C22B.F0 SLICE_1
ROUTE         2     0.896     R25C22B.F0 to     R25C21C.B1 SC[1]
CTOF_DEL    ---     0.452     R25C21C.B1 to     R25C21C.F1 SLICE_0
ROUTE         2     0.392     R25C21C.F1 to     R25C21C.C0 SC[2]
CTOF_DEL    ---     0.452     R25C21C.C0 to     R25C21C.F0 SLICE_0
ROUTE         4     0.625     R25C21C.F0 to     R25C21D.B0 LED_c
CTOF_DEL    ---     0.452     R25C21D.B0 to     R25C21D.F0 SLICE_2
ROUTE         1     3.615     R25C21D.F0 to      113.PADDO So_c[2]
DOPAD_DEL   ---     3.448      113.PADDO to        113.PAD So[2]
                  --------
                   16.068   (41.2% logic, 58.8% route), 6 logic levels.

Report:   15.805ns delay Bi[0] to So[0]

   Name    Fanout   Delay (ns)          Site               Resource
PADI_DEL    ---     1.372         54.PAD to       54.PADDI Bi[0]
ROUTE         2     1.877       54.PADDI to     R25C22B.D1 Bi_c[0]
CTOF_DEL    ---     0.452     R25C22B.D1 to     R25C22B.F1 SLICE_1
ROUTE         2     0.392     R25C22B.F1 to     R25C22B.C0 SC[0]
CTOF_DEL    ---     0.452     R25C22B.C0 to     R25C22B.F0 SLICE_1
ROUTE         2     0.896     R25C22B.F0 to     R25C21C.B1 SC[1]
CTOF_DEL    ---     0.452     R25C21C.B1 to     R25C21C.F1 SLICE_0
ROUTE         2     0.392     R25C21C.F1 to     R25C21C.C0 SC[2]
CTOF_DEL    ---     0.452     R25C21C.C0 to     R25C21C.F0 SLICE_0
ROUTE         4     0.284     R25C21C.F0 to     R25C21B.D0 LED_c
CTOF_DEL    ---     0.452     R25C21B.D0 to     R25C21B.F0 SLICE_4
ROUTE         1     4.884     R25C21B.F0 to      109.PADDO So_c[0]
DOPAD_DEL   ---     3.448      109.PADDO to        109.PAD So[0]
                  --------
                   15.805   (44.8% logic, 55.2% route), 7 logic levels.

Report:   15.664ns delay Ai[0] to So[0]

   Name    Fanout   Delay (ns)          Site               Resource
PADI_DEL    ---     1.372         56.PAD to       56.PADDI Ai[0]
ROUTE         2     1.736       56.PADDI to     R25C22B.B1 Ai_c[0]
CTOF_DEL    ---     0.452     R25C22B.B1 to     R25C22B.F1 SLICE_1
ROUTE         2     0.392     R25C22B.F1 to     R25C22B.C0 SC[0]
CTOF_DEL    ---     0.452     R25C22B.C0 to     R25C22B.F0 SLICE_1
ROUTE         2     0.896     R25C22B.F0 to     R25C21C.B1 SC[1]
CTOF_DEL    ---     0.452     R25C21C.B1 to     R25C21C.F1 SLICE_0
ROUTE         2     0.392     R25C21C.F1 to     R25C21C.C0 SC[2]
CTOF_DEL    ---     0.452     R25C21C.C0 to     R25C21C.F0 SLICE_0
ROUTE         4     0.284     R25C21C.F0 to     R25C21B.D0 LED_c
CTOF_DEL    ---     0.452     R25C21B.D0 to     R25C21B.F0 SLICE_4
ROUTE         1     4.884     R25C21B.F0 to      109.PADDO So_c[0]
DOPAD_DEL   ---     3.448      109.PADDO to        109.PAD So[0]
                  --------
                   15.664   (45.2% logic, 54.8% route), 7 logic levels.

Report:   17.840ns is the maximum delay for this preference.


================================================================================
Preference: Default net enumeration
            19 items scored, 0 timing errors detected.
--------------------------------------------------------------------------------

Report:    4.884ns maximum delay on So_c[0]

           Delays             Connection(s)
           4.884ns       R25C21B.F0 to 109.PADDO       

Report:    3.912ns maximum delay on SL_c

           Delays             Connection(s)
           3.589ns         38.PADDI to R25C21B.D1      
           3.912ns         38.PADDI to R25C22D.A1      
           3.340ns         38.PADDI to R25C21D.C1      
           3.912ns         38.PADDI to R25C22B.A1      
           3.912ns         38.PADDI to R25C22B.A0      
           3.589ns         38.PADDI to R25C21C.D1      
           3.143ns         38.PADDI to R25C21C.A0      

Report:    3.854ns maximum delay on LED_c

           Delays             Connection(s)
           3.854ns       R25C21C.F0 to 125.PADDO       
           0.284ns       R25C21C.F0 to R25C21B.D0      
           0.880ns       R25C21C.F0 to R25C22D.A0      
           0.625ns       R25C21C.F0 to R25C21D.B0      

Report:    3.615ns maximum delay on So_c[1]

           Delays             Connection(s)
           3.615ns       R25C22D.F0 to 111.PADDO       

Report:    3.615ns maximum delay on So_c[2]

           Delays             Connection(s)
           3.615ns       R25C21D.F0 to 113.PADDO       

Report:    3.523ns maximum delay on So_c[3]

           Delays             Connection(s)
           3.523ns       R25C21B.F1 to 115.PADDO       

Report:    2.724ns maximum delay on Ai_c[3]

           Delays             Connection(s)
           2.724ns         49.PADDI to R25C21B.B1      
           2.724ns         49.PADDI to R25C21C.B0      

Report:    2.609ns maximum delay on Ai_c[2]

           Delays             Connection(s)
           2.609ns         50.PADDI to R25C21D.A0      
           2.064ns         50.PADDI to R25C21C.C1      

Report:    2.566ns maximum delay on Bi_c[0]

           Delays             Connection(s)
           2.566ns         54.PADDI to R25C21B.A0      
           1.877ns         54.PADDI to R25C22B.D1      

Report:    2.302ns maximum delay on Bi_c[3]

           Delays             Connection(s)
           2.302ns         47.PADDI to R25C21B.C1      
           1.837ns         47.PADDI to R25C21C.D0      

Report:    4.884ns is the maximum delay for this preference.

Report Summary
--------------
----------------------------------------------------------------------------
Preference                              |   Constraint|       Actual|Levels
----------------------------------------------------------------------------
                                        |             |             |
Default path enumeration                |     0.000 ns|    17.840 ns|   0  
                                        |             |             |
Default net enumeration                 |     0.000 ns|     4.884 ns|   0  
                                        |             |             |
----------------------------------------------------------------------------


All preferences were met.


Clock Domains Analysis
------------------------

Found 0 clocks:


Timing summary (Setup):
---------------

Timing errors: 0  Score: 0
Cumulative negative slack: 0

Constraints cover 77 paths, 19 nets, and 39 connections (100.00% coverage)

--------------------------------------------------------------------------------

