
map -a "MachXO2" -p LCMXO2-7000HE -t TQFP144 -s 5 -oc Commercial   "ram00_ram0.ngd" -o "ram00_ram0_map.ncd" -pr "ram00_ram0.prf" -mp "ram00_ram0.mrp" -lpf "C:/Users/crist/Desktop/Semestre20212/Arquitectura de computadoras/Parcial 2/Practicas/ram00propia/ram00/ram0/ram00_ram0_synplify.lpf" -lpf "C:/Users/crist/Desktop/Semestre20212/Arquitectura de computadoras/Parcial 2/Practicas/ram00propia/ram00/ram00.lpf"  -c 0           
map:  version Diamond (64-bit) 3.12.0.240.2

Copyright (c) 1991-1994 by NeoCAD Inc. All rights reserved.
Copyright (c) 1995 AT&T Corp.   All rights reserved.
Copyright (c) 1995-2001 Lucent Technologies Inc.  All rights reserved.
Copyright (c) 2001 Agere Systems   All rights reserved.
Copyright (c) 2002-2020 Lattice Semiconductor Corporation,  All rights reserved.
   Process the file: ram00_ram0.ngd
   Picdevice="LCMXO2-7000HE"

   Pictype="TQFP144"

   Picspeed=5

   Remove unused logic

   Do not produce over sized NCDs.

Part used: LCMXO2-7000HETQFP144, Performance used: 5.

Loading device for application map from file 'xo2c7000.nph' in environment: C:/lscc/diamond/3.12/ispfpga.
Package Status:                     Final          Version 1.39.

Running general design DRC...

Removing unused logic...

Optimizing...




Design Summary:
   Number of registers:     59 out of  7209 (1%)
      PFU registers:           59 out of  6864 (1%)
      PIO registers:            0 out of   345 (0%)
   Number of SLICEs:       110 out of  3432 (3%)
      SLICEs as Logic/ROM:     86 out of  3432 (3%)
      SLICEs as RAM:           24 out of  2574 (1%)
      SLICEs as Carry:         23 out of  3432 (1%)
   Number of LUT4s:        220 out of  6864 (3%)
      Number used as logic LUTs:        126
      Number used as distributed RAM:    48
      Number used as ripple logic:       46
      Number used as shift registers:     0
   Number of PIO sites used: 40 + 4(JTAG) out of 115 (38%)
   Number of block RAMs:  0 out of 26 (0%)
   Number of GSRs:        0 out of 1 (0%)
   EFB used :        No
   JTAG used :       No
   Readback used :   No
   Oscillator used : Yes
   Startup used :    No
   POR :             On
   Bandgap :         On
   Number of Power Controller:  0 out of 1 (0%)
   Number of Dynamic Bank Controller (BCINRD):  0 out of 6 (0%)
   Number of Dynamic Bank Controller (BCLVDSO):  0 out of 1 (0%)
   Number of DCCA:  0 out of 8 (0%)
   Number of DCMA:  0 out of 2 (0%)
   Number of PLLs:  0 out of 2 (0%)
   Number of DQSDLLs:  0 out of 2 (0%)
   Number of CLKDIVC:  0 out of 4 (0%)
   Number of ECLKSYNCA:  0 out of 4 (0%)
   Number of ECLKBRIDGECS:  0 out of 2 (0%)
   Notes:-
      1. Total number of LUT4s = (Number of logic LUT4s) + 2*(Number of distributed RAMs) + 2*(Number of ripple logic)
      2. Number of logic LUT4s does not include count of distributed RAM and ripple logic.
   Number of clocks:  2
     Net clk0_c: 44 loads, 44 rising, 0 falling (Driver: RA00/OSC01/oscout )
     Net RA00/sclk: 13 loads, 13 rising, 0 falling (Driver: RA00/OSC00/OSCInst0 )
   Number of Clock Enables:  7
     Net RA03.pram.outwordra10_i: 7 loads, 7 LSLICEs
     Net RA02/un1_outcoderc65_2_i: 5 loads, 5 LSLICEs
     Net RA02/un1_outcoderc65_2_1_i: 1 loads, 1 LSLICEs
     Net RA02/un1_outcoderc64_3_0_a2: 1 loads, 1 LSLICEs
     Net RA02/un1_outcoderc64_0_a2: 1 loads, 1 LSLICEs
     Net RA02/un1_outcoderc64_1_0_a2: 1 loads, 1 LSLICEs
     Net RA02/un1_outcoderc64_2_0_a2: 1 loads, 1 LSLICEs
   Number of LSRs:  4
     Net re0_c: 17 loads, 17 LSLICEs
     Net RA04/N_187_i: 4 loads, 4 LSLICEs
     Net RA02/outcoderc62: 1 loads, 1 LSLICEs
     Net RA00/OSC01/oscout_0_sqmuxa_RNIVIJM: 12 loads, 12 LSLICEs
   Number of nets driven by tri-state buffers:  0
   Top 10 highest fanout non-clock nets:
     Net re0_c: 38 loads
     Net outcontRead0_c[0]: 31 loads
     Net outcontRead0_c[1]: 31 loads
     Net outcontRead0_c[2]: 31 loads
     Net outcontRead0_c[3]: 31 loads
     Net outr0_c[2]: 18 loads
     Net outcontRead0_c[5]: 17 loads
     Net outr0_c[3]: 16 loads
     Net outr0_c[1]: 15 loads
     Net rw0_c: 15 loads
 

   Number of warnings:  0
   Number of errors:    0



Total CPU Time: 0 secs  
Total REAL Time: 0 secs  
Peak Memory Usage: 59 MB

Dumping design to file ram00_ram0_map.ncd.

mpartrce -p "ram00_ram0.p2t" -f "ram00_ram0.p3t" -tf "ram00_ram0.pt" "ram00_ram0_map.ncd" "ram00_ram0.ncd"

---- MParTrce Tool ----
Removing old design directory at request of -rem command line option to this program.
Running par. Please wait . . .

Lattice Place and Route Report for Design "ram00_ram0_map.ncd"
Thu Apr 29 17:30:30 2021

PAR: Place And Route Diamond (64-bit) 3.12.0.240.2.
Command Line: par -w -l 5 -i 6 -t 1 -c 0 -e 0 -gui -msgset "C:/Users/crist/Desktop/Semestre20212/Arquitectura de computadoras/Parcial 2/Practicas/ram00propia/ram00/promote.xml" -exp parUseNBR=1:parCDP=0:parCDR=0:parPathBased=OFF:parASE=1 ram00_ram0_map.ncd ram00_ram0.dir/5_1.ncd ram00_ram0.prf
Preference file: ram00_ram0.prf.
Placement level-cost: 5-1.
Routing Iterations: 6

Loading design for application par from file ram00_ram0_map.ncd.
Design name: ram00
NCD version: 3.3
Vendor:      LATTICE
Device:      LCMXO2-7000HE
Package:     TQFP144
Performance: 5
Loading device for application par from file 'xo2c7000.nph' in environment: C:/lscc/diamond/3.12/ispfpga.
Package Status:                     Final          Version 1.39.
Performance Hardware Data Status:   Final          Version 34.4.
License checked out.


Ignore Preference Error(s):  True
Device utilization summary:

   PIO (prelim)   40+4(JTAG)/336     13% used
                  40+4(JTAG)/115     38% bonded

   SLICE            110/3432          3% used

   OSC                1/1           100% used


Number of Signals: 331
Number of Connections: 984

Pin Constraint Summary:
   40 out of 40 pins locked (100% locked).

The following 2 signals are selected to use the primary clock routing resources:
    clk0_c (driver: RA00/OSC01/SLICE_52, clk load #: 44)
    RA00/sclk (driver: RA00/OSC00/OSCInst0, clk load #: 13)


The following 2 signals are selected to use the secondary clock routing resources:
    re0_c (driver: re0, clk load #: 0, sr load #: 17, ce load #: 0)
    RA00/OSC01/oscout_0_sqmuxa_RNIVIJM (driver: RA00/OSC01/SLICE_87, clk load #: 0, sr load #: 12, ce load #: 0)

    <postMsg mid="61061008" type="Warning" dynamic="5" navigation="0" arg0="re0_c" arg1="Secondary" arg2="re0" arg3="54" arg4="Secondary"  />
No signal is selected as Global Set/Reset.
Starting Placer Phase 0.
.....
Finished Placer Phase 0.  REAL time: 2 secs 

Starting Placer Phase 1.
...................
Placer score = 72798.
Finished Placer Phase 1.  REAL time: 8 secs 

Starting Placer Phase 2.
.
Placer score =  72620
Finished Placer Phase 2.  REAL time: 8 secs 


------------------ Clock Report ------------------

Global Clock Resources:
  CLK_PIN    : 0 out of 8 (0%)
  General PIO: 1 out of 336 (0%)
  PLL        : 0 out of 2 (0%)
  DCM        : 0 out of 2 (0%)
  DCC        : 0 out of 8 (0%)

Global Clocks:
  PRIMARY "clk0_c" from Q0 on comp "RA00/OSC01/SLICE_52" on site "R2C19B", clk load = 44
  PRIMARY "RA00/sclk" from OSC on comp "RA00/OSC00/OSCInst0" on site "OSC", clk load = 13
  SECONDARY "re0_c" from comp "re0" on PIO site "54 (PB18B)", clk load = 0, ce load = 0, sr load = 17
  SECONDARY "RA00/OSC01/oscout_0_sqmuxa_RNIVIJM" from F0 on comp "RA00/OSC01/SLICE_87" on site "R21C18D", clk load = 0, ce load = 0, sr load = 12

  PRIMARY  : 2 out of 8 (25%)
  SECONDARY: 2 out of 8 (25%)

Edge Clocks:
  No edge clock selected.

--------------- End of Clock Report ---------------


I/O Usage Summary (final):
   40 + 4(JTAG) out of 336 (13.1%) PIO sites used.
   40 + 4(JTAG) out of 115 (38.3%) bonded PIO sites used.
   Number of PIO comps: 40; differential: 0.
   Number of Vref pins used: 0.

I/O Bank Usage Summary:
+----------+----------------+------------+-----------+
| I/O Bank | Usage          | Bank Vccio | Bank Vref |
+----------+----------------+------------+-----------+
| 0        | 11 / 28 ( 39%) | 2.5V       | -         |
| 1        | 8 / 29 ( 27%)  | 2.5V       | -         |
| 2        | 7 / 29 ( 24%)  | 2.5V       | -         |
| 3        | 4 / 9 ( 44%)   | 2.5V       | -         |
| 4        | 7 / 10 ( 70%)  | 2.5V       | -         |
| 5        | 3 / 10 ( 30%)  | 2.5V       | -         |
+----------+----------------+------------+-----------+

Total placer CPU time: 7 secs 

Dumping design to file ram00_ram0.dir/5_1.ncd.

0 connections routed; 984 unrouted.
Starting router resource preassignment

Completed router resource preassignment. Real time: 11 secs 

Start NBR router at 17:30:41 04/29/21

*****************************************************************
Info: NBR allows conflicts(one node used by more than one signal)
      in the earlier iterations. In each iteration, it tries to  
      solve the conflicts while keeping the critical connections 
      routed as short as possible. The routing process is said to
      be completed when no conflicts exist and all connections   
      are routed.                                                
Note: NBR uses a different method to calculate timing slacks. The
      worst slack and total negative slack may not be the same as
      that in TRCE report. You should always run TRCE to verify  
      your design.                                               
*****************************************************************

Start NBR special constraint process at 17:30:41 04/29/21

Start NBR section for initial routing at 17:30:41 04/29/21
Level 4, iteration 1
29(0.01%) conflicts; 0(0.00%) untouched conn; 0 (nbr) score; 
Estimated worst slack/total negative slack<setup>: 466.122ns/0.000ns; real time: 11 secs 

Info: Initial congestion level at 75% usage is 0
Info: Initial congestion area  at 75% usage is 0 (0.00%)

Start NBR section for normal routing at 17:30:41 04/29/21
Level 4, iteration 1
10(0.00%) conflicts; 0(0.00%) untouched conn; 0 (nbr) score; 
Estimated worst slack/total negative slack<setup>: 466.122ns/0.000ns; real time: 12 secs 
Level 4, iteration 2
8(0.00%) conflicts; 0(0.00%) untouched conn; 0 (nbr) score; 
Estimated worst slack/total negative slack<setup>: 466.122ns/0.000ns; real time: 12 secs 
Level 4, iteration 3
1(0.00%) conflict; 0(0.00%) untouched conn; 0 (nbr) score; 
Estimated worst slack/total negative slack<setup>: 466.122ns/0.000ns; real time: 12 secs 
Level 4, iteration 4
0(0.00%) conflict; 0(0.00%) untouched conn; 0 (nbr) score; 
Estimated worst slack/total negative slack<setup>: 466.122ns/0.000ns; real time: 12 secs 

Start NBR section for setup/hold timing optimization with effort level 3 at 17:30:42 04/29/21

Start NBR section for re-routing at 17:30:42 04/29/21
Level 4, iteration 1
0(0.00%) conflict; 0(0.00%) untouched conn; 0 (nbr) score; 
Estimated worst slack/total negative slack<setup>: 466.122ns/0.000ns; real time: 12 secs 

Start NBR section for post-routing at 17:30:42 04/29/21

End NBR router with 0 unrouted connection

NBR Summary
-----------
  Number of unrouted connections : 0 (0.00%)
  Number of connections with timing violations : 0 (0.00%)
  Estimated worst slack<setup> : 466.122ns
  Timing score<setup> : 0
-----------
Notes: The timing info is calculated for SETUP only and all PAR_ADJs are ignored.



Total CPU time 12 secs 
Total REAL time: 13 secs 
Completely routed.
End of route.  984 routed (100.00%); 0 unrouted.

Hold time timing score: 0, hold timing errors: 0

Timing score: 0 

Dumping design to file ram00_ram0.dir/5_1.ncd.


PAR_SUMMARY::Run status = Completed
PAR_SUMMARY::Number of unrouted conns = 0
PAR_SUMMARY::Worst  slack<setup/<ns>> = 466.122
PAR_SUMMARY::Timing score<setup/<ns>> = 0.000
PAR_SUMMARY::Worst  slack<hold /<ns>> = 0.379
PAR_SUMMARY::Timing score<hold /<ns>> = 0.000
PAR_SUMMARY::Number of errors = 0

Total CPU  time to completion: 12 secs 
Total REAL time to completion: 13 secs 

par done!

Note: user must run 'Trace' for timing closure signoff.

Copyright (c) 1991-1994 by NeoCAD Inc. All rights reserved.
Copyright (c) 1995 AT&T Corp.   All rights reserved.
Copyright (c) 1995-2001 Lucent Technologies Inc.  All rights reserved.
Copyright (c) 2001 Agere Systems   All rights reserved.
Copyright (c) 2002-2020 Lattice Semiconductor Corporation,  All rights reserved.
Exiting par with exit code 0
Exiting mpartrce with exit code 0

trce -f "ram00_ram0.pt" -o "ram00_ram0.twr" "ram00_ram0.ncd" "ram00_ram0.prf"
trce:  version Diamond (64-bit) 3.12.0.240.2

Copyright (c) 1991-1994 by NeoCAD Inc. All rights reserved.
Copyright (c) 1995 AT&T Corp.   All rights reserved.
Copyright (c) 1995-2001 Lucent Technologies Inc.  All rights reserved.
Copyright (c) 2001 Agere Systems   All rights reserved.
Copyright (c) 2002-2020 Lattice Semiconductor Corporation,  All rights reserved.

Loading design for application trce from file ram00_ram0.ncd.
Design name: ram00
NCD version: 3.3
Vendor:      LATTICE
Device:      LCMXO2-7000HE
Package:     TQFP144
Performance: 5
Loading device for application trce from file 'xo2c7000.nph' in environment: C:/lscc/diamond/3.12/ispfpga.
Package Status:                     Final          Version 1.39.
Performance Hardware Data Status:   Final          Version 34.4.
Setup and Hold Report

--------------------------------------------------------------------------------
Lattice TRACE Report - Setup, Version Diamond (64-bit) 3.12.0.240.2
Thu Apr 29 17:30:44 2021

Copyright (c) 1991-1994 by NeoCAD Inc. All rights reserved.
Copyright (c) 1995 AT&T Corp.   All rights reserved.
Copyright (c) 1995-2001 Lucent Technologies Inc.  All rights reserved.
Copyright (c) 2001 Agere Systems   All rights reserved.
Copyright (c) 2002-2020 Lattice Semiconductor Corporation,  All rights reserved.

Report Information
------------------
Command line:    trce -v 10 -gt -sethld -sp 5 -sphld m -o ram00_ram0.twr -gui -msgset C:/Users/crist/Desktop/Semestre20212/Arquitectura de computadoras/Parcial 2/Practicas/ram00propia/ram00/promote.xml ram00_ram0.ncd ram00_ram0.prf 
Design file:     ram00_ram0.ncd
Preference file: ram00_ram0.prf
Device,speed:    LCMXO2-7000HE,5
Report level:    verbose report, limited to 10 items per preference
--------------------------------------------------------------------------------

BLOCK ASYNCPATHS
BLOCK RESETPATHS
--------------------------------------------------------------------------------



Timing summary (Setup):
---------------

Timing errors: 0  Score: 0
Cumulative negative slack: 0

Constraints cover 6700 paths, 1 nets, and 726 connections (73.78% coverage)

--------------------------------------------------------------------------------
Lattice TRACE Report - Hold, Version Diamond (64-bit) 3.12.0.240.2
Thu Apr 29 17:30:44 2021

Copyright (c) 1991-1994 by NeoCAD Inc. All rights reserved.
Copyright (c) 1995 AT&T Corp.   All rights reserved.
Copyright (c) 1995-2001 Lucent Technologies Inc.  All rights reserved.
Copyright (c) 2001 Agere Systems   All rights reserved.
Copyright (c) 2002-2020 Lattice Semiconductor Corporation,  All rights reserved.

Report Information
------------------
Command line:    trce -v 10 -gt -sethld -sp 5 -sphld m -o ram00_ram0.twr -gui -msgset C:/Users/crist/Desktop/Semestre20212/Arquitectura de computadoras/Parcial 2/Practicas/ram00propia/ram00/promote.xml ram00_ram0.ncd ram00_ram0.prf 
Design file:     ram00_ram0.ncd
Preference file: ram00_ram0.prf
Device,speed:    LCMXO2-7000HE,m
Report level:    verbose report, limited to 10 items per preference
--------------------------------------------------------------------------------

BLOCK ASYNCPATHS
BLOCK RESETPATHS
--------------------------------------------------------------------------------



Timing summary (Hold):
---------------

Timing errors: 0  Score: 0
Cumulative negative slack: 0

Constraints cover 6700 paths, 1 nets, and 726 connections (73.78% coverage)



Timing summary (Setup and Hold):
---------------

Timing errors: 0 (setup), 0 (hold)
Score: 0 (setup), 0 (hold)
Cumulative negative slack: 0 (0+0)
--------------------------------------------------------------------------------

--------------------------------------------------------------------------------

Total CPU Time: 1 secs 
Total REAL Time: 0 secs 
Peak Memory Usage: 67 MB


tmcheck -par "ram00_ram0.par" 

bitgen -f "ram00_ram0.t2b" -w "ram00_ram0.ncd"  -jedec "ram00_ram0.prf"


BITGEN: Bitstream Generator Diamond (64-bit) 3.12.0.240.2
Copyright (c) 1991-1994 by NeoCAD Inc. All rights reserved.
Copyright (c) 1995 AT&T Corp.   All rights reserved.
Copyright (c) 1995-2001 Lucent Technologies Inc.  All rights reserved.
Copyright (c) 2001 Agere Systems   All rights reserved.
Copyright (c) 2002-2020 Lattice Semiconductor Corporation,  All rights reserved.


Loading design for application Bitgen from file ram00_ram0.ncd.
Design name: ram00
NCD version: 3.3
Vendor:      LATTICE
Device:      LCMXO2-7000HE
Package:     TQFP144
Performance: 5
Loading device for application Bitgen from file 'xo2c7000.nph' in environment: C:/lscc/diamond/3.12/ispfpga.
Package Status:                     Final          Version 1.39.
Performance Hardware Data Status:   Final          Version 34.4.

Running DRC.
DRC detected 0 errors and 0 warnings.
Reading Preference File from ram00_ram0.prf.

Preference Summary:
+---------------------------------+---------------------------------+
|  Preference                     |  Current Setting                |
+---------------------------------+---------------------------------+
|                         RamCfg  |                        Reset**  |
+---------------------------------+---------------------------------+
|                     MCCLK_FREQ  |                         2.08**  |
+---------------------------------+---------------------------------+
|                  CONFIG_SECURE  |                          OFF**  |
+---------------------------------+---------------------------------+
|                          INBUF  |                           ON**  |
+---------------------------------+---------------------------------+
|                      JTAG_PORT  |                       ENABLE**  |
+---------------------------------+---------------------------------+
|                       SDM_PORT  |                      DISABLE**  |
+---------------------------------+---------------------------------+
|                 SLAVE_SPI_PORT  |                      DISABLE**  |
+---------------------------------+---------------------------------+
|                MASTER_SPI_PORT  |                      DISABLE**  |
+---------------------------------+---------------------------------+
|                       I2C_PORT  |                      DISABLE**  |
+---------------------------------+---------------------------------+
|        MUX_CONFIGURATION_PORTS  |                      DISABLE**  |
+---------------------------------+---------------------------------+
|                  CONFIGURATION  |                          CFG**  |
+---------------------------------+---------------------------------+
|                COMPRESS_CONFIG  |                           ON**  |
+---------------------------------+---------------------------------+
|                        MY_ASSP  |                          OFF**  |
+---------------------------------+---------------------------------+
|               ONE_TIME_PROGRAM  |                          OFF**  |
+---------------------------------+---------------------------------+
|                 ENABLE_TRANSFR  |                      DISABLE**  |
+---------------------------------+---------------------------------+
|                  SHAREDEBRINIT  |                      DISABLE**  |
+---------------------------------+---------------------------------+
|            BACKGROUND_RECONFIG  |                          OFF**  |
+---------------------------------+---------------------------------+
 *  Default setting.
 ** The specified setting matches the default setting.


Creating bit map...
 
Bitstream Status: Final           Version 1.95.
 
Saving bit stream in "ram00_ram0.jed".
 
===========
UFM Summary.
===========
UFM Size:        2046 Pages (128*2046 Bits).
UFM Utilization: General Purpose Flash Memory.
 
Available General Purpose Flash Memory: 2046 Pages (Page 0 to Page 2045).
Initialized UFM Pages:                     0 Page.
 
Total CPU Time: 4 secs 
Total REAL Time: 5 secs 
Peak Memory Usage: 290 MB
