Running in Lattice mode

Starting:    C:\lscc\diamond\3.12\synpbase\bin64\mbin\synbatch.exe
Install:     C:\lscc\diamond\3.12\synpbase
Hostname:    DELL-CRISTIAN
Date:        Thu Apr 15 18:21:44 2021
Version:     Q-2020.03L-SP1

Arguments:   -product synplify_pro -batch key00_key0_synplify.tcl
ProductType: synplify_pro




log file: "C:\Users\crist\Desktop\Semestre20212\Arquitectura de computadoras\Parcial 2\Practicas\key00\key0\key00_key0.srr"
Running: hdl_info_gen in foreground

Generating HDL info...
Copied C:\Users\crist\Desktop\Semestre20212\Arquitectura de computadoras\Parcial 2\Practicas\key00\key0\key00_key0.srr to C:\Users\crist\Desktop\Semestre20212\Arquitectura de computadoras\Parcial 2\Practicas\key00\key0\key00_key0.srf

hdl_info_gen completed
# Thu Apr 15 18:21:45 2021

Return Code: 0
Run Time:00h:00m:01s
log file: "C:\Users\crist\Desktop\Semestre20212\Arquitectura de computadoras\Parcial 2\Practicas\key00\key0\key00_key0.srr"
Running: key0 in foreground

Running proj_1|key0

Running Flow: compile (Compile) on proj_1|key0
# Thu Apr 15 18:21:45 2021

Running Flow: compile_flow (Compile Process) on proj_1|key0
# Thu Apr 15 18:21:45 2021

Running: compiler (Compile Input) on proj_1|key0
# Thu Apr 15 18:21:45 2021
Copied C:\Users\crist\Desktop\Semestre20212\Arquitectura de computadoras\Parcial 2\Practicas\key00\key0\synwork\key00_key0_comp.srs to C:\Users\crist\Desktop\Semestre20212\Arquitectura de computadoras\Parcial 2\Practicas\key00\key0\key00_key0.srs

compiler completed
# Thu Apr 15 18:21:49 2021

Return Code: 0
Run Time:00h:00m:04s

Running: multi_srs_gen (Multi-srs Generator) on proj_1|key0
# Thu Apr 15 18:21:49 2021

multi_srs_gen completed
# Thu Apr 15 18:21:49 2021

Return Code: 0
Run Time:00h:00m:00s
Copied C:\Users\crist\Desktop\Semestre20212\Arquitectura de computadoras\Parcial 2\Practicas\key00\key0\synwork\key00_key0_mult.srs to C:\Users\crist\Desktop\Semestre20212\Arquitectura de computadoras\Parcial 2\Practicas\key00\key0\key00_key0.srs
Copied C:\Users\crist\Desktop\Semestre20212\Arquitectura de computadoras\Parcial 2\Practicas\key00\key0\key00_key0.srr to C:\Users\crist\Desktop\Semestre20212\Arquitectura de computadoras\Parcial 2\Practicas\key00\key0\key00_key0.srf
Complete: Compile Process on proj_1|key0

Running: premap (Premap) on proj_1|key0
# Thu Apr 15 18:21:49 2021

premap completed with warnings
# Thu Apr 15 18:21:52 2021

Return Code: 1
Run Time:00h:00m:03s
Complete: Compile on proj_1|key0

Running Flow: map (Map) on proj_1|key0
# Thu Apr 15 18:21:52 2021

Running: fpga_mapper (Map & Optimize) on proj_1|key0
# Thu Apr 15 18:21:52 2021
Copied C:\Users\crist\Desktop\Semestre20212\Arquitectura de computadoras\Parcial 2\Practicas\key00\key0\synwork\key00_key0_m.srm to C:\Users\crist\Desktop\Semestre20212\Arquitectura de computadoras\Parcial 2\Practicas\key00\key0\key00_key0.srm

fpga_mapper completed with warnings
# Thu Apr 15 18:21:57 2021

Return Code: 1
Run Time:00h:00m:05s
Complete: Map on proj_1|key0
Copied C:\Users\crist\Desktop\Semestre20212\Arquitectura de computadoras\Parcial 2\Practicas\key00\key0\key00_key0.srr to C:\Users\crist\Desktop\Semestre20212\Arquitectura de computadoras\Parcial 2\Practicas\key00\key0\key00_key0.srf
Complete: Logic Synthesis on proj_1|key0
TCL script complete: "key00_key0_synplify.tcl"
exit status=0
exit status=0
Save changes for project:
C:\Users\crist\Desktop\Semestre20212\Arquitectura de computadoras\Parcial 2\Practicas\key00\key0\proj_1.prj
batch mode default:no
