Running in Lattice mode

Starting:    C:\lscc\diamond\3.12\synpbase\bin64\mbin\synbatch.exe
Install:     C:\lscc\diamond\3.12\synpbase
Hostname:    DELL-CRISTIAN
Date:        Thu Mar 25 13:41:40 2021
Version:     Q-2020.03L-SP1

Arguments:   -product synplify_pro -batch rotationRL00_rotationRL0_synplify.tcl
ProductType: synplify_pro




log file: "C:\Users\crist\Desktop\Semestre 2021 - 2\Arquitectura de computadoras\Parcial 1\Practicas\rotationRL00\rotationRL0\rotationRL00_rotationRL0.srr"
Running: hdl_info_gen in foreground

Generating HDL info...

hdl_info_gen completed
# Thu Mar 25 13:41:41 2021

Return Code: 0
Run Time:00h:00m:00s
log file: "C:\Users\crist\Desktop\Semestre 2021 - 2\Arquitectura de computadoras\Parcial 1\Practicas\rotationRL00\rotationRL0\rotationRL00_rotationRL0.srr"
Running: rotationRL0 in foreground

Running proj_1|rotationRL0

Running Flow: compile (Compile) on proj_1|rotationRL0
# Thu Mar 25 13:41:41 2021

Running Flow: compile_flow (Compile Process) on proj_1|rotationRL0
# Thu Mar 25 13:41:41 2021

Running: compiler (Compile Input) on proj_1|rotationRL0
# Thu Mar 25 13:41:41 2021
Copied C:\Users\crist\Desktop\Semestre 2021 - 2\Arquitectura de computadoras\Parcial 1\Practicas\rotationRL00\rotationRL0\synwork\rotationRL00_rotationRL0_comp.srs to C:\Users\crist\Desktop\Semestre 2021 - 2\Arquitectura de computadoras\Parcial 1\Practicas\rotationRL00\rotationRL0\rotationRL00_rotationRL0.srs

compiler completed
# Thu Mar 25 13:41:45 2021

Return Code: 0
Run Time:00h:00m:04s

Running: multi_srs_gen (Multi-srs Generator) on proj_1|rotationRL0
# Thu Mar 25 13:41:45 2021

multi_srs_gen completed
# Thu Mar 25 13:41:45 2021

Return Code: 0
Run Time:00h:00m:00s
Copied C:\Users\crist\Desktop\Semestre 2021 - 2\Arquitectura de computadoras\Parcial 1\Practicas\rotationRL00\rotationRL0\synwork\rotationRL00_rotationRL0_mult.srs to C:\Users\crist\Desktop\Semestre 2021 - 2\Arquitectura de computadoras\Parcial 1\Practicas\rotationRL00\rotationRL0\rotationRL00_rotationRL0.srs
Copied C:\Users\crist\Desktop\Semestre 2021 - 2\Arquitectura de computadoras\Parcial 1\Practicas\rotationRL00\rotationRL0\rotationRL00_rotationRL0.srr to C:\Users\crist\Desktop\Semestre 2021 - 2\Arquitectura de computadoras\Parcial 1\Practicas\rotationRL00\rotationRL0\rotationRL00_rotationRL0.srf
Complete: Compile Process on proj_1|rotationRL0

Running: premap (Premap) on proj_1|rotationRL0
# Thu Mar 25 13:41:45 2021

premap completed with warnings
# Thu Mar 25 13:41:48 2021

Return Code: 1
Run Time:00h:00m:03s
Complete: Compile on proj_1|rotationRL0

Running Flow: map (Map) on proj_1|rotationRL0
# Thu Mar 25 13:41:48 2021

Running: fpga_mapper (Map & Optimize) on proj_1|rotationRL0
# Thu Mar 25 13:41:48 2021
Copied C:\Users\crist\Desktop\Semestre 2021 - 2\Arquitectura de computadoras\Parcial 1\Practicas\rotationRL00\rotationRL0\synwork\rotationRL00_rotationRL0_m.srm to C:\Users\crist\Desktop\Semestre 2021 - 2\Arquitectura de computadoras\Parcial 1\Practicas\rotationRL00\rotationRL0\rotationRL00_rotationRL0.srm

fpga_mapper completed with warnings
# Thu Mar 25 13:41:53 2021

Return Code: 1
Run Time:00h:00m:05s
Complete: Map on proj_1|rotationRL0
Copied C:\Users\crist\Desktop\Semestre 2021 - 2\Arquitectura de computadoras\Parcial 1\Practicas\rotationRL00\rotationRL0\rotationRL00_rotationRL0.srr to C:\Users\crist\Desktop\Semestre 2021 - 2\Arquitectura de computadoras\Parcial 1\Practicas\rotationRL00\rotationRL0\rotationRL00_rotationRL0.srf
Complete: Logic Synthesis on proj_1|rotationRL0
TCL script complete: "rotationRL00_rotationRL0_synplify.tcl"
exit status=0
exit status=0
Save changes for project:
C:\Users\crist\Desktop\Semestre 2021 - 2\Arquitectura de computadoras\Parcial 1\Practicas\rotationRL00\rotationRL0\proj_1.prj
batch mode default:no
