
Copyright (C) 1994-2020 Synopsys, Inc.
This Synopsys software and all associated documentation are proprietary to Synopsys, Inc.
and may only be used pursuant to the terms and conditions of a written license agreement
with Synopsys, Inc. All other use, reproduction, modification, or distribution of the
Synopsys software or the associated documentation is strictly prohibited.
Tool: Synplify Pro (R)
Build: Q-2020.03L-SP1
Install: C:\lscc\diamond\3.12\synpbase
OS: Windows 6.2

Hostname: DELL-CRISTIAN

Implementation : osc0
Synopsys HDL compiler and linker, Version comp202003synp2, Build 182R, Built Oct 29 2020 10:49:53, @

Modified Files: 3
FID:  path (prevtimestamp, timestamp)
0        C:\Users\crist\Desktop\Semestre 2021 - 2\Arquitectura de computadoras\Parcial 1\Practicas\osc00\div00.vhdl (2021-03-20 09:04:08, 2021-03-22 10:49:19)
13       C:\Users\crist\Desktop\Semestre 2021 - 2\Arquitectura de computadoras\Parcial 1\Practicas\osc00\osc00.vhdl (N/A, 2021-03-22 10:49:43)
14       C:\Users\crist\Desktop\Semestre 2021 - 2\Arquitectura de computadoras\Parcial 1\Practicas\osc00\packageosc00.vhdl (N/A, 2021-03-22 10:49:30)

*******************************************************************
Modules that may have changed as a result of file changes: 3
MID:  lib.cell.view
0        work.div00.div0 may have changed because the following files changed:
                        C:\Users\crist\Desktop\Semestre 2021 - 2\Arquitectura de computadoras\Parcial 1\Practicas\osc00\div00.vhdl (2021-03-20 09:04:08, 2021-03-22 10:49:19) <-- (architecture and entity definition)
                        C:\Users\crist\Desktop\Semestre 2021 - 2\Arquitectura de computadoras\Parcial 1\Practicas\osc00\osc00.vhdl (N/A, 2021-03-22 10:49:43) <-- (may instantiate this module)
4        work.osc00.osc0 may have changed because the following files changed:
                        C:\Users\crist\Desktop\Semestre 2021 - 2\Arquitectura de computadoras\Parcial 1\Practicas\osc00\osc00.vhdl (N/A, 2021-03-22 10:49:43) <-- (architecture and entity definition)
2        work.oscint00.oscint0 may have changed because the following files changed:
                        C:\Users\crist\Desktop\Semestre 2021 - 2\Arquitectura de computadoras\Parcial 1\Practicas\osc00\osc00.vhdl (N/A, 2021-03-22 10:49:43) <-- (may instantiate this module)

*******************************************************************
Unmodified files: 12
FID:  path (timestamp)
1        C:\Users\crist\Desktop\Semestre 2021 - 2\Arquitectura de computadoras\Parcial 1\Practicas\osc00\oscint00.vhdl (2021-03-20 09:09:07)
2        C:\lscc\diamond\3.12\cae_library\synthesis\vhdl\machxo2.vhd (2018-11-15 00:32:12)
3        C:\lscc\diamond\3.12\synpbase\lib\cpld\lattice.vhd (2020-10-29 10:20:44)
4        C:\lscc\diamond\3.12\synpbase\lib\vhd\arith.vhd (2020-10-29 10:23:10)
5        C:\lscc\diamond\3.12\synpbase\lib\vhd\hyperents.vhd (2020-10-29 10:23:10)
6        C:\lscc\diamond\3.12\synpbase\lib\vhd\location.map (2020-11-02 17:26:20)
7        C:\lscc\diamond\3.12\synpbase\lib\vhd\numeric.vhd (2020-10-29 10:23:10)
8        C:\lscc\diamond\3.12\synpbase\lib\vhd\snps_haps_pkg.vhd (2020-10-29 10:23:10)
9        C:\lscc\diamond\3.12\synpbase\lib\vhd\std.vhd (2020-10-29 10:23:10)
10       C:\lscc\diamond\3.12\synpbase\lib\vhd\std1164.vhd (2020-10-29 10:23:10)
11       C:\lscc\diamond\3.12\synpbase\lib\vhd\umr_capim.vhd (2020-10-29 10:23:10)
12       C:\lscc\diamond\3.12\synpbase\lib\vhd\unsigned.vhd (2020-10-29 10:23:10)

*******************************************************************
Unchanged modules: 0
MID:  lib.cell.view
