
map -a "MachXO2" -p LCMXO2-7000HE -t TQFP144 -s 5 -oc Commercial   "bcd00_bcd0.ngd" -o "bcd00_bcd0_map.ncd" -pr "bcd00_bcd0.prf" -mp "bcd00_bcd0.mrp" -lpf "C:/Users/crist/Desktop/Semestre20212/Arquitectura de computadoras/Parcial 3/Practicas/bcd00/bcd0/bcd00_bcd0_synplify.lpf" -lpf "C:/Users/crist/Desktop/Semestre20212/Arquitectura de computadoras/Parcial 3/Practicas/bcd00/bcd00.lpf"  -c 0           
map:  version Diamond (64-bit) 3.12.0.240.2

Copyright (c) 1991-1994 by NeoCAD Inc. All rights reserved.
Copyright (c) 1995 AT&T Corp.   All rights reserved.
Copyright (c) 1995-2001 Lucent Technologies Inc.  All rights reserved.
Copyright (c) 2001 Agere Systems   All rights reserved.
Copyright (c) 2002-2020 Lattice Semiconductor Corporation,  All rights reserved.
   Process the file: bcd00_bcd0.ngd
   Picdevice="LCMXO2-7000HE"

   Pictype="TQFP144"

   Picspeed=5

   Remove unused logic

   Do not produce over sized NCDs.

Part used: LCMXO2-7000HETQFP144, Performance used: 5.

Loading device for application map from file 'xo2c7000.nph' in environment: C:/lscc/diamond/3.12/ispfpga.
Package Status:                     Final          Version 1.39.

Running general design DRC...

Removing unused logic...

Optimizing...




Design Summary:
   Number of registers:    200 out of  7209 (3%)
      PFU registers:          189 out of  6864 (3%)
      PIO registers:           11 out of   345 (3%)
   Number of SLICEs:       188 out of  3432 (5%)
      SLICEs as Logic/ROM:    188 out of  3432 (5%)
      SLICEs as RAM:            0 out of  2574 (0%)
      SLICEs as Carry:         24 out of  3432 (1%)
   Number of LUT4s:        355 out of  6864 (5%)
      Number used as logic LUTs:        307
      Number used as distributed RAM:     0
      Number used as ripple logic:       48
      Number used as shift registers:     0
   Number of PIO sites used: 75 + 4(JTAG) out of 115 (69%)
   Number of block RAMs:  0 out of 26 (0%)
   Number of GSRs:        0 out of 1 (0%)
   EFB used :        No
   JTAG used :       No
   Readback used :   No
   Oscillator used : Yes
   Startup used :    No
   POR :             On
   Bandgap :         On
   Number of Power Controller:  0 out of 1 (0%)
   Number of Dynamic Bank Controller (BCINRD):  0 out of 6 (0%)
   Number of Dynamic Bank Controller (BCLVDSO):  0 out of 1 (0%)
   Number of DCCA:  0 out of 8 (0%)
   Number of DCMA:  0 out of 2 (0%)
   Number of PLLs:  0 out of 2 (0%)
   Number of DQSDLLs:  0 out of 2 (0%)
   Number of CLKDIVC:  0 out of 4 (0%)
   Number of ECLKSYNCA:  0 out of 4 (0%)
   Number of ECLKBRIDGECS:  0 out of 2 (0%)
   Notes:-
      1. Total number of LUT4s = (Number of logic LUT4s) + 2*(Number of distributed RAMs) + 2*(Number of ripple logic)
      2. Number of logic LUT4s does not include count of distributed RAM and ripple logic.
   Number of clocks:  3
     Net clk00_c: 98 loads, 98 rising, 0 falling (Driver: BD00/UD01/oscout )
     Net clk01_c: 4 loads, 4 rising, 0 falling (Driver: BD00/UD02/oscout )
     Net BD00/sclk: 26 loads, 26 rising, 0 falling (Driver: BD00/UD00/OSCInst0 )
   Number of Clock Enables:  12
     Net outDataLD_1ce[0]: 8 loads, 0 LSLICEs
     Net outFlagPC0_c: 2 loads, 2 LSLICEs
     Net BD08/aux_0_sqmuxa: 6 loads, 6 LSLICEs
     Net BD07/aux_0_sqmuxa: 4 loads, 4 LSLICEs
     Net BD06/outACs12_1ce[10]: 6 loads, 6 LSLICEs
     Net BD05/outACs8_1ce[1]: 4 loads, 4 LSLICEs
     Net BD04/N_62: 1 loads, 1 LSLICEs
     Net BD04/outAC12ca_0_sqmuxa: 6 loads, 6 LSLICEs
     Net BD04/outAC12ca_1ce[0]: 6 loads, 6 LSLICEs
     Net BD03/aux_0_sqmuxa: 6 loads, 6 LSLICEs
     Net BD03/outAC12su_1ce[0]: 6 loads, 6 LSLICEs
     Net BD01/aux1_0_sqmuxa_i: 1 loads, 1 LSLICEs
   Number of LSRs:  16
     Net outCode0_c[0]: 2 loads, 2 LSLICEs
     Net outCode0_c[2]: 6 loads, 6 LSLICEs
     Net outFlagMP0_c: 4 loads, 4 LSLICEs
     Net BD11/outpc12: 3 loads, 3 LSLICEs
     Net reset0_c: 6 loads, 6 LSLICEs
     Net BD08.aux: 1 loads, 1 LSLICEs
     Net BD07.aux: 1 loads, 1 LSLICEs
     Net pshift12.un2_opcodes12_0_o2: 1 loads, 1 LSLICEs
     Net BD04/aux: 1 loads, 1 LSLICEs
     Net BD04/un2_opcodeca_i_o2: 1 loads, 1 LSLICEs
     Net BD03/aux: 1 loads, 1 LSLICEs
     Net BD03/fb: 1 loads, 1 LSLICEs
     Net BD01/aux0_0_sqmuxa: 1 loads, 1 LSLICEs
     Net BD01/fb: 1 loads, 1 LSLICEs
     Net BD00/UD02/oscout_0_sqmuxa_RNIV7S8: 12 loads, 12 LSLICEs
     Net BD00/UD01/un1_oscout56_7_1_RNIR3PN: 12 loads, 12 LSLICEs
   Number of nets driven by tri-state buffers:  0
   Top 10 highest fanout non-clock nets:
     Net outFlagMP0_c: 28 loads
     Net outCode0_c[2]: 26 loads
     Net outCode0_c[0]: 18 loads
     Net outCode0_c[1]: 18 loads
     Net BD03.outAC12su_cl[11]: 13 loads
     Net BD04.outAC12ca_cl[11]: 13 loads
     Net reset0_c: 13 loads
     Net BD00/UD02/oscout_0_sqmuxa_RNIV7S8: 12 loads
     Net BD06/outACs12_cl[11]: 12 loads
     Net outAC120_c[2]: 12 loads
 

   Number of warnings:  0
   Number of errors:    0



Total CPU Time: 1 secs  
Total REAL Time: 2 secs  
Peak Memory Usage: 61 MB

Dumping design to file bcd00_bcd0_map.ncd.

mpartrce -p "bcd00_bcd0.p2t" -f "bcd00_bcd0.p3t" -tf "bcd00_bcd0.pt" "bcd00_bcd0_map.ncd" "bcd00_bcd0.ncd"

---- MParTrce Tool ----
Removing old design directory at request of -rem command line option to this program.
Running par. Please wait . . .

Lattice Place and Route Report for Design "bcd00_bcd0_map.ncd"
Thu Jun 03 17:14:48 2021

PAR: Place And Route Diamond (64-bit) 3.12.0.240.2.
Command Line: par -w -l 5 -i 6 -t 1 -c 0 -e 0 -gui -exp parUseNBR=1:parCDP=0:parCDR=0:parPathBased=OFF:parASE=1 bcd00_bcd0_map.ncd bcd00_bcd0.dir/5_1.ncd bcd00_bcd0.prf
Preference file: bcd00_bcd0.prf.
Placement level-cost: 5-1.
Routing Iterations: 6

Loading design for application par from file bcd00_bcd0_map.ncd.
Design name: bcd00
NCD version: 3.3
Vendor:      LATTICE
Device:      LCMXO2-7000HE
Package:     TQFP144
Performance: 5
Loading device for application par from file 'xo2c7000.nph' in environment: C:/lscc/diamond/3.12/ispfpga.
Package Status:                     Final          Version 1.39.
Performance Hardware Data Status:   Final          Version 34.4.
License checked out.


Ignore Preference Error(s):  True
Device utilization summary:

   PIO (prelim)   75+4(JTAG)/336     24% used
                  75+4(JTAG)/115     69% bonded
   IOLOGIC           11/336           3% used

   SLICE            188/3432          5% used

   OSC                1/1           100% used


Number of Signals: 594
Number of Connections: 1612

Pin Constraint Summary:
   75 out of 75 pins locked (100% locked).

The following 2 signals are selected to use the primary clock routing resources:
    clk00_c (driver: BD00/UD01/SLICE_74, clk load #: 98)
    BD00/sclk (driver: BD00/UD00/OSCInst0, clk load #: 26)


The following 2 signals are selected to use the secondary clock routing resources:
    BD00/UD02/oscout_0_sqmuxa_RNIV7S8 (driver: BD00/UD02/SLICE_158, clk load #: 0, sr load #: 12, ce load #: 0)
    BD00/UD01/un1_oscout56_7_1_RNIR3PN (driver: BD00/UD01/SLICE_180, clk load #: 0, sr load #: 12, ce load #: 0)

No signal is selected as Global Set/Reset.
Starting Placer Phase 0.
...........
Finished Placer Phase 0.  REAL time: 3 secs 

Starting Placer Phase 1.
....................
Placer score = 140959.
Finished Placer Phase 1.  REAL time: 10 secs 

Starting Placer Phase 2.
.
Placer score =  140661
Finished Placer Phase 2.  REAL time: 11 secs 


------------------ Clock Report ------------------

Global Clock Resources:
  CLK_PIN    : 0 out of 8 (0%)
  PLL        : 0 out of 2 (0%)
  DCM        : 0 out of 2 (0%)
  DCC        : 0 out of 8 (0%)

Global Clocks:
  PRIMARY "clk00_c" from Q0 on comp "BD00/UD01/SLICE_74" on site "R2C19A", clk load = 98
  PRIMARY "BD00/sclk" from OSC on comp "BD00/UD00/OSCInst0" on site "OSC", clk load = 26
  SECONDARY "BD00/UD02/oscout_0_sqmuxa_RNIV7S8" from F0 on comp "BD00/UD02/SLICE_158" on site "R14C18D", clk load = 0, ce load = 0, sr load = 12
  SECONDARY "BD00/UD01/un1_oscout56_7_1_RNIR3PN" from F0 on comp "BD00/UD01/SLICE_180" on site "R14C18C", clk load = 0, ce load = 0, sr load = 12

  PRIMARY  : 2 out of 8 (25%)
  SECONDARY: 2 out of 8 (25%)

Edge Clocks:
  No edge clock selected.

--------------- End of Clock Report ---------------


I/O Usage Summary (final):
   75 + 4(JTAG) out of 336 (23.5%) PIO sites used.
   75 + 4(JTAG) out of 115 (68.7%) bonded PIO sites used.
   Number of PIO comps: 75; differential: 0.
   Number of Vref pins used: 0.

I/O Bank Usage Summary:
+----------+----------------+------------+-----------+
| I/O Bank | Usage          | Bank Vccio | Bank Vref |
+----------+----------------+------------+-----------+
| 0        | 23 / 28 ( 82%) | 2.5V       | -         |
| 1        | 10 / 29 ( 34%) | 2.5V       | -         |
| 2        | 16 / 29 ( 55%) | 2.5V       | -         |
| 3        | 8 / 9 ( 88%)   | 2.5V       | -         |
| 4        | 8 / 10 ( 80%)  | 2.5V       | -         |
| 5        | 10 / 10 (100%) | 2.5V       | -         |
+----------+----------------+------------+-----------+

Total placer CPU time: 10 secs 

Dumping design to file bcd00_bcd0.dir/5_1.ncd.

0 connections routed; 1612 unrouted.
Starting router resource preassignment

    <postMsg mid="66011008" type="Warning" dynamic="1" navigation="0" arg0="&#xA;   Signal=clk01_c loads=6 clock_loads=4"  />

Completed router resource preassignment. Real time: 16 secs 

Start NBR router at 17:15:04 06/03/21

*****************************************************************
Info: NBR allows conflicts(one node used by more than one signal)
      in the earlier iterations. In each iteration, it tries to  
      solve the conflicts while keeping the critical connections 
      routed as short as possible. The routing process is said to
      be completed when no conflicts exist and all connections   
      are routed.                                                
Note: NBR uses a different method to calculate timing slacks. The
      worst slack and total negative slack may not be the same as
      that in TRCE report. You should always run TRCE to verify  
      your design.                                               
*****************************************************************

Start NBR special constraint process at 17:15:05 06/03/21

Start NBR section for initial routing at 17:15:05 06/03/21
Level 4, iteration 1
80(0.02%) conflicts; 0(0.00%) untouched conn; 0 (nbr) score; 
Estimated worst slack/total negative slack<setup>: 465.065ns/0.000ns; real time: 17 secs 

Info: Initial congestion level at 75% usage is 0
Info: Initial congestion area  at 75% usage is 0 (0.00%)

Start NBR section for normal routing at 17:15:05 06/03/21
Level 4, iteration 1
41(0.01%) conflicts; 0(0.00%) untouched conn; 0 (nbr) score; 
Estimated worst slack/total negative slack<setup>: 465.065ns/0.000ns; real time: 17 secs 
Level 4, iteration 2
18(0.00%) conflicts; 0(0.00%) untouched conn; 0 (nbr) score; 
Estimated worst slack/total negative slack<setup>: 464.511ns/0.000ns; real time: 17 secs 
Level 4, iteration 3
16(0.00%) conflicts; 0(0.00%) untouched conn; 0 (nbr) score; 
Estimated worst slack/total negative slack<setup>: 464.511ns/0.000ns; real time: 18 secs 
Level 4, iteration 4
5(0.00%) conflicts; 0(0.00%) untouched conn; 0 (nbr) score; 
Estimated worst slack/total negative slack<setup>: 464.511ns/0.000ns; real time: 18 secs 
Level 4, iteration 5
2(0.00%) conflicts; 0(0.00%) untouched conn; 0 (nbr) score; 
Estimated worst slack/total negative slack<setup>: 464.511ns/0.000ns; real time: 18 secs 
Level 4, iteration 6
2(0.00%) conflicts; 0(0.00%) untouched conn; 0 (nbr) score; 
Estimated worst slack/total negative slack<setup>: 464.511ns/0.000ns; real time: 18 secs 
Level 4, iteration 7
2(0.00%) conflicts; 0(0.00%) untouched conn; 0 (nbr) score; 
Estimated worst slack/total negative slack<setup>: 464.511ns/0.000ns; real time: 18 secs 
Level 4, iteration 8
1(0.00%) conflict; 0(0.00%) untouched conn; 0 (nbr) score; 
Estimated worst slack/total negative slack<setup>: 464.511ns/0.000ns; real time: 18 secs 
Level 4, iteration 9
0(0.00%) conflict; 0(0.00%) untouched conn; 0 (nbr) score; 
Estimated worst slack/total negative slack<setup>: 464.511ns/0.000ns; real time: 18 secs 

Start NBR section for setup/hold timing optimization with effort level 3 at 17:15:06 06/03/21

Start NBR section for re-routing at 17:15:06 06/03/21
Level 4, iteration 1
0(0.00%) conflict; 0(0.00%) untouched conn; 0 (nbr) score; 
Estimated worst slack/total negative slack<setup>: 464.511ns/0.000ns; real time: 18 secs 

Start NBR section for post-routing at 17:15:06 06/03/21

End NBR router with 0 unrouted connection

NBR Summary
-----------
  Number of unrouted connections : 0 (0.00%)
  Number of connections with timing violations : 0 (0.00%)
  Estimated worst slack<setup> : 464.511ns
  Timing score<setup> : 0
-----------
Notes: The timing info is calculated for SETUP only and all PAR_ADJs are ignored.



    <postMsg mid="66011008" type="Warning" dynamic="1" navigation="0" arg0="&#xA;   Signal=clk01_c loads=6 clock_loads=4"  />

Total CPU time 18 secs 
Total REAL time: 19 secs 
Completely routed.
End of route.  1612 routed (100.00%); 0 unrouted.

Hold time timing score: 0, hold timing errors: 0

Timing score: 0 

Dumping design to file bcd00_bcd0.dir/5_1.ncd.


PAR_SUMMARY::Run status = Completed
PAR_SUMMARY::Number of unrouted conns = 0
PAR_SUMMARY::Worst  slack<setup/<ns>> = 464.511
PAR_SUMMARY::Timing score<setup/<ns>> = 0.000
PAR_SUMMARY::Worst  slack<hold /<ns>> = 0.379
PAR_SUMMARY::Timing score<hold /<ns>> = 0.000
PAR_SUMMARY::Number of errors = 0

Total CPU  time to completion: 18 secs 
Total REAL time to completion: 19 secs 

par done!

Note: user must run 'Trace' for timing closure signoff.

Copyright (c) 1991-1994 by NeoCAD Inc. All rights reserved.
Copyright (c) 1995 AT&T Corp.   All rights reserved.
Copyright (c) 1995-2001 Lucent Technologies Inc.  All rights reserved.
Copyright (c) 2001 Agere Systems   All rights reserved.
Copyright (c) 2002-2020 Lattice Semiconductor Corporation,  All rights reserved.
Exiting par with exit code 0
Exiting mpartrce with exit code 0

trce -f "bcd00_bcd0.pt" -o "bcd00_bcd0.twr" "bcd00_bcd0.ncd" "bcd00_bcd0.prf"
trce:  version Diamond (64-bit) 3.12.0.240.2

Copyright (c) 1991-1994 by NeoCAD Inc. All rights reserved.
Copyright (c) 1995 AT&T Corp.   All rights reserved.
Copyright (c) 1995-2001 Lucent Technologies Inc.  All rights reserved.
Copyright (c) 2001 Agere Systems   All rights reserved.
Copyright (c) 2002-2020 Lattice Semiconductor Corporation,  All rights reserved.

Loading design for application trce from file bcd00_bcd0.ncd.
Design name: bcd00
NCD version: 3.3
Vendor:      LATTICE
Device:      LCMXO2-7000HE
Package:     TQFP144
Performance: 5
Loading device for application trce from file 'xo2c7000.nph' in environment: C:/lscc/diamond/3.12/ispfpga.
Package Status:                     Final          Version 1.39.
Performance Hardware Data Status:   Final          Version 34.4.
Setup and Hold Report

--------------------------------------------------------------------------------
Lattice TRACE Report - Setup, Version Diamond (64-bit) 3.12.0.240.2
Thu Jun 03 17:15:08 2021

Copyright (c) 1991-1994 by NeoCAD Inc. All rights reserved.
Copyright (c) 1995 AT&T Corp.   All rights reserved.
Copyright (c) 1995-2001 Lucent Technologies Inc.  All rights reserved.
Copyright (c) 2001 Agere Systems   All rights reserved.
Copyright (c) 2002-2020 Lattice Semiconductor Corporation,  All rights reserved.

Report Information
------------------
Command line:    trce -v 10 -gt -sethld -sp 5 -sphld m -o bcd00_bcd0.twr -gui bcd00_bcd0.ncd bcd00_bcd0.prf 
Design file:     bcd00_bcd0.ncd
Preference file: bcd00_bcd0.prf
Device,speed:    LCMXO2-7000HE,5
Report level:    verbose report, limited to 10 items per preference
--------------------------------------------------------------------------------

BLOCK ASYNCPATHS
BLOCK RESETPATHS
--------------------------------------------------------------------------------



Timing summary (Setup):
---------------

Timing errors: 0  Score: 0
Cumulative negative slack: 0

Constraints cover 13400 paths, 1 nets, and 1385 connections (85.92% coverage)

--------------------------------------------------------------------------------
Lattice TRACE Report - Hold, Version Diamond (64-bit) 3.12.0.240.2
Thu Jun 03 17:15:08 2021

Copyright (c) 1991-1994 by NeoCAD Inc. All rights reserved.
Copyright (c) 1995 AT&T Corp.   All rights reserved.
Copyright (c) 1995-2001 Lucent Technologies Inc.  All rights reserved.
Copyright (c) 2001 Agere Systems   All rights reserved.
Copyright (c) 2002-2020 Lattice Semiconductor Corporation,  All rights reserved.

Report Information
------------------
Command line:    trce -v 10 -gt -sethld -sp 5 -sphld m -o bcd00_bcd0.twr -gui bcd00_bcd0.ncd bcd00_bcd0.prf 
Design file:     bcd00_bcd0.ncd
Preference file: bcd00_bcd0.prf
Device,speed:    LCMXO2-7000HE,m
Report level:    verbose report, limited to 10 items per preference
--------------------------------------------------------------------------------

BLOCK ASYNCPATHS
BLOCK RESETPATHS
--------------------------------------------------------------------------------



Timing summary (Hold):
---------------

Timing errors: 0  Score: 0
Cumulative negative slack: 0

Constraints cover 13400 paths, 1 nets, and 1385 connections (85.92% coverage)



Timing summary (Setup and Hold):
---------------

Timing errors: 0 (setup), 0 (hold)
Score: 0 (setup), 0 (hold)
Cumulative negative slack: 0 (0+0)
--------------------------------------------------------------------------------

--------------------------------------------------------------------------------

Total CPU Time: 1 secs 
Total REAL Time: 2 secs 
Peak Memory Usage: 69 MB


tmcheck -par "bcd00_bcd0.par" 

bitgen -f "bcd00_bcd0.t2b" -w "bcd00_bcd0.ncd"  -jedec "bcd00_bcd0.prf"


BITGEN: Bitstream Generator Diamond (64-bit) 3.12.0.240.2
Copyright (c) 1991-1994 by NeoCAD Inc. All rights reserved.
Copyright (c) 1995 AT&T Corp.   All rights reserved.
Copyright (c) 1995-2001 Lucent Technologies Inc.  All rights reserved.
Copyright (c) 2001 Agere Systems   All rights reserved.
Copyright (c) 2002-2020 Lattice Semiconductor Corporation,  All rights reserved.


Loading design for application Bitgen from file bcd00_bcd0.ncd.
Design name: bcd00
NCD version: 3.3
Vendor:      LATTICE
Device:      LCMXO2-7000HE
Package:     TQFP144
Performance: 5
Loading device for application Bitgen from file 'xo2c7000.nph' in environment: C:/lscc/diamond/3.12/ispfpga.
Package Status:                     Final          Version 1.39.
Performance Hardware Data Status:   Final          Version 34.4.

Running DRC.
DRC detected 0 errors and 0 warnings.
Reading Preference File from bcd00_bcd0.prf.

Preference Summary:
+---------------------------------+---------------------------------+
|  Preference                     |  Current Setting                |
+---------------------------------+---------------------------------+
|                         RamCfg  |                        Reset**  |
+---------------------------------+---------------------------------+
|                     MCCLK_FREQ  |                         2.08**  |
+---------------------------------+---------------------------------+
|                  CONFIG_SECURE  |                          OFF**  |
+---------------------------------+---------------------------------+
|                          INBUF  |                           ON**  |
+---------------------------------+---------------------------------+
|                      JTAG_PORT  |                       ENABLE**  |
+---------------------------------+---------------------------------+
|                       SDM_PORT  |                      DISABLE**  |
+---------------------------------+---------------------------------+
|                 SLAVE_SPI_PORT  |                      DISABLE**  |
+---------------------------------+---------------------------------+
|                MASTER_SPI_PORT  |                      DISABLE**  |
+---------------------------------+---------------------------------+
|                       I2C_PORT  |                      DISABLE**  |
+---------------------------------+---------------------------------+
|        MUX_CONFIGURATION_PORTS  |                      DISABLE**  |
+---------------------------------+---------------------------------+
|                  CONFIGURATION  |                          CFG**  |
+---------------------------------+---------------------------------+
|                COMPRESS_CONFIG  |                           ON**  |
+---------------------------------+---------------------------------+
|                        MY_ASSP  |                          OFF**  |
+---------------------------------+---------------------------------+
|               ONE_TIME_PROGRAM  |                          OFF**  |
+---------------------------------+---------------------------------+
|                 ENABLE_TRANSFR  |                      DISABLE**  |
+---------------------------------+---------------------------------+
|                  SHAREDEBRINIT  |                      DISABLE**  |
+---------------------------------+---------------------------------+
|            BACKGROUND_RECONFIG  |                          OFF**  |
+---------------------------------+---------------------------------+
 *  Default setting.
 ** The specified setting matches the default setting.


Creating bit map...
 
Bitstream Status: Final           Version 1.95.
 
Saving bit stream in "bcd00_bcd0.jed".
 
===========
UFM Summary.
===========
UFM Size:        2046 Pages (128*2046 Bits).
UFM Utilization: General Purpose Flash Memory.
 
Available General Purpose Flash Memory: 2046 Pages (Page 0 to Page 2045).
Initialized UFM Pages:                     0 Page.
 
Total CPU Time: 4 secs 
Total REAL Time: 4 secs 
Peak Memory Usage: 290 MB
