Running in Lattice mode

Starting:    C:\lscc\diamond\3.12\synpbase\bin64\mbin\synbatch.exe
Install:     C:\lscc\diamond\3.12\synpbase
Hostname:    DELL-CRISTIAN
Date:        Thu Jun  3 15:33:36 2021
Version:     Q-2020.03L-SP1

Arguments:   -product synplify_pro -batch bcd00_bcd0_synplify.tcl
ProductType: synplify_pro




log file: "C:\Users\crist\Desktop\Semestre20212\Arquitectura de computadoras\Parcial 3\Practicas\bcd00\bcd0\bcd00_bcd0.srr"
Running: hdl_info_gen in foreground

Generating HDL info...

hdl_info_gen completed
# Thu Jun  3 15:33:37 2021

Return Code: 0
Run Time:00h:00m:00s
log file: "C:\Users\crist\Desktop\Semestre20212\Arquitectura de computadoras\Parcial 3\Practicas\bcd00\bcd0\bcd00_bcd0.srr"
Running: bcd0 in foreground

Running proj_1|bcd0

Running Flow: compile (Compile) on proj_1|bcd0
# Thu Jun  3 15:33:37 2021

Running Flow: compile_flow (Compile Process) on proj_1|bcd0
# Thu Jun  3 15:33:37 2021

Running: compiler (Compile Input) on proj_1|bcd0
# Thu Jun  3 15:33:37 2021
Copied C:\Users\crist\Desktop\Semestre20212\Arquitectura de computadoras\Parcial 3\Practicas\bcd00\bcd0\synwork\bcd00_bcd0_comp.srs to C:\Users\crist\Desktop\Semestre20212\Arquitectura de computadoras\Parcial 3\Practicas\bcd00\bcd0\bcd00_bcd0.srs

compiler completed
# Thu Jun  3 15:33:45 2021

Return Code: 0
Run Time:00h:00m:08s

Running: multi_srs_gen (Multi-srs Generator) on proj_1|bcd0
# Thu Jun  3 15:33:45 2021

multi_srs_gen completed
# Thu Jun  3 15:33:45 2021

Return Code: 0
Run Time:00h:00m:00s
Copied C:\Users\crist\Desktop\Semestre20212\Arquitectura de computadoras\Parcial 3\Practicas\bcd00\bcd0\synwork\bcd00_bcd0_mult.srs to C:\Users\crist\Desktop\Semestre20212\Arquitectura de computadoras\Parcial 3\Practicas\bcd00\bcd0\bcd00_bcd0.srs
Copied C:\Users\crist\Desktop\Semestre20212\Arquitectura de computadoras\Parcial 3\Practicas\bcd00\bcd0\bcd00_bcd0.srr to C:\Users\crist\Desktop\Semestre20212\Arquitectura de computadoras\Parcial 3\Practicas\bcd00\bcd0\bcd00_bcd0.srf
Complete: Compile Process on proj_1|bcd0

Running: premap (Premap) on proj_1|bcd0
# Thu Jun  3 15:33:46 2021

premap completed with warnings
# Thu Jun  3 15:33:49 2021

Return Code: 1
Run Time:00h:00m:03s
Complete: Compile on proj_1|bcd0

Running Flow: map (Map) on proj_1|bcd0
# Thu Jun  3 15:33:49 2021

Running: fpga_mapper (Map & Optimize) on proj_1|bcd0
# Thu Jun  3 15:33:49 2021
Copied C:\Users\crist\Desktop\Semestre20212\Arquitectura de computadoras\Parcial 3\Practicas\bcd00\bcd0\synwork\bcd00_bcd0_m.srm to C:\Users\crist\Desktop\Semestre20212\Arquitectura de computadoras\Parcial 3\Practicas\bcd00\bcd0\bcd00_bcd0.srm

fpga_mapper completed with warnings
# Thu Jun  3 15:33:56 2021

Return Code: 1
Run Time:00h:00m:07s
Complete: Map on proj_1|bcd0
Copied C:\Users\crist\Desktop\Semestre20212\Arquitectura de computadoras\Parcial 3\Practicas\bcd00\bcd0\bcd00_bcd0.srr to C:\Users\crist\Desktop\Semestre20212\Arquitectura de computadoras\Parcial 3\Practicas\bcd00\bcd0\bcd00_bcd0.srf
Complete: Logic Synthesis on proj_1|bcd0
TCL script complete: "bcd00_bcd0_synplify.tcl"
exit status=0
exit status=0
Save changes for project:
C:\Users\crist\Desktop\Semestre20212\Arquitectura de computadoras\Parcial 3\Practicas\bcd00\bcd0\proj_1.prj
batch mode default:no
