
       Lattice Mapping Report File for Design Module 'multiplier4bit00'


Design Information
------------------

Command line:   map -a MachXO2 -p LCMXO2-7000HE -t TQFP144 -s 5 -oc Commercial
     multiplier4bit00_multiplier4bit0.ngd -o
     multiplier4bit00_multiplier4bit0_map.ncd -pr
     multiplier4bit00_multiplier4bit0.prf -mp
     multiplier4bit00_multiplier4bit0.mrp -lpf C:/Users/crist/Desktop/Semestre
     2021 - 2/Arquitectura de computadoras/Parcial 1/Practicas/multiplier4bit00/
     multiplier4bit0/multiplier4bit00_multiplier4bit0_synplify.lpf -lpf
     C:/Users/crist/Desktop/Semestre 2021 - 2/Arquitectura de
     computadoras/Parcial 1/Practicas/multiplier4bit00/multiplier4bit00.lpf -c 0
     -gui -msgset C:/Users/crist/Desktop/Semestre 2021 - 2/Arquitectura de
     computadoras/Parcial 1/Practicas/multiplier4bit00/promote.xml 
Target Vendor:  LATTICE
Target Device:  LCMXO2-7000HETQFP144
Target Performance:   5
Mapper:  xo2c00,  version:  Diamond (64-bit) 3.12.0.240.2
Mapped on:  03/19/21  21:37:30

Design Summary
--------------

   Number of registers:      0 out of  7209 (0%)
      PFU registers:            0 out of  6864 (0%)
      PIO registers:            0 out of   345 (0%)
   Number of SLICEs:        14 out of  3432 (0%)
      SLICEs as Logic/ROM:     14 out of  3432 (0%)
      SLICEs as RAM:            0 out of  2574 (0%)
      SLICEs as Carry:          0 out of  3432 (0%)
   Number of LUT4s:         27 out of  6864 (0%)
      Number used as logic LUTs:         27
      Number used as distributed RAM:     0
      Number used as ripple logic:        0
      Number used as shift registers:     0
   Number of PIO sites used: 16 + 4(JTAG) out of 115 (17%)
   Number of block RAMs:  0 out of 26 (0%)
   Number of GSRs:        0 out of 1 (0%)
   EFB used :        No
   JTAG used :       No
   Readback used :   No
   Oscillator used : No
   Startup used :    No
   POR :             On
   Bandgap :         On
   Number of Power Controller:  0 out of 1 (0%)
   Number of Dynamic Bank Controller (BCINRD):  0 out of 6 (0%)
   Number of Dynamic Bank Controller (BCLVDSO):  0 out of 1 (0%)
   Number of DCCA:  0 out of 8 (0%)
   Number of DCMA:  0 out of 2 (0%)
   Number of PLLs:  0 out of 2 (0%)
   Number of DQSDLLs:  0 out of 2 (0%)
   Number of CLKDIVC:  0 out of 4 (0%)
   Number of ECLKSYNCA:  0 out of 4 (0%)
   Number of ECLKBRIDGECS:  0 out of 2 (0%)
   Notes:-
      1. Total number of LUT4s = (Number of logic LUT4s) + 2*(Number of
     distributed RAMs) + 2*(Number of ripple logic)

                                    Page 1




Design:  multiplier4bit00                              Date:  03/19/21  21:37:30

Design Summary (cont)
---------------------
      2. Number of logic LUT4s does not include count of distributed RAM and
     ripple logic.
   Number of clocks:  0
   Number of Clock Enables:  0
   Number of LSRs:  0
   Number of nets driven by tri-state buffers:  0
   Top 10 highest fanout non-clock nets:
     Net B_c[2]: 8 loads
     Net B_c[3]: 8 loads
     Net A_c[0]: 7 loads
     Net A_c[1]: 7 loads
     Net A_c[2]: 7 loads
     Net A_c[3]: 7 loads
     Net B_c[0]: 7 loads
     Net B_c[1]: 5 loads
     Net SAC2: 3 loads
     Net FA27/Sint1_0: 2 loads




   Number of warnings:  0
   Number of errors:    0
     

Design Errors/Warnings
----------------------

   No errors or warnings present.

IO (PIO) Attributes
-------------------

+---------------------+-----------+-----------+------------+
| IO Name             | Direction | Levelmode | IO         |
|                     |           |  IO_TYPE  | Register   |
+---------------------+-----------+-----------+------------+
| R[0]                | OUTPUT    | LVCMOS25  |            |
+---------------------+-----------+-----------+------------+
| A[0]                | INPUT     | LVCMOS25  |            |
+---------------------+-----------+-----------+------------+
| R[7]                | OUTPUT    | LVCMOS25  |            |
+---------------------+-----------+-----------+------------+
| R[6]                | OUTPUT    | LVCMOS25  |            |
+---------------------+-----------+-----------+------------+
| R[5]                | OUTPUT    | LVCMOS25  |            |
+---------------------+-----------+-----------+------------+
| R[4]                | OUTPUT    | LVCMOS25  |            |
+---------------------+-----------+-----------+------------+
| R[3]                | OUTPUT    | LVCMOS25  |            |
+---------------------+-----------+-----------+------------+
| R[2]                | OUTPUT    | LVCMOS25  |            |
+---------------------+-----------+-----------+------------+
| R[1]                | OUTPUT    | LVCMOS25  |            |
+---------------------+-----------+-----------+------------+
| B[3]                | INPUT     | LVCMOS25  |            |

                                    Page 2




Design:  multiplier4bit00                              Date:  03/19/21  21:37:30

IO (PIO) Attributes (cont)
--------------------------
+---------------------+-----------+-----------+------------+
| B[2]                | INPUT     | LVCMOS25  |            |
+---------------------+-----------+-----------+------------+
| B[1]                | INPUT     | LVCMOS25  |            |
+---------------------+-----------+-----------+------------+
| B[0]                | INPUT     | LVCMOS25  |            |
+---------------------+-----------+-----------+------------+
| A[3]                | INPUT     | LVCMOS25  |            |
+---------------------+-----------+-----------+------------+
| A[2]                | INPUT     | LVCMOS25  |            |
+---------------------+-----------+-----------+------------+
| A[1]                | INPUT     | LVCMOS25  |            |
+---------------------+-----------+-----------+------------+

Removed logic
-------------

Block VCC undriven or does not drive anything - clipped.
Block GSR_INST undriven or does not drive anything - clipped.
Block GND undriven or does not drive anything - clipped.
Block A00/GND undriven or does not drive anything - clipped.
Block A05/GND undriven or does not drive anything - clipped.
Block A06/GND undriven or does not drive anything - clipped.
Block FA19/F01/H00/GND undriven or does not drive anything - clipped.
Block FA20/F00/H00/GND undriven or does not drive anything - clipped.
Block FA20/F00/H01/GND undriven or does not drive anything - clipped.
Block FA23/F00/H00/GND undriven or does not drive anything - clipped.
Block FA24/F00/H00/GND undriven or does not drive anything - clipped.
Block FA24/F00/H01/GND undriven or does not drive anything - clipped.
Block FA27/F01/H00/GND undriven or does not drive anything - clipped.
Signal VCC undriven or does not drive anything - clipped.

     

Run Time and Memory Usage
-------------------------

   Total CPU Time: 0 secs  
   Total REAL Time: 0 secs  
   Peak Memory Usage: 57 MB
        
















                                    Page 3


Copyright (c) 1991-1994 by NeoCAD Inc. All rights reserved.
     Copyright (c) 1995 AT&T Corp.   All rights reserved.
     Copyright (c) 1995-2001 Lucent Technologies Inc.  All rights reserved.
     Copyright (c) 2001 Agere Systems   All rights reserved.
     Copyright (c) 2002-2020 Lattice Semiconductor Corporation,  All rights
     reserved.
