
            Lattice Mapping Report File for Design Module 'rom00'


Design Information
------------------

Command line:   map -a MachXO2 -p LCMXO2-7000HE -t TQFP144 -s 5 -oc Commercial
     rom00_rom0.ngd -o rom00_rom0_map.ncd -pr rom00_rom0.prf -mp rom00_rom0.mrp
     -lpf C:/Users/crist/Desktop/Semestre20212/Arquitectura de
     computadoras/Parcial 2/Practicas/rom00/rom0/rom00_rom0_synplify.lpf -lpf
     C:/Users/crist/Desktop/Semestre20212/Arquitectura de computadoras/Parcial
     2/Practicas/rom00/rom00.lpf -c 0 -gui -msgset
     C:/Users/crist/Desktop/Semestre20212/Arquitectura de computadoras/Parcial
     2/Practicas/rom00/promote.xml 
Target Vendor:  LATTICE
Target Device:  LCMXO2-7000HETQFP144
Target Performance:   5
Mapper:  xo2c00,  version:  Diamond (64-bit) 3.12.0.240.2
Mapped on:  04/27/21  11:09:51

Design Summary
--------------

   Number of registers:     35 out of  7209 (0%)
      PFU registers:           28 out of  6864 (0%)
      PIO registers:            7 out of   345 (2%)
   Number of SLICEs:        45 out of  3432 (1%)
      SLICEs as Logic/ROM:     45 out of  3432 (1%)
      SLICEs as RAM:            0 out of  2574 (0%)
      SLICEs as Carry:         12 out of  3432 (0%)
   Number of LUT4s:         90 out of  6864 (1%)
      Number used as logic LUTs:         66
      Number used as distributed RAM:     0
      Number used as ripple logic:       24
      Number used as shift registers:     0
   Number of PIO sites used: 23 + 4(JTAG) out of 115 (23%)
   Number of block RAMs:  0 out of 26 (0%)
   Number of GSRs:        0 out of 1 (0%)
   EFB used :        No
   JTAG used :       No
   Readback used :   No
   Oscillator used : Yes
   Startup used :    No
   POR :             On
   Bandgap :         On
   Number of Power Controller:  0 out of 1 (0%)
   Number of Dynamic Bank Controller (BCINRD):  0 out of 6 (0%)
   Number of Dynamic Bank Controller (BCLVDSO):  0 out of 1 (0%)
   Number of DCCA:  0 out of 8 (0%)
   Number of DCMA:  0 out of 2 (0%)
   Number of PLLs:  0 out of 2 (0%)
   Number of DQSDLLs:  0 out of 2 (0%)
   Number of CLKDIVC:  0 out of 4 (0%)
   Number of ECLKSYNCA:  0 out of 4 (0%)
   Number of ECLKBRIDGECS:  0 out of 2 (0%)
   Notes:-
      1. Total number of LUT4s = (Number of logic LUT4s) + 2*(Number of
     distributed RAMs) + 2*(Number of ripple logic)
      2. Number of logic LUT4s does not include count of distributed RAM and
     ripple logic.
   Number of clocks:  2

                                    Page 1




Design:  rom00                                         Date:  04/27/21  11:09:51

Design Summary (cont)
---------------------
     Net clk0_c: 10 loads, 10 rising, 0 falling (Driver: MRO00/OSC01/oscout )
     Net MRO00/sclk: 13 loads, 13 rising, 0 falling (Driver:
     MRO00/OSC00/OSCInst0 )
   Number of Clock Enables:  0
   Number of LSRs:  3
     Net outro_23: 7 loads, 0 LSLICEs
     Net en0_c: 3 loads, 3 LSLICEs
     Net MRO00/OSC01/oscout_0_sqmuxa_RNIA4F82: 12 loads, 12 LSLICEs
   Number of nets driven by tri-state buffers:  0
   Top 10 highest fanout non-clock nets:
     Net MRO00/OSC01/oscout_0_sqmuxa_RNIA4F82: 12 loads
     Net outc0_c[0]: 12 loads
     Net outc0_c[1]: 11 loads
     Net outc0_c[2]: 11 loads
     Net outc0_c[3]: 10 loads
     Net cdiv0_c[0]: 7 loads
     Net MRO00/OSC01/sdiv[16]: 7 loads
     Net MRO00/OSC01/sdiv[17]: 7 loads
     Net outc0_c[4]: 7 loads
     Net outro_23: 7 loads




   Number of warnings:  0
   Number of errors:    0
     

Design Errors/Warnings
----------------------

   No errors or warnings present.

IO (PIO) Attributes
-------------------

+---------------------+-----------+-----------+------------+
| IO Name             | Direction | Levelmode | IO         |
|                     |           |  IO_TYPE  | Register   |
+---------------------+-----------+-----------+------------+
| clk0                | OUTPUT    | LVCMOS25  |            |
+---------------------+-----------+-----------+------------+
| cdiv0[0]            | INPUT     | LVCMOS25  |            |
+---------------------+-----------+-----------+------------+
| outtransist0[3]     | OUTPUT    | LVCMOS25  |            |
+---------------------+-----------+-----------+------------+
| outtransist0[2]     | OUTPUT    | LVCMOS25  |            |
+---------------------+-----------+-----------+------------+
| outtransist0[1]     | OUTPUT    | LVCMOS25  |            |
+---------------------+-----------+-----------+------------+
| outtransist0[0]     | OUTPUT    | LVCMOS25  |            |
+---------------------+-----------+-----------+------------+
| outro0[6]           | OUTPUT    | LVCMOS25  | OUT        |
+---------------------+-----------+-----------+------------+
| outro0[5]           | OUTPUT    | LVCMOS25  | OUT        |
+---------------------+-----------+-----------+------------+

                                    Page 2




Design:  rom00                                         Date:  04/27/21  11:09:51

IO (PIO) Attributes (cont)
--------------------------
| outro0[4]           | OUTPUT    | LVCMOS25  | OUT        |
+---------------------+-----------+-----------+------------+
| outro0[3]           | OUTPUT    | LVCMOS25  | OUT        |
+---------------------+-----------+-----------+------------+
| outro0[2]           | OUTPUT    | LVCMOS25  | OUT        |
+---------------------+-----------+-----------+------------+
| outro0[1]           | OUTPUT    | LVCMOS25  | OUT        |
+---------------------+-----------+-----------+------------+
| outro0[0]           | OUTPUT    | LVCMOS25  | OUT        |
+---------------------+-----------+-----------+------------+
| outc0[4]            | OUTPUT    | LVCMOS25  |            |
+---------------------+-----------+-----------+------------+
| outc0[3]            | OUTPUT    | LVCMOS25  |            |
+---------------------+-----------+-----------+------------+
| outc0[2]            | OUTPUT    | LVCMOS25  |            |
+---------------------+-----------+-----------+------------+
| outc0[1]            | OUTPUT    | LVCMOS25  |            |
+---------------------+-----------+-----------+------------+
| outc0[0]            | OUTPUT    | LVCMOS25  |            |
+---------------------+-----------+-----------+------------+
| en0                 | INPUT     | LVCMOS25  |            |
+---------------------+-----------+-----------+------------+
| cdiv0[4]            | INPUT     | LVCMOS25  |            |
+---------------------+-----------+-----------+------------+
| cdiv0[3]            | INPUT     | LVCMOS25  |            |
+---------------------+-----------+-----------+------------+
| cdiv0[2]            | INPUT     | LVCMOS25  |            |
+---------------------+-----------+-----------+------------+
| cdiv0[1]            | INPUT     | LVCMOS25  |            |
+---------------------+-----------+-----------+------------+

Removed logic
-------------

Block GSR_INST undriven or does not drive anything - clipped.
Block MRO00/OSC01/VCC undriven or does not drive anything - clipped.
Block MRO01/GND undriven or does not drive anything - clipped.
Block MRO01/VCC undriven or does not drive anything - clipped.
Block MRO02/GND undriven or does not drive anything - clipped.
Signal en0_c_i was merged into signal en0_c
Signal MRO00/OSC00/GND undriven or does not drive anything - clipped.
Signal MRO00/OSC01/GND undriven or does not drive anything - clipped.
Signal MRO00/OSC00/OSCInst0_SEDSTDBY undriven or does not drive anything -
     clipped.
Signal MRO00/OSC01/un1_sdiv_s_21_0_S1 undriven or does not drive anything -
     clipped.
Signal MRO00/OSC01/un1_sdiv_s_21_0_COUT undriven or does not drive anything -
     clipped.
Signal MRO00/OSC01/un1_sdiv_cry_0_0_S0 undriven or does not drive anything -
     clipped.
Signal MRO00/OSC01/N_1 undriven or does not drive anything - clipped.
Block en0_pad_RNINM18 was optimized away.
Block MRO00/OSC00/GND was optimized away.
Block MRO00/OSC01/GND was optimized away.

     

                                    Page 3




Design:  rom00                                         Date:  04/27/21  11:09:51


OSC Summary
-----------

OSC 1:                                     Pin/Node Value
  OSC Instance Name:                                MRO00/OSC00/OSCInst0
  OSC Type:                                         OSCH
  STDBY Input:                                      NONE
  OSC Output:                              NODE     MRO00/sclk
  OSC Nominal Frequency (MHz):                      2.08

ASIC Components
---------------

Instance Name: MRO00/OSC00/OSCInst0
         Type: OSCH

Run Time and Memory Usage
-------------------------

   Total CPU Time: 0 secs  
   Total REAL Time: 0 secs  
   Peak Memory Usage: 58 MB
        



































                                    Page 4


Copyright (c) 1991-1994 by NeoCAD Inc. All rights reserved.
     Copyright (c) 1995 AT&T Corp.   All rights reserved.
     Copyright (c) 1995-2001 Lucent Technologies Inc.  All rights reserved.
     Copyright (c) 2001 Agere Systems   All rights reserved.
     Copyright (c) 2002-2020 Lattice Semiconductor Corporation,  All rights
     reserved.
