
Copyright (C) 1994-2020 Synopsys, Inc.
This Synopsys software and all associated documentation are proprietary to Synopsys, Inc.
and may only be used pursuant to the terms and conditions of a written license agreement
with Synopsys, Inc. All other use, reproduction, modification, or distribution of the
Synopsys software or the associated documentation is strictly prohibited.
Tool: Synplify Pro (R)
Build: Q-2020.03L-SP1
Install: C:\lscc\diamond\3.12\synpbase
OS: Windows 6.2

Hostname: DELL-CRISTIAN

Implementation : bcd0
Synopsys HDL compiler and linker, Version comp202003synp2, Build 182R, Built Oct 29 2020 10:49:53, @

Modified Files: 35
FID:  path (prevtimestamp, timestamp)
0        C:\Users\crist\Desktop\Semestre20212\Arquitectura de computadoras\Parcial 3\Practicas\bcd00\bcd0\source\ac1200.vhdl (N/A, 2021-06-03 14:29:35)
1        C:\Users\crist\Desktop\Semestre20212\Arquitectura de computadoras\Parcial 3\Practicas\bcd00\bcd0\source\ac800.vhdl (N/A, 2021-06-03 14:29:16)
2        C:\Users\crist\Desktop\Semestre20212\Arquitectura de computadoras\Parcial 3\Practicas\bcd00\bcd0\source\bcd00.vhdl (N/A, 2021-06-03 15:32:40)
3        C:\Users\crist\Desktop\Semestre20212\Arquitectura de computadoras\Parcial 3\Practicas\bcd00\bcd0\source\checkCode00.vhdl (N/A, 2021-06-03 14:30:35)
4        C:\Users\crist\Desktop\Semestre20212\Arquitectura de computadoras\Parcial 3\Practicas\bcd00\bcd0\source\coderNibbles00.vhdl (N/A, 2021-06-03 14:30:48)
5        C:\Users\crist\Desktop\Semestre20212\Arquitectura de computadoras\Parcial 3\Practicas\bcd00\bcd0\source\compadd00.vhdl (N/A, 2021-06-03 14:31:05)
6        C:\Users\crist\Desktop\Semestre20212\Arquitectura de computadoras\Parcial 3\Practicas\bcd00\bcd0\source\contIter00.vhdl (N/A, 2021-06-03 14:31:25)
7        C:\Users\crist\Desktop\Semestre20212\Arquitectura de computadoras\Parcial 3\Practicas\bcd00\bcd0\source\contring00.vhdl (N/A, 2021-06-03 14:31:37)
8        C:\Users\crist\Desktop\Semestre20212\Arquitectura de computadoras\Parcial 3\Practicas\bcd00\bcd0\source\div00.vhdl (N/A, 2021-03-22 10:49:19)
9        C:\Users\crist\Desktop\Semestre20212\Arquitectura de computadoras\Parcial 3\Practicas\bcd00\bcd0\source\init00.vhdl (N/A, 2021-06-03 14:32:31)
10       C:\Users\crist\Desktop\Semestre20212\Arquitectura de computadoras\Parcial 3\Practicas\bcd00\bcd0\source\loadData00.vhdl (N/A, 2021-06-03 14:32:48)
11       C:\Users\crist\Desktop\Semestre20212\Arquitectura de computadoras\Parcial 3\Practicas\bcd00\bcd0\source\mux00.vhdl (N/A, 2021-06-03 14:33:03)
12       C:\Users\crist\Desktop\Semestre20212\Arquitectura de computadoras\Parcial 3\Practicas\bcd00\bcd0\source\osc00.vhdl (N/A, 2021-06-03 15:31:16)
13       C:\Users\crist\Desktop\Semestre20212\Arquitectura de computadoras\Parcial 3\Practicas\bcd00\bcd0\source\oscint00.vhdl (N/A, 2021-03-20 09:09:07)
14       C:\Users\crist\Desktop\Semestre20212\Arquitectura de computadoras\Parcial 3\Practicas\bcd00\bcd0\source\packagebcd00.vhdl (N/A, 2021-06-03 15:22:55)
15       C:\Users\crist\Desktop\Semestre20212\Arquitectura de computadoras\Parcial 3\Practicas\bcd00\bcd0\source\packageosc00.vhdl (N/A, 2021-06-03 15:25:53)
16       C:\Users\crist\Desktop\Semestre20212\Arquitectura de computadoras\Parcial 3\Practicas\bcd00\bcd0\source\pc00.vhdl (N/A, 2021-06-03 14:33:58)
17       C:\Users\crist\Desktop\Semestre20212\Arquitectura de computadoras\Parcial 3\Practicas\bcd00\bcd0\source\progMem00.vhdl (N/A, 2021-06-03 14:34:18)
18       C:\Users\crist\Desktop\Semestre20212\Arquitectura de computadoras\Parcial 3\Practicas\bcd00\bcd0\source\shift1200.vhdl (N/A, 2021-06-03 14:34:39)
19       C:\Users\crist\Desktop\Semestre20212\Arquitectura de computadoras\Parcial 3\Practicas\bcd00\bcd0\source\shift800.vhdl (N/A, 2021-06-03 14:34:29)
20       C:\Users\crist\Desktop\Semestre20212\Arquitectura de computadoras\Parcial 3\Practicas\bcd00\bcd0\source\sust00.vhdl (N/A, 2021-06-03 14:34:49)
21       C:\Users\crist\Desktop\Semestre20212\Arquitectura de computadoras\Parcial 3\Practicas\bcd00\bcd0\source\uc00.vhdl (N/A, 2021-06-03 14:35:09)
22       C:\Users\crist\Desktop\Semestre20212\Arquitectura de computadoras\Parcial 3\Practicas\bcd00\div01.vhdl (N/A, 2021-06-03 15:30:17)
23       C:\lscc\diamond\3.12\cae_library\synthesis\vhdl\machxo2.vhd (N/A, 2018-11-15 00:32:12)
24       C:\lscc\diamond\3.12\synpbase\lib\cpld\lattice.vhd (N/A, 2020-10-29 10:20:44)
25       C:\lscc\diamond\3.12\synpbase\lib\lucent\machxo2.vhd (N/A, 2020-10-29 10:20:54)
26       C:\lscc\diamond\3.12\synpbase\lib\vhd\arith.vhd (N/A, 2020-10-29 10:23:10)
27       C:\lscc\diamond\3.12\synpbase\lib\vhd\hyperents.vhd (N/A, 2020-10-29 10:23:10)
28       C:\lscc\diamond\3.12\synpbase\lib\vhd\location.map (N/A, 2020-11-02 17:26:20)
29       C:\lscc\diamond\3.12\synpbase\lib\vhd\numeric.vhd (N/A, 2020-10-29 10:23:10)
30       C:\lscc\diamond\3.12\synpbase\lib\vhd\snps_haps_pkg.vhd (N/A, 2020-10-29 10:23:10)
31       C:\lscc\diamond\3.12\synpbase\lib\vhd\std.vhd (N/A, 2020-10-29 10:23:10)
32       C:\lscc\diamond\3.12\synpbase\lib\vhd\std1164.vhd (N/A, 2020-10-29 10:23:10)
33       C:\lscc\diamond\3.12\synpbase\lib\vhd\umr_capim.vhd (N/A, 2020-10-29 10:23:10)
34       C:\lscc\diamond\3.12\synpbase\lib\vhd\unsigned.vhd (N/A, 2020-10-29 10:23:10)

*******************************************************************
Modules that may have changed as a result of file changes: 21
MID:  lib.cell.view
0        work.ac1200.ac120 may have changed because the following files changed:
                        C:\Users\crist\Desktop\Semestre20212\Arquitectura de computadoras\Parcial 3\Practicas\bcd00\bcd0\source\ac1200.vhdl (N/A, 2021-06-03 14:29:35) <-- (architecture and entity definition)
                        C:\Users\crist\Desktop\Semestre20212\Arquitectura de computadoras\Parcial 3\Practicas\bcd00\bcd0\source\bcd00.vhdl (N/A, 2021-06-03 15:32:40) <-- (may instantiate this module)
2        work.ac800.ac80 may have changed because the following files changed:
                        C:\Users\crist\Desktop\Semestre20212\Arquitectura de computadoras\Parcial 3\Practicas\bcd00\bcd0\source\ac800.vhdl (N/A, 2021-06-03 14:29:16) <-- (architecture and entity definition)
                        C:\Users\crist\Desktop\Semestre20212\Arquitectura de computadoras\Parcial 3\Practicas\bcd00\bcd0\source\bcd00.vhdl (N/A, 2021-06-03 15:32:40) <-- (may instantiate this module)
4        work.bcd00.bcd0 may have changed because the following files changed:
                        C:\Users\crist\Desktop\Semestre20212\Arquitectura de computadoras\Parcial 3\Practicas\bcd00\bcd0\source\bcd00.vhdl (N/A, 2021-06-03 15:32:40) <-- (architecture and entity definition)
6        work.checkcode00.checkcode0 may have changed because the following files changed:
                        C:\Users\crist\Desktop\Semestre20212\Arquitectura de computadoras\Parcial 3\Practicas\bcd00\bcd0\source\bcd00.vhdl (N/A, 2021-06-03 15:32:40) <-- (may instantiate this module)
                        C:\Users\crist\Desktop\Semestre20212\Arquitectura de computadoras\Parcial 3\Practicas\bcd00\bcd0\source\checkCode00.vhdl (N/A, 2021-06-03 14:30:35) <-- (architecture and entity definition)
8        work.codernibbles00.codernibbles0 may have changed because the following files changed:
                        C:\Users\crist\Desktop\Semestre20212\Arquitectura de computadoras\Parcial 3\Practicas\bcd00\bcd0\source\bcd00.vhdl (N/A, 2021-06-03 15:32:40) <-- (may instantiate this module)
                        C:\Users\crist\Desktop\Semestre20212\Arquitectura de computadoras\Parcial 3\Practicas\bcd00\bcd0\source\coderNibbles00.vhdl (N/A, 2021-06-03 14:30:48) <-- (architecture and entity definition)
10       work.compadd00.compadd0 may have changed because the following files changed:
                        C:\Users\crist\Desktop\Semestre20212\Arquitectura de computadoras\Parcial 3\Practicas\bcd00\bcd0\source\bcd00.vhdl (N/A, 2021-06-03 15:32:40) <-- (may instantiate this module)
                        C:\Users\crist\Desktop\Semestre20212\Arquitectura de computadoras\Parcial 3\Practicas\bcd00\bcd0\source\compadd00.vhdl (N/A, 2021-06-03 14:31:05) <-- (architecture and entity definition)
12       work.contiter00.contiter0 may have changed because the following files changed:
                        C:\Users\crist\Desktop\Semestre20212\Arquitectura de computadoras\Parcial 3\Practicas\bcd00\bcd0\source\bcd00.vhdl (N/A, 2021-06-03 15:32:40) <-- (may instantiate this module)
                        C:\Users\crist\Desktop\Semestre20212\Arquitectura de computadoras\Parcial 3\Practicas\bcd00\bcd0\source\contIter00.vhdl (N/A, 2021-06-03 14:31:25) <-- (architecture and entity definition)
14       work.contring00.contring0 may have changed because the following files changed:
                        C:\Users\crist\Desktop\Semestre20212\Arquitectura de computadoras\Parcial 3\Practicas\bcd00\bcd0\source\bcd00.vhdl (N/A, 2021-06-03 15:32:40) <-- (may instantiate this module)
                        C:\Users\crist\Desktop\Semestre20212\Arquitectura de computadoras\Parcial 3\Practicas\bcd00\bcd0\source\contring00.vhdl (N/A, 2021-06-03 14:31:37) <-- (architecture and entity definition)
16       work.div00.div0 may have changed because the following files changed:
                        C:\Users\crist\Desktop\Semestre20212\Arquitectura de computadoras\Parcial 3\Practicas\bcd00\bcd0\source\bcd00.vhdl (N/A, 2021-06-03 15:32:40) <-- (may instantiate this module)
                        C:\Users\crist\Desktop\Semestre20212\Arquitectura de computadoras\Parcial 3\Practicas\bcd00\bcd0\source\div00.vhdl (N/A, 2021-03-22 10:49:19) <-- (architecture and entity definition)
                        C:\Users\crist\Desktop\Semestre20212\Arquitectura de computadoras\Parcial 3\Practicas\bcd00\bcd0\source\osc00.vhdl (N/A, 2021-06-03 15:31:16) <-- (may instantiate this module)
18       work.div01.div0 may have changed because the following files changed:
                        C:\Users\crist\Desktop\Semestre20212\Arquitectura de computadoras\Parcial 3\Practicas\bcd00\bcd0\source\bcd00.vhdl (N/A, 2021-06-03 15:32:40) <-- (may instantiate this module)
                        C:\Users\crist\Desktop\Semestre20212\Arquitectura de computadoras\Parcial 3\Practicas\bcd00\bcd0\source\osc00.vhdl (N/A, 2021-06-03 15:31:16) <-- (may instantiate this module)
                        C:\Users\crist\Desktop\Semestre20212\Arquitectura de computadoras\Parcial 3\Practicas\bcd00\div01.vhdl (N/A, 2021-06-03 15:30:17) <-- (architecture and entity definition)
20       work.init00.init0 may have changed because the following files changed:
                        C:\Users\crist\Desktop\Semestre20212\Arquitectura de computadoras\Parcial 3\Practicas\bcd00\bcd0\source\bcd00.vhdl (N/A, 2021-06-03 15:32:40) <-- (may instantiate this module)
                        C:\Users\crist\Desktop\Semestre20212\Arquitectura de computadoras\Parcial 3\Practicas\bcd00\bcd0\source\init00.vhdl (N/A, 2021-06-03 14:32:31) <-- (architecture and entity definition)
22       work.loaddata00.loaddata0 may have changed because the following files changed:
                        C:\Users\crist\Desktop\Semestre20212\Arquitectura de computadoras\Parcial 3\Practicas\bcd00\bcd0\source\bcd00.vhdl (N/A, 2021-06-03 15:32:40) <-- (may instantiate this module)
                        C:\Users\crist\Desktop\Semestre20212\Arquitectura de computadoras\Parcial 3\Practicas\bcd00\bcd0\source\loadData00.vhdl (N/A, 2021-06-03 14:32:48) <-- (architecture and entity definition)
24       work.mux00.mux0 may have changed because the following files changed:
                        C:\Users\crist\Desktop\Semestre20212\Arquitectura de computadoras\Parcial 3\Practicas\bcd00\bcd0\source\bcd00.vhdl (N/A, 2021-06-03 15:32:40) <-- (may instantiate this module)
                        C:\Users\crist\Desktop\Semestre20212\Arquitectura de computadoras\Parcial 3\Practicas\bcd00\bcd0\source\mux00.vhdl (N/A, 2021-06-03 14:33:03) <-- (architecture and entity definition)
26       work.osc00.osc0 may have changed because the following files changed:
                        C:\Users\crist\Desktop\Semestre20212\Arquitectura de computadoras\Parcial 3\Practicas\bcd00\bcd0\source\bcd00.vhdl (N/A, 2021-06-03 15:32:40) <-- (may instantiate this module)
                        C:\Users\crist\Desktop\Semestre20212\Arquitectura de computadoras\Parcial 3\Practicas\bcd00\bcd0\source\osc00.vhdl (N/A, 2021-06-03 15:31:16) <-- (architecture and entity definition)
28       work.oscint00.oscint0 may have changed because the following files changed:
                        C:\Users\crist\Desktop\Semestre20212\Arquitectura de computadoras\Parcial 3\Practicas\bcd00\bcd0\source\bcd00.vhdl (N/A, 2021-06-03 15:32:40) <-- (may instantiate this module)
                        C:\Users\crist\Desktop\Semestre20212\Arquitectura de computadoras\Parcial 3\Practicas\bcd00\bcd0\source\osc00.vhdl (N/A, 2021-06-03 15:31:16) <-- (may instantiate this module)
                        C:\Users\crist\Desktop\Semestre20212\Arquitectura de computadoras\Parcial 3\Practicas\bcd00\bcd0\source\oscint00.vhdl (N/A, 2021-03-20 09:09:07) <-- (architecture and entity definition)
30       work.pc00.pc0 may have changed because the following files changed:
                        C:\Users\crist\Desktop\Semestre20212\Arquitectura de computadoras\Parcial 3\Practicas\bcd00\bcd0\source\bcd00.vhdl (N/A, 2021-06-03 15:32:40) <-- (may instantiate this module)
                        C:\Users\crist\Desktop\Semestre20212\Arquitectura de computadoras\Parcial 3\Practicas\bcd00\bcd0\source\pc00.vhdl (N/A, 2021-06-03 14:33:58) <-- (architecture and entity definition)
32       work.progmem00.progmem0 may have changed because the following files changed:
                        C:\Users\crist\Desktop\Semestre20212\Arquitectura de computadoras\Parcial 3\Practicas\bcd00\bcd0\source\bcd00.vhdl (N/A, 2021-06-03 15:32:40) <-- (may instantiate this module)
                        C:\Users\crist\Desktop\Semestre20212\Arquitectura de computadoras\Parcial 3\Practicas\bcd00\bcd0\source\progMem00.vhdl (N/A, 2021-06-03 14:34:18) <-- (architecture and entity definition)
34       work.shift1200.shift120 may have changed because the following files changed:
                        C:\Users\crist\Desktop\Semestre20212\Arquitectura de computadoras\Parcial 3\Practicas\bcd00\bcd0\source\bcd00.vhdl (N/A, 2021-06-03 15:32:40) <-- (may instantiate this module)
                        C:\Users\crist\Desktop\Semestre20212\Arquitectura de computadoras\Parcial 3\Practicas\bcd00\bcd0\source\shift1200.vhdl (N/A, 2021-06-03 14:34:39) <-- (architecture and entity definition)
36       work.shift800.shift80 may have changed because the following files changed:
                        C:\Users\crist\Desktop\Semestre20212\Arquitectura de computadoras\Parcial 3\Practicas\bcd00\bcd0\source\bcd00.vhdl (N/A, 2021-06-03 15:32:40) <-- (may instantiate this module)
                        C:\Users\crist\Desktop\Semestre20212\Arquitectura de computadoras\Parcial 3\Practicas\bcd00\bcd0\source\shift800.vhdl (N/A, 2021-06-03 14:34:29) <-- (architecture and entity definition)
38       work.sust00.sust0 may have changed because the following files changed:
                        C:\Users\crist\Desktop\Semestre20212\Arquitectura de computadoras\Parcial 3\Practicas\bcd00\bcd0\source\bcd00.vhdl (N/A, 2021-06-03 15:32:40) <-- (may instantiate this module)
                        C:\Users\crist\Desktop\Semestre20212\Arquitectura de computadoras\Parcial 3\Practicas\bcd00\bcd0\source\sust00.vhdl (N/A, 2021-06-03 14:34:49) <-- (architecture and entity definition)
40       work.uc00.uc0 may have changed because the following files changed:
                        C:\Users\crist\Desktop\Semestre20212\Arquitectura de computadoras\Parcial 3\Practicas\bcd00\bcd0\source\bcd00.vhdl (N/A, 2021-06-03 15:32:40) <-- (may instantiate this module)
                        C:\Users\crist\Desktop\Semestre20212\Arquitectura de computadoras\Parcial 3\Practicas\bcd00\bcd0\source\uc00.vhdl (N/A, 2021-06-03 14:35:09) <-- (architecture and entity definition)

*******************************************************************
Unmodified files: 0
FID:  path (timestamp)

*******************************************************************
Unchanged modules: 0
MID:  lib.cell.view
