
Loading design for application trce from file rotationlr00_rotationlr0.ncd.
Design name: topshiftrotationLR00
NCD version: 3.3
Vendor:      LATTICE
Device:      LCMXO2-7000HE
Package:     TQFP144
Performance: 5
Loading device for application trce from file 'xo2c7000.nph' in environment: C:/lscc/diamond/3.12/ispfpga.
Package Status:                     Final          Version 1.39.
Performance Hardware Data Status:   Final          Version 34.4.
Setup and Hold Report

--------------------------------------------------------------------------------
Lattice TRACE Report - Setup, Version Diamond (64-bit) 3.12.0.240.2
Thu Mar 25 14:10:41 2021

Copyright (c) 1991-1994 by NeoCAD Inc. All rights reserved.
Copyright (c) 1995 AT&T Corp.   All rights reserved.
Copyright (c) 1995-2001 Lucent Technologies Inc.  All rights reserved.
Copyright (c) 2001 Agere Systems   All rights reserved.
Copyright (c) 2002-2020 Lattice Semiconductor Corporation,  All rights reserved.

Report Information
------------------
Command line:    trce -v 10 -gt -sethld -sp 5 -sphld m -o rotationLR00_rotationLR0.twr -gui rotationLR00_rotationLR0.ncd rotationLR00_rotationLR0.prf 
Design file:     rotationlr00_rotationlr0.ncd
Preference file: rotationlr00_rotationlr0.prf
Device,speed:    LCMXO2-7000HE,5
Report level:    verbose report, limited to 10 items per preference
--------------------------------------------------------------------------------

BLOCK ASYNCPATHS
BLOCK RESETPATHS
--------------------------------------------------------------------------------



================================================================================
Preference: FREQUENCY NET "SH00/sclk" 2.080000 MHz ;
            4096 items scored, 0 timing errors detected.
--------------------------------------------------------------------------------


Passed: The following path meets requirements by 466.762ns

 Logical Details:  Cell type  Pin type       Cell/ASIC name  (clock net +/-)

   Source:         FF         Q              SH00/OSC01/sdiv[21]  (from SH00/sclk +)
   Destination:    FF         Data in        SH00/OSC01/sdiv[21]  (to SH00/sclk +)

   Delay:              13.857ns  (46.6% logic, 53.4% route), 20 logic levels.

 Constraint Details:

     13.857ns physical path delay SH00/OSC01/SLICE_1 to SH00/OSC01/SLICE_1 meets
    480.769ns delay constraint less
      0.000ns skew and
      0.150ns DIN_SET requirement (totaling 480.619ns) by 466.762ns

 Physical Path Details:

      Data path SH00/OSC01/SLICE_1 to SH00/OSC01/SLICE_1:

   Name    Fanout   Delay (ns)          Site               Resource
REG_DEL     ---     0.409    R23C21D.CLK to     R23C21D.Q0 SH00/OSC01/SLICE_1 (from SH00/sclk)
ROUTE         5     1.965     R23C21D.Q0 to     R22C19D.B1 SH00/OSC01/sdiv[21]
CTOF_DEL    ---     0.452     R22C19D.B1 to     R22C19D.F1 SH00/OSC01/SLICE_29
ROUTE         4     0.678     R22C19D.F1 to     R21C19D.C1 SH00/OSC01/oscout18_2
CTOF_DEL    ---     0.452     R21C19D.C1 to     R21C19D.F1 SH00/OSC01/SLICE_35
ROUTE         1     0.854     R21C19D.F1 to     R21C19D.A0 SH00/OSC01/oscout38lto21_1
CTOF_DEL    ---     0.452     R21C19D.A0 to     R21C19D.F0 SH00/OSC01/SLICE_35
ROUTE         1     0.579     R21C19D.F0 to     R21C20B.A0 SH00/OSC01/oscout38lto21_2
CTOF_DEL    ---     0.452     R21C20B.A0 to     R21C20B.F0 SH00/OSC01/SLICE_30
ROUTE         1     0.904     R21C20B.F0 to     R21C18D.B1 SH00/OSC01/oscout38
CTOF_DEL    ---     0.452     R21C18D.B1 to     R21C18D.F1 SH00/OSC01/SLICE_24
ROUTE         2     0.392     R21C18D.F1 to     R21C18D.C0 SH00/OSC01/oscout_0_sqmuxa_7
CTOF_DEL    ---     0.452     R21C18D.C0 to     R21C18D.F0 SH00/OSC01/SLICE_24
ROUTE         2     0.881     R21C18D.F0 to     R22C18B.A0 SH00/OSC01/un1_oscout56_7_3
CTOF_DEL    ---     0.452     R22C18B.A0 to     R22C18B.F0 SH00/OSC01/SLICE_22
ROUTE         1     1.149     R22C18B.F0 to     R23C19A.A0 SH00/OSC01/un1_oscout56_i
C0TOFCO_DE  ---     0.905     R23C19A.A0 to    R23C19A.FCO SH00/OSC01/SLICE_0
ROUTE         1     0.000    R23C19A.FCO to    R23C19B.FCI SH00/OSC01/un1_sdiv_cry_0
FCITOFCO_D  ---     0.146    R23C19B.FCI to    R23C19B.FCO SH00/OSC01/SLICE_11
ROUTE         1     0.000    R23C19B.FCO to    R23C19C.FCI SH00/OSC01/un1_sdiv_cry_2
FCITOFCO_D  ---     0.146    R23C19C.FCI to    R23C19C.FCO SH00/OSC01/SLICE_10
ROUTE         1     0.000    R23C19C.FCO to    R23C19D.FCI SH00/OSC01/un1_sdiv_cry_4
FCITOFCO_D  ---     0.146    R23C19D.FCI to    R23C19D.FCO SH00/OSC01/SLICE_9
ROUTE         1     0.000    R23C19D.FCO to    R23C20A.FCI SH00/OSC01/un1_sdiv_cry_6
FCITOFCO_D  ---     0.146    R23C20A.FCI to    R23C20A.FCO SH00/OSC01/SLICE_8
ROUTE         1     0.000    R23C20A.FCO to    R23C20B.FCI SH00/OSC01/un1_sdiv_cry_8
FCITOFCO_D  ---     0.146    R23C20B.FCI to    R23C20B.FCO SH00/OSC01/SLICE_7
ROUTE         1     0.000    R23C20B.FCO to    R23C20C.FCI SH00/OSC01/un1_sdiv_cry_10
FCITOFCO_D  ---     0.146    R23C20C.FCI to    R23C20C.FCO SH00/OSC01/SLICE_6
ROUTE         1     0.000    R23C20C.FCO to    R23C20D.FCI SH00/OSC01/un1_sdiv_cry_12
FCITOFCO_D  ---     0.146    R23C20D.FCI to    R23C20D.FCO SH00/OSC01/SLICE_5
ROUTE         1     0.000    R23C20D.FCO to    R23C21A.FCI SH00/OSC01/un1_sdiv_cry_14
FCITOFCO_D  ---     0.146    R23C21A.FCI to    R23C21A.FCO SH00/OSC01/SLICE_4
ROUTE         1     0.000    R23C21A.FCO to    R23C21B.FCI SH00/OSC01/un1_sdiv_cry_16
FCITOFCO_D  ---     0.146    R23C21B.FCI to    R23C21B.FCO SH00/OSC01/SLICE_3
ROUTE         1     0.000    R23C21B.FCO to    R23C21C.FCI SH00/OSC01/un1_sdiv_cry_18
FCITOFCO_D  ---     0.146    R23C21C.FCI to    R23C21C.FCO SH00/OSC01/SLICE_2
ROUTE         1     0.000    R23C21C.FCO to    R23C21D.FCI SH00/OSC01/un1_sdiv_cry_20
FCITOF0_DE  ---     0.517    R23C21D.FCI to     R23C21D.F0 SH00/OSC01/SLICE_1
ROUTE         1     0.000     R23C21D.F0 to    R23C21D.DI0 SH00/OSC01/sdiv_12[21] (to SH00/sclk)
                  --------
                   13.857   (46.6% logic, 53.4% route), 20 logic levels.

 Clock Skew Details: 

      Source Clock Path SH00/OSC00/OSCInst0 to SH00/OSC01/SLICE_1:

   Name    Fanout   Delay (ns)          Site               Resource
ROUTE        13     2.180        OSC.OSC to    R23C21D.CLK SH00/sclk
                  --------
                    2.180   (0.0% logic, 100.0% route), 0 logic levels.

      Destination Clock Path SH00/OSC00/OSCInst0 to SH00/OSC01/SLICE_1:

   Name    Fanout   Delay (ns)          Site               Resource
ROUTE        13     2.180        OSC.OSC to    R23C21D.CLK SH00/sclk
                  --------
                    2.180   (0.0% logic, 100.0% route), 0 logic levels.


Passed: The following path meets requirements by 466.856ns

 Logical Details:  Cell type  Pin type       Cell/ASIC name  (clock net +/-)

   Source:         FF         Q              SH00/OSC01/sdiv[21]  (from SH00/sclk +)
   Destination:    FF         Data in        SH00/OSC01/sdiv[20]  (to SH00/sclk +)

   Delay:              13.763ns  (46.2% logic, 53.8% route), 19 logic levels.

 Constraint Details:

     13.763ns physical path delay SH00/OSC01/SLICE_1 to SH00/OSC01/SLICE_2 meets
    480.769ns delay constraint less
      0.000ns skew and
      0.150ns DIN_SET requirement (totaling 480.619ns) by 466.856ns

 Physical Path Details:

      Data path SH00/OSC01/SLICE_1 to SH00/OSC01/SLICE_2:

   Name    Fanout   Delay (ns)          Site               Resource
REG_DEL     ---     0.409    R23C21D.CLK to     R23C21D.Q0 SH00/OSC01/SLICE_1 (from SH00/sclk)
ROUTE         5     1.965     R23C21D.Q0 to     R22C19D.B1 SH00/OSC01/sdiv[21]
CTOF_DEL    ---     0.452     R22C19D.B1 to     R22C19D.F1 SH00/OSC01/SLICE_29
ROUTE         4     0.678     R22C19D.F1 to     R21C19D.C1 SH00/OSC01/oscout18_2
CTOF_DEL    ---     0.452     R21C19D.C1 to     R21C19D.F1 SH00/OSC01/SLICE_35
ROUTE         1     0.854     R21C19D.F1 to     R21C19D.A0 SH00/OSC01/oscout38lto21_1
CTOF_DEL    ---     0.452     R21C19D.A0 to     R21C19D.F0 SH00/OSC01/SLICE_35
ROUTE         1     0.579     R21C19D.F0 to     R21C20B.A0 SH00/OSC01/oscout38lto21_2
CTOF_DEL    ---     0.452     R21C20B.A0 to     R21C20B.F0 SH00/OSC01/SLICE_30
ROUTE         1     0.904     R21C20B.F0 to     R21C18D.B1 SH00/OSC01/oscout38
CTOF_DEL    ---     0.452     R21C18D.B1 to     R21C18D.F1 SH00/OSC01/SLICE_24
ROUTE         2     0.392     R21C18D.F1 to     R21C18D.C0 SH00/OSC01/oscout_0_sqmuxa_7
CTOF_DEL    ---     0.452     R21C18D.C0 to     R21C18D.F0 SH00/OSC01/SLICE_24
ROUTE         2     0.881     R21C18D.F0 to     R22C18B.A0 SH00/OSC01/un1_oscout56_7_3
CTOF_DEL    ---     0.452     R22C18B.A0 to     R22C18B.F0 SH00/OSC01/SLICE_22
ROUTE         1     1.149     R22C18B.F0 to     R23C19A.A0 SH00/OSC01/un1_oscout56_i
C0TOFCO_DE  ---     0.905     R23C19A.A0 to    R23C19A.FCO SH00/OSC01/SLICE_0
ROUTE         1     0.000    R23C19A.FCO to    R23C19B.FCI SH00/OSC01/un1_sdiv_cry_0
FCITOFCO_D  ---     0.146    R23C19B.FCI to    R23C19B.FCO SH00/OSC01/SLICE_11
ROUTE         1     0.000    R23C19B.FCO to    R23C19C.FCI SH00/OSC01/un1_sdiv_cry_2
FCITOFCO_D  ---     0.146    R23C19C.FCI to    R23C19C.FCO SH00/OSC01/SLICE_10
ROUTE         1     0.000    R23C19C.FCO to    R23C19D.FCI SH00/OSC01/un1_sdiv_cry_4
FCITOFCO_D  ---     0.146    R23C19D.FCI to    R23C19D.FCO SH00/OSC01/SLICE_9
ROUTE         1     0.000    R23C19D.FCO to    R23C20A.FCI SH00/OSC01/un1_sdiv_cry_6
FCITOFCO_D  ---     0.146    R23C20A.FCI to    R23C20A.FCO SH00/OSC01/SLICE_8
ROUTE         1     0.000    R23C20A.FCO to    R23C20B.FCI SH00/OSC01/un1_sdiv_cry_8
FCITOFCO_D  ---     0.146    R23C20B.FCI to    R23C20B.FCO SH00/OSC01/SLICE_7
ROUTE         1     0.000    R23C20B.FCO to    R23C20C.FCI SH00/OSC01/un1_sdiv_cry_10
FCITOFCO_D  ---     0.146    R23C20C.FCI to    R23C20C.FCO SH00/OSC01/SLICE_6
ROUTE         1     0.000    R23C20C.FCO to    R23C20D.FCI SH00/OSC01/un1_sdiv_cry_12
FCITOFCO_D  ---     0.146    R23C20D.FCI to    R23C20D.FCO SH00/OSC01/SLICE_5
ROUTE         1     0.000    R23C20D.FCO to    R23C21A.FCI SH00/OSC01/un1_sdiv_cry_14
FCITOFCO_D  ---     0.146    R23C21A.FCI to    R23C21A.FCO SH00/OSC01/SLICE_4
ROUTE         1     0.000    R23C21A.FCO to    R23C21B.FCI SH00/OSC01/un1_sdiv_cry_16
FCITOFCO_D  ---     0.146    R23C21B.FCI to    R23C21B.FCO SH00/OSC01/SLICE_3
ROUTE         1     0.000    R23C21B.FCO to    R23C21C.FCI SH00/OSC01/un1_sdiv_cry_18
FCITOF1_DE  ---     0.569    R23C21C.FCI to     R23C21C.F1 SH00/OSC01/SLICE_2
ROUTE         1     0.000     R23C21C.F1 to    R23C21C.DI1 SH00/OSC01/sdiv_12[20] (to SH00/sclk)
                  --------
                   13.763   (46.2% logic, 53.8% route), 19 logic levels.

 Clock Skew Details: 

      Source Clock Path SH00/OSC00/OSCInst0 to SH00/OSC01/SLICE_1:

   Name    Fanout   Delay (ns)          Site               Resource
ROUTE        13     2.180        OSC.OSC to    R23C21D.CLK SH00/sclk
                  --------
                    2.180   (0.0% logic, 100.0% route), 0 logic levels.

      Destination Clock Path SH00/OSC00/OSCInst0 to SH00/OSC01/SLICE_2:

   Name    Fanout   Delay (ns)          Site               Resource
ROUTE        13     2.180        OSC.OSC to    R23C21C.CLK SH00/sclk
                  --------
                    2.180   (0.0% logic, 100.0% route), 0 logic levels.


Passed: The following path meets requirements by 466.908ns

 Logical Details:  Cell type  Pin type       Cell/ASIC name  (clock net +/-)

   Source:         FF         Q              SH00/OSC01/sdiv[21]  (from SH00/sclk +)
   Destination:    FF         Data in        SH00/OSC01/sdiv[19]  (to SH00/sclk +)

   Delay:              13.711ns  (46.0% logic, 54.0% route), 19 logic levels.

 Constraint Details:

     13.711ns physical path delay SH00/OSC01/SLICE_1 to SH00/OSC01/SLICE_2 meets
    480.769ns delay constraint less
      0.000ns skew and
      0.150ns DIN_SET requirement (totaling 480.619ns) by 466.908ns

 Physical Path Details:

      Data path SH00/OSC01/SLICE_1 to SH00/OSC01/SLICE_2:

   Name    Fanout   Delay (ns)          Site               Resource
REG_DEL     ---     0.409    R23C21D.CLK to     R23C21D.Q0 SH00/OSC01/SLICE_1 (from SH00/sclk)
ROUTE         5     1.965     R23C21D.Q0 to     R22C19D.B1 SH00/OSC01/sdiv[21]
CTOF_DEL    ---     0.452     R22C19D.B1 to     R22C19D.F1 SH00/OSC01/SLICE_29
ROUTE         4     0.678     R22C19D.F1 to     R21C19D.C1 SH00/OSC01/oscout18_2
CTOF_DEL    ---     0.452     R21C19D.C1 to     R21C19D.F1 SH00/OSC01/SLICE_35
ROUTE         1     0.854     R21C19D.F1 to     R21C19D.A0 SH00/OSC01/oscout38lto21_1
CTOF_DEL    ---     0.452     R21C19D.A0 to     R21C19D.F0 SH00/OSC01/SLICE_35
ROUTE         1     0.579     R21C19D.F0 to     R21C20B.A0 SH00/OSC01/oscout38lto21_2
CTOF_DEL    ---     0.452     R21C20B.A0 to     R21C20B.F0 SH00/OSC01/SLICE_30
ROUTE         1     0.904     R21C20B.F0 to     R21C18D.B1 SH00/OSC01/oscout38
CTOF_DEL    ---     0.452     R21C18D.B1 to     R21C18D.F1 SH00/OSC01/SLICE_24
ROUTE         2     0.392     R21C18D.F1 to     R21C18D.C0 SH00/OSC01/oscout_0_sqmuxa_7
CTOF_DEL    ---     0.452     R21C18D.C0 to     R21C18D.F0 SH00/OSC01/SLICE_24
ROUTE         2     0.881     R21C18D.F0 to     R22C18B.A0 SH00/OSC01/un1_oscout56_7_3
CTOF_DEL    ---     0.452     R22C18B.A0 to     R22C18B.F0 SH00/OSC01/SLICE_22
ROUTE         1     1.149     R22C18B.F0 to     R23C19A.A0 SH00/OSC01/un1_oscout56_i
C0TOFCO_DE  ---     0.905     R23C19A.A0 to    R23C19A.FCO SH00/OSC01/SLICE_0
ROUTE         1     0.000    R23C19A.FCO to    R23C19B.FCI SH00/OSC01/un1_sdiv_cry_0
FCITOFCO_D  ---     0.146    R23C19B.FCI to    R23C19B.FCO SH00/OSC01/SLICE_11
ROUTE         1     0.000    R23C19B.FCO to    R23C19C.FCI SH00/OSC01/un1_sdiv_cry_2
FCITOFCO_D  ---     0.146    R23C19C.FCI to    R23C19C.FCO SH00/OSC01/SLICE_10
ROUTE         1     0.000    R23C19C.FCO to    R23C19D.FCI SH00/OSC01/un1_sdiv_cry_4
FCITOFCO_D  ---     0.146    R23C19D.FCI to    R23C19D.FCO SH00/OSC01/SLICE_9
ROUTE         1     0.000    R23C19D.FCO to    R23C20A.FCI SH00/OSC01/un1_sdiv_cry_6
FCITOFCO_D  ---     0.146    R23C20A.FCI to    R23C20A.FCO SH00/OSC01/SLICE_8
ROUTE         1     0.000    R23C20A.FCO to    R23C20B.FCI SH00/OSC01/un1_sdiv_cry_8
FCITOFCO_D  ---     0.146    R23C20B.FCI to    R23C20B.FCO SH00/OSC01/SLICE_7
ROUTE         1     0.000    R23C20B.FCO to    R23C20C.FCI SH00/OSC01/un1_sdiv_cry_10
FCITOFCO_D  ---     0.146    R23C20C.FCI to    R23C20C.FCO SH00/OSC01/SLICE_6
ROUTE         1     0.000    R23C20C.FCO to    R23C20D.FCI SH00/OSC01/un1_sdiv_cry_12
FCITOFCO_D  ---     0.146    R23C20D.FCI to    R23C20D.FCO SH00/OSC01/SLICE_5
ROUTE         1     0.000    R23C20D.FCO to    R23C21A.FCI SH00/OSC01/un1_sdiv_cry_14
FCITOFCO_D  ---     0.146    R23C21A.FCI to    R23C21A.FCO SH00/OSC01/SLICE_4
ROUTE         1     0.000    R23C21A.FCO to    R23C21B.FCI SH00/OSC01/un1_sdiv_cry_16
FCITOFCO_D  ---     0.146    R23C21B.FCI to    R23C21B.FCO SH00/OSC01/SLICE_3
ROUTE         1     0.000    R23C21B.FCO to    R23C21C.FCI SH00/OSC01/un1_sdiv_cry_18
FCITOF0_DE  ---     0.517    R23C21C.FCI to     R23C21C.F0 SH00/OSC01/SLICE_2
ROUTE         1     0.000     R23C21C.F0 to    R23C21C.DI0 SH00/OSC01/sdiv_12[19] (to SH00/sclk)
                  --------
                   13.711   (46.0% logic, 54.0% route), 19 logic levels.

 Clock Skew Details: 

      Source Clock Path SH00/OSC00/OSCInst0 to SH00/OSC01/SLICE_1:

   Name    Fanout   Delay (ns)          Site               Resource
ROUTE        13     2.180        OSC.OSC to    R23C21D.CLK SH00/sclk
                  --------
                    2.180   (0.0% logic, 100.0% route), 0 logic levels.

      Destination Clock Path SH00/OSC00/OSCInst0 to SH00/OSC01/SLICE_2:

   Name    Fanout   Delay (ns)          Site               Resource
ROUTE        13     2.180        OSC.OSC to    R23C21C.CLK SH00/sclk
                  --------
                    2.180   (0.0% logic, 100.0% route), 0 logic levels.


Passed: The following path meets requirements by 467.002ns

 Logical Details:  Cell type  Pin type       Cell/ASIC name  (clock net +/-)

   Source:         FF         Q              SH00/OSC01/sdiv[21]  (from SH00/sclk +)
   Destination:    FF         Data in        SH00/OSC01/sdiv[18]  (to SH00/sclk +)

   Delay:              13.617ns  (45.6% logic, 54.4% route), 18 logic levels.

 Constraint Details:

     13.617ns physical path delay SH00/OSC01/SLICE_1 to SH00/OSC01/SLICE_3 meets
    480.769ns delay constraint less
      0.000ns skew and
      0.150ns DIN_SET requirement (totaling 480.619ns) by 467.002ns

 Physical Path Details:

      Data path SH00/OSC01/SLICE_1 to SH00/OSC01/SLICE_3:

   Name    Fanout   Delay (ns)          Site               Resource
REG_DEL     ---     0.409    R23C21D.CLK to     R23C21D.Q0 SH00/OSC01/SLICE_1 (from SH00/sclk)
ROUTE         5     1.965     R23C21D.Q0 to     R22C19D.B1 SH00/OSC01/sdiv[21]
CTOF_DEL    ---     0.452     R22C19D.B1 to     R22C19D.F1 SH00/OSC01/SLICE_29
ROUTE         4     0.678     R22C19D.F1 to     R21C19D.C1 SH00/OSC01/oscout18_2
CTOF_DEL    ---     0.452     R21C19D.C1 to     R21C19D.F1 SH00/OSC01/SLICE_35
ROUTE         1     0.854     R21C19D.F1 to     R21C19D.A0 SH00/OSC01/oscout38lto21_1
CTOF_DEL    ---     0.452     R21C19D.A0 to     R21C19D.F0 SH00/OSC01/SLICE_35
ROUTE         1     0.579     R21C19D.F0 to     R21C20B.A0 SH00/OSC01/oscout38lto21_2
CTOF_DEL    ---     0.452     R21C20B.A0 to     R21C20B.F0 SH00/OSC01/SLICE_30
ROUTE         1     0.904     R21C20B.F0 to     R21C18D.B1 SH00/OSC01/oscout38
CTOF_DEL    ---     0.452     R21C18D.B1 to     R21C18D.F1 SH00/OSC01/SLICE_24
ROUTE         2     0.392     R21C18D.F1 to     R21C18D.C0 SH00/OSC01/oscout_0_sqmuxa_7
CTOF_DEL    ---     0.452     R21C18D.C0 to     R21C18D.F0 SH00/OSC01/SLICE_24
ROUTE         2     0.881     R21C18D.F0 to     R22C18B.A0 SH00/OSC01/un1_oscout56_7_3
CTOF_DEL    ---     0.452     R22C18B.A0 to     R22C18B.F0 SH00/OSC01/SLICE_22
ROUTE         1     1.149     R22C18B.F0 to     R23C19A.A0 SH00/OSC01/un1_oscout56_i
C0TOFCO_DE  ---     0.905     R23C19A.A0 to    R23C19A.FCO SH00/OSC01/SLICE_0
ROUTE         1     0.000    R23C19A.FCO to    R23C19B.FCI SH00/OSC01/un1_sdiv_cry_0
FCITOFCO_D  ---     0.146    R23C19B.FCI to    R23C19B.FCO SH00/OSC01/SLICE_11
ROUTE         1     0.000    R23C19B.FCO to    R23C19C.FCI SH00/OSC01/un1_sdiv_cry_2
FCITOFCO_D  ---     0.146    R23C19C.FCI to    R23C19C.FCO SH00/OSC01/SLICE_10
ROUTE         1     0.000    R23C19C.FCO to    R23C19D.FCI SH00/OSC01/un1_sdiv_cry_4
FCITOFCO_D  ---     0.146    R23C19D.FCI to    R23C19D.FCO SH00/OSC01/SLICE_9
ROUTE         1     0.000    R23C19D.FCO to    R23C20A.FCI SH00/OSC01/un1_sdiv_cry_6
FCITOFCO_D  ---     0.146    R23C20A.FCI to    R23C20A.FCO SH00/OSC01/SLICE_8
ROUTE         1     0.000    R23C20A.FCO to    R23C20B.FCI SH00/OSC01/un1_sdiv_cry_8
FCITOFCO_D  ---     0.146    R23C20B.FCI to    R23C20B.FCO SH00/OSC01/SLICE_7
ROUTE         1     0.000    R23C20B.FCO to    R23C20C.FCI SH00/OSC01/un1_sdiv_cry_10
FCITOFCO_D  ---     0.146    R23C20C.FCI to    R23C20C.FCO SH00/OSC01/SLICE_6
ROUTE         1     0.000    R23C20C.FCO to    R23C20D.FCI SH00/OSC01/un1_sdiv_cry_12
FCITOFCO_D  ---     0.146    R23C20D.FCI to    R23C20D.FCO SH00/OSC01/SLICE_5
ROUTE         1     0.000    R23C20D.FCO to    R23C21A.FCI SH00/OSC01/un1_sdiv_cry_14
FCITOFCO_D  ---     0.146    R23C21A.FCI to    R23C21A.FCO SH00/OSC01/SLICE_4
ROUTE         1     0.000    R23C21A.FCO to    R23C21B.FCI SH00/OSC01/un1_sdiv_cry_16
FCITOF1_DE  ---     0.569    R23C21B.FCI to     R23C21B.F1 SH00/OSC01/SLICE_3
ROUTE         1     0.000     R23C21B.F1 to    R23C21B.DI1 SH00/OSC01/sdiv_12[18] (to SH00/sclk)
                  --------
                   13.617   (45.6% logic, 54.4% route), 18 logic levels.

 Clock Skew Details: 

      Source Clock Path SH00/OSC00/OSCInst0 to SH00/OSC01/SLICE_1:

   Name    Fanout   Delay (ns)          Site               Resource
ROUTE        13     2.180        OSC.OSC to    R23C21D.CLK SH00/sclk
                  --------
                    2.180   (0.0% logic, 100.0% route), 0 logic levels.

      Destination Clock Path SH00/OSC00/OSCInst0 to SH00/OSC01/SLICE_3:

   Name    Fanout   Delay (ns)          Site               Resource
ROUTE        13     2.180        OSC.OSC to    R23C21B.CLK SH00/sclk
                  --------
                    2.180   (0.0% logic, 100.0% route), 0 logic levels.


Passed: The following path meets requirements by 467.054ns

 Logical Details:  Cell type  Pin type       Cell/ASIC name  (clock net +/-)

   Source:         FF         Q              SH00/OSC01/sdiv[21]  (from SH00/sclk +)
   Destination:    FF         Data in        SH00/OSC01/sdiv[17]  (to SH00/sclk +)

   Delay:              13.565ns  (45.4% logic, 54.6% route), 18 logic levels.

 Constraint Details:

     13.565ns physical path delay SH00/OSC01/SLICE_1 to SH00/OSC01/SLICE_3 meets
    480.769ns delay constraint less
      0.000ns skew and
      0.150ns DIN_SET requirement (totaling 480.619ns) by 467.054ns

 Physical Path Details:

      Data path SH00/OSC01/SLICE_1 to SH00/OSC01/SLICE_3:

   Name    Fanout   Delay (ns)          Site               Resource
REG_DEL     ---     0.409    R23C21D.CLK to     R23C21D.Q0 SH00/OSC01/SLICE_1 (from SH00/sclk)
ROUTE         5     1.965     R23C21D.Q0 to     R22C19D.B1 SH00/OSC01/sdiv[21]
CTOF_DEL    ---     0.452     R22C19D.B1 to     R22C19D.F1 SH00/OSC01/SLICE_29
ROUTE         4     0.678     R22C19D.F1 to     R21C19D.C1 SH00/OSC01/oscout18_2
CTOF_DEL    ---     0.452     R21C19D.C1 to     R21C19D.F1 SH00/OSC01/SLICE_35
ROUTE         1     0.854     R21C19D.F1 to     R21C19D.A0 SH00/OSC01/oscout38lto21_1
CTOF_DEL    ---     0.452     R21C19D.A0 to     R21C19D.F0 SH00/OSC01/SLICE_35
ROUTE         1     0.579     R21C19D.F0 to     R21C20B.A0 SH00/OSC01/oscout38lto21_2
CTOF_DEL    ---     0.452     R21C20B.A0 to     R21C20B.F0 SH00/OSC01/SLICE_30
ROUTE         1     0.904     R21C20B.F0 to     R21C18D.B1 SH00/OSC01/oscout38
CTOF_DEL    ---     0.452     R21C18D.B1 to     R21C18D.F1 SH00/OSC01/SLICE_24
ROUTE         2     0.392     R21C18D.F1 to     R21C18D.C0 SH00/OSC01/oscout_0_sqmuxa_7
CTOF_DEL    ---     0.452     R21C18D.C0 to     R21C18D.F0 SH00/OSC01/SLICE_24
ROUTE         2     0.881     R21C18D.F0 to     R22C18B.A0 SH00/OSC01/un1_oscout56_7_3
CTOF_DEL    ---     0.452     R22C18B.A0 to     R22C18B.F0 SH00/OSC01/SLICE_22
ROUTE         1     1.149     R22C18B.F0 to     R23C19A.A0 SH00/OSC01/un1_oscout56_i
C0TOFCO_DE  ---     0.905     R23C19A.A0 to    R23C19A.FCO SH00/OSC01/SLICE_0
ROUTE         1     0.000    R23C19A.FCO to    R23C19B.FCI SH00/OSC01/un1_sdiv_cry_0
FCITOFCO_D  ---     0.146    R23C19B.FCI to    R23C19B.FCO SH00/OSC01/SLICE_11
ROUTE         1     0.000    R23C19B.FCO to    R23C19C.FCI SH00/OSC01/un1_sdiv_cry_2
FCITOFCO_D  ---     0.146    R23C19C.FCI to    R23C19C.FCO SH00/OSC01/SLICE_10
ROUTE         1     0.000    R23C19C.FCO to    R23C19D.FCI SH00/OSC01/un1_sdiv_cry_4
FCITOFCO_D  ---     0.146    R23C19D.FCI to    R23C19D.FCO SH00/OSC01/SLICE_9
ROUTE         1     0.000    R23C19D.FCO to    R23C20A.FCI SH00/OSC01/un1_sdiv_cry_6
FCITOFCO_D  ---     0.146    R23C20A.FCI to    R23C20A.FCO SH00/OSC01/SLICE_8
ROUTE         1     0.000    R23C20A.FCO to    R23C20B.FCI SH00/OSC01/un1_sdiv_cry_8
FCITOFCO_D  ---     0.146    R23C20B.FCI to    R23C20B.FCO SH00/OSC01/SLICE_7
ROUTE         1     0.000    R23C20B.FCO to    R23C20C.FCI SH00/OSC01/un1_sdiv_cry_10
FCITOFCO_D  ---     0.146    R23C20C.FCI to    R23C20C.FCO SH00/OSC01/SLICE_6
ROUTE         1     0.000    R23C20C.FCO to    R23C20D.FCI SH00/OSC01/un1_sdiv_cry_12
FCITOFCO_D  ---     0.146    R23C20D.FCI to    R23C20D.FCO SH00/OSC01/SLICE_5
ROUTE         1     0.000    R23C20D.FCO to    R23C21A.FCI SH00/OSC01/un1_sdiv_cry_14
FCITOFCO_D  ---     0.146    R23C21A.FCI to    R23C21A.FCO SH00/OSC01/SLICE_4
ROUTE         1     0.000    R23C21A.FCO to    R23C21B.FCI SH00/OSC01/un1_sdiv_cry_16
FCITOF0_DE  ---     0.517    R23C21B.FCI to     R23C21B.F0 SH00/OSC01/SLICE_3
ROUTE         1     0.000     R23C21B.F0 to    R23C21B.DI0 SH00/OSC01/sdiv_12[17] (to SH00/sclk)
                  --------
                   13.565   (45.4% logic, 54.6% route), 18 logic levels.

 Clock Skew Details: 

      Source Clock Path SH00/OSC00/OSCInst0 to SH00/OSC01/SLICE_1:

   Name    Fanout   Delay (ns)          Site               Resource
ROUTE        13     2.180        OSC.OSC to    R23C21D.CLK SH00/sclk
                  --------
                    2.180   (0.0% logic, 100.0% route), 0 logic levels.

      Destination Clock Path SH00/OSC00/OSCInst0 to SH00/OSC01/SLICE_3:

   Name    Fanout   Delay (ns)          Site               Resource
ROUTE        13     2.180        OSC.OSC to    R23C21B.CLK SH00/sclk
                  --------
                    2.180   (0.0% logic, 100.0% route), 0 logic levels.


Passed: The following path meets requirements by 467.103ns

 Logical Details:  Cell type  Pin type       Cell/ASIC name  (clock net +/-)

   Source:         FF         Q              SH00/OSC01/sdiv[20]  (from SH00/sclk +)
   Destination:    FF         Data in        SH00/OSC01/sdiv[21]  (to SH00/sclk +)

   Delay:              13.516ns  (47.8% logic, 52.2% route), 20 logic levels.

 Constraint Details:

     13.516ns physical path delay SH00/OSC01/SLICE_2 to SH00/OSC01/SLICE_1 meets
    480.769ns delay constraint less
      0.000ns skew and
      0.150ns DIN_SET requirement (totaling 480.619ns) by 467.103ns

 Physical Path Details:

      Data path SH00/OSC01/SLICE_2 to SH00/OSC01/SLICE_1:

   Name    Fanout   Delay (ns)          Site               Resource
REG_DEL     ---     0.409    R23C21C.CLK to     R23C21C.Q1 SH00/OSC01/SLICE_2 (from SH00/sclk)
ROUTE         5     1.624     R23C21C.Q1 to     R22C19D.D1 SH00/OSC01/sdiv[20]
CTOF_DEL    ---     0.452     R22C19D.D1 to     R22C19D.F1 SH00/OSC01/SLICE_29
ROUTE         4     0.678     R22C19D.F1 to     R21C19D.C1 SH00/OSC01/oscout18_2
CTOF_DEL    ---     0.452     R21C19D.C1 to     R21C19D.F1 SH00/OSC01/SLICE_35
ROUTE         1     0.854     R21C19D.F1 to     R21C19D.A0 SH00/OSC01/oscout38lto21_1
CTOF_DEL    ---     0.452     R21C19D.A0 to     R21C19D.F0 SH00/OSC01/SLICE_35
ROUTE         1     0.579     R21C19D.F0 to     R21C20B.A0 SH00/OSC01/oscout38lto21_2
CTOF_DEL    ---     0.452     R21C20B.A0 to     R21C20B.F0 SH00/OSC01/SLICE_30
ROUTE         1     0.904     R21C20B.F0 to     R21C18D.B1 SH00/OSC01/oscout38
CTOF_DEL    ---     0.452     R21C18D.B1 to     R21C18D.F1 SH00/OSC01/SLICE_24
ROUTE         2     0.392     R21C18D.F1 to     R21C18D.C0 SH00/OSC01/oscout_0_sqmuxa_7
CTOF_DEL    ---     0.452     R21C18D.C0 to     R21C18D.F0 SH00/OSC01/SLICE_24
ROUTE         2     0.881     R21C18D.F0 to     R22C18B.A0 SH00/OSC01/un1_oscout56_7_3
CTOF_DEL    ---     0.452     R22C18B.A0 to     R22C18B.F0 SH00/OSC01/SLICE_22
ROUTE         1     1.149     R22C18B.F0 to     R23C19A.A0 SH00/OSC01/un1_oscout56_i
C0TOFCO_DE  ---     0.905     R23C19A.A0 to    R23C19A.FCO SH00/OSC01/SLICE_0
ROUTE         1     0.000    R23C19A.FCO to    R23C19B.FCI SH00/OSC01/un1_sdiv_cry_0
FCITOFCO_D  ---     0.146    R23C19B.FCI to    R23C19B.FCO SH00/OSC01/SLICE_11
ROUTE         1     0.000    R23C19B.FCO to    R23C19C.FCI SH00/OSC01/un1_sdiv_cry_2
FCITOFCO_D  ---     0.146    R23C19C.FCI to    R23C19C.FCO SH00/OSC01/SLICE_10
ROUTE         1     0.000    R23C19C.FCO to    R23C19D.FCI SH00/OSC01/un1_sdiv_cry_4
FCITOFCO_D  ---     0.146    R23C19D.FCI to    R23C19D.FCO SH00/OSC01/SLICE_9
ROUTE         1     0.000    R23C19D.FCO to    R23C20A.FCI SH00/OSC01/un1_sdiv_cry_6
FCITOFCO_D  ---     0.146    R23C20A.FCI to    R23C20A.FCO SH00/OSC01/SLICE_8
ROUTE         1     0.000    R23C20A.FCO to    R23C20B.FCI SH00/OSC01/un1_sdiv_cry_8
FCITOFCO_D  ---     0.146    R23C20B.FCI to    R23C20B.FCO SH00/OSC01/SLICE_7
ROUTE         1     0.000    R23C20B.FCO to    R23C20C.FCI SH00/OSC01/un1_sdiv_cry_10
FCITOFCO_D  ---     0.146    R23C20C.FCI to    R23C20C.FCO SH00/OSC01/SLICE_6
ROUTE         1     0.000    R23C20C.FCO to    R23C20D.FCI SH00/OSC01/un1_sdiv_cry_12
FCITOFCO_D  ---     0.146    R23C20D.FCI to    R23C20D.FCO SH00/OSC01/SLICE_5
ROUTE         1     0.000    R23C20D.FCO to    R23C21A.FCI SH00/OSC01/un1_sdiv_cry_14
FCITOFCO_D  ---     0.146    R23C21A.FCI to    R23C21A.FCO SH00/OSC01/SLICE_4
ROUTE         1     0.000    R23C21A.FCO to    R23C21B.FCI SH00/OSC01/un1_sdiv_cry_16
FCITOFCO_D  ---     0.146    R23C21B.FCI to    R23C21B.FCO SH00/OSC01/SLICE_3
ROUTE         1     0.000    R23C21B.FCO to    R23C21C.FCI SH00/OSC01/un1_sdiv_cry_18
FCITOFCO_D  ---     0.146    R23C21C.FCI to    R23C21C.FCO SH00/OSC01/SLICE_2
ROUTE         1     0.000    R23C21C.FCO to    R23C21D.FCI SH00/OSC01/un1_sdiv_cry_20
FCITOF0_DE  ---     0.517    R23C21D.FCI to     R23C21D.F0 SH00/OSC01/SLICE_1
ROUTE         1     0.000     R23C21D.F0 to    R23C21D.DI0 SH00/OSC01/sdiv_12[21] (to SH00/sclk)
                  --------
                   13.516   (47.8% logic, 52.2% route), 20 logic levels.

 Clock Skew Details: 

      Source Clock Path SH00/OSC00/OSCInst0 to SH00/OSC01/SLICE_2:

   Name    Fanout   Delay (ns)          Site               Resource
ROUTE        13     2.180        OSC.OSC to    R23C21C.CLK SH00/sclk
                  --------
                    2.180   (0.0% logic, 100.0% route), 0 logic levels.

      Destination Clock Path SH00/OSC00/OSCInst0 to SH00/OSC01/SLICE_1:

   Name    Fanout   Delay (ns)          Site               Resource
ROUTE        13     2.180        OSC.OSC to    R23C21D.CLK SH00/sclk
                  --------
                    2.180   (0.0% logic, 100.0% route), 0 logic levels.


Passed: The following path meets requirements by 467.145ns

 Logical Details:  Cell type  Pin type       Cell/ASIC name  (clock net +/-)

   Source:         FF         Q              SH00/OSC01/sdiv[3]  (from SH00/sclk +)
   Destination:    FF         Data in        SH00/OSC01/sdiv[21]  (to SH00/sclk +)

   Delay:              13.474ns  (44.6% logic, 55.4% route), 19 logic levels.

 Constraint Details:

     13.474ns physical path delay SH00/OSC01/SLICE_10 to SH00/OSC01/SLICE_1 meets
    480.769ns delay constraint less
      0.000ns skew and
      0.150ns DIN_SET requirement (totaling 480.619ns) by 467.145ns

 Physical Path Details:

      Data path SH00/OSC01/SLICE_10 to SH00/OSC01/SLICE_1:

   Name    Fanout   Delay (ns)          Site               Resource
REG_DEL     ---     0.409    R23C19C.CLK to     R23C19C.Q0 SH00/OSC01/SLICE_10 (from SH00/sclk)
ROUTE         2     1.638     R23C19C.Q0 to     R22C20C.A1 SH00/OSC01/sdiv[3]
CTOF_DEL    ---     0.452     R22C20C.A1 to     R22C20C.F1 SH00/OSC01/SLICE_20
ROUTE         3     0.869     R22C20C.F1 to     R22C20B.A1 SH00/OSC01/oscout13lto18_i_a2_15_5
CTOF_DEL    ---     0.452     R22C20B.A1 to     R22C20B.F1 SH00/OSC01/SLICE_21
ROUTE         6     1.806     R22C20B.F1 to     R21C19B.B0 SH00/OSC01/N_3_19
CTOF_DEL    ---     0.452     R21C19B.B0 to     R21C19B.F0 SH00/OSC01/SLICE_39
ROUTE         1     0.269     R21C19B.F0 to     R21C19C.D0 SH00/OSC01/N_6
CTOF_DEL    ---     0.452     R21C19C.D0 to     R21C19C.F0 SH00/OSC01/SLICE_26
ROUTE         2     0.859     R21C19C.F0 to     R21C18D.A0 SH00/OSC01/oscout_0_sqmuxa_1
CTOF_DEL    ---     0.452     R21C18D.A0 to     R21C18D.F0 SH00/OSC01/SLICE_24
ROUTE         2     0.881     R21C18D.F0 to     R22C18B.A0 SH00/OSC01/un1_oscout56_7_3
CTOF_DEL    ---     0.452     R22C18B.A0 to     R22C18B.F0 SH00/OSC01/SLICE_22
ROUTE         1     1.149     R22C18B.F0 to     R23C19A.A0 SH00/OSC01/un1_oscout56_i
C0TOFCO_DE  ---     0.905     R23C19A.A0 to    R23C19A.FCO SH00/OSC01/SLICE_0
ROUTE         1     0.000    R23C19A.FCO to    R23C19B.FCI SH00/OSC01/un1_sdiv_cry_0
FCITOFCO_D  ---     0.146    R23C19B.FCI to    R23C19B.FCO SH00/OSC01/SLICE_11
ROUTE         1     0.000    R23C19B.FCO to    R23C19C.FCI SH00/OSC01/un1_sdiv_cry_2
FCITOFCO_D  ---     0.146    R23C19C.FCI to    R23C19C.FCO SH00/OSC01/SLICE_10
ROUTE         1     0.000    R23C19C.FCO to    R23C19D.FCI SH00/OSC01/un1_sdiv_cry_4
FCITOFCO_D  ---     0.146    R23C19D.FCI to    R23C19D.FCO SH00/OSC01/SLICE_9
ROUTE         1     0.000    R23C19D.FCO to    R23C20A.FCI SH00/OSC01/un1_sdiv_cry_6
FCITOFCO_D  ---     0.146    R23C20A.FCI to    R23C20A.FCO SH00/OSC01/SLICE_8
ROUTE         1     0.000    R23C20A.FCO to    R23C20B.FCI SH00/OSC01/un1_sdiv_cry_8
FCITOFCO_D  ---     0.146    R23C20B.FCI to    R23C20B.FCO SH00/OSC01/SLICE_7
ROUTE         1     0.000    R23C20B.FCO to    R23C20C.FCI SH00/OSC01/un1_sdiv_cry_10
FCITOFCO_D  ---     0.146    R23C20C.FCI to    R23C20C.FCO SH00/OSC01/SLICE_6
ROUTE         1     0.000    R23C20C.FCO to    R23C20D.FCI SH00/OSC01/un1_sdiv_cry_12
FCITOFCO_D  ---     0.146    R23C20D.FCI to    R23C20D.FCO SH00/OSC01/SLICE_5
ROUTE         1     0.000    R23C20D.FCO to    R23C21A.FCI SH00/OSC01/un1_sdiv_cry_14
FCITOFCO_D  ---     0.146    R23C21A.FCI to    R23C21A.FCO SH00/OSC01/SLICE_4
ROUTE         1     0.000    R23C21A.FCO to    R23C21B.FCI SH00/OSC01/un1_sdiv_cry_16
FCITOFCO_D  ---     0.146    R23C21B.FCI to    R23C21B.FCO SH00/OSC01/SLICE_3
ROUTE         1     0.000    R23C21B.FCO to    R23C21C.FCI SH00/OSC01/un1_sdiv_cry_18
FCITOFCO_D  ---     0.146    R23C21C.FCI to    R23C21C.FCO SH00/OSC01/SLICE_2
ROUTE         1     0.000    R23C21C.FCO to    R23C21D.FCI SH00/OSC01/un1_sdiv_cry_20
FCITOF0_DE  ---     0.517    R23C21D.FCI to     R23C21D.F0 SH00/OSC01/SLICE_1
ROUTE         1     0.000     R23C21D.F0 to    R23C21D.DI0 SH00/OSC01/sdiv_12[21] (to SH00/sclk)
                  --------
                   13.474   (44.6% logic, 55.4% route), 19 logic levels.

 Clock Skew Details: 

      Source Clock Path SH00/OSC00/OSCInst0 to SH00/OSC01/SLICE_10:

   Name    Fanout   Delay (ns)          Site               Resource
ROUTE        13     2.180        OSC.OSC to    R23C19C.CLK SH00/sclk
                  --------
                    2.180   (0.0% logic, 100.0% route), 0 logic levels.

      Destination Clock Path SH00/OSC00/OSCInst0 to SH00/OSC01/SLICE_1:

   Name    Fanout   Delay (ns)          Site               Resource
ROUTE        13     2.180        OSC.OSC to    R23C21D.CLK SH00/sclk
                  --------
                    2.180   (0.0% logic, 100.0% route), 0 logic levels.


Passed: The following path meets requirements by 467.148ns

 Logical Details:  Cell type  Pin type       Cell/ASIC name  (clock net +/-)

   Source:         FF         Q              SH00/OSC01/sdiv[21]  (from SH00/sclk +)
   Destination:    FF         Data in        SH00/OSC01/sdiv[16]  (to SH00/sclk +)

   Delay:              13.471ns  (45.1% logic, 54.9% route), 17 logic levels.

 Constraint Details:

     13.471ns physical path delay SH00/OSC01/SLICE_1 to SH00/OSC01/SLICE_4 meets
    480.769ns delay constraint less
      0.000ns skew and
      0.150ns DIN_SET requirement (totaling 480.619ns) by 467.148ns

 Physical Path Details:

      Data path SH00/OSC01/SLICE_1 to SH00/OSC01/SLICE_4:

   Name    Fanout   Delay (ns)          Site               Resource
REG_DEL     ---     0.409    R23C21D.CLK to     R23C21D.Q0 SH00/OSC01/SLICE_1 (from SH00/sclk)
ROUTE         5     1.965     R23C21D.Q0 to     R22C19D.B1 SH00/OSC01/sdiv[21]
CTOF_DEL    ---     0.452     R22C19D.B1 to     R22C19D.F1 SH00/OSC01/SLICE_29
ROUTE         4     0.678     R22C19D.F1 to     R21C19D.C1 SH00/OSC01/oscout18_2
CTOF_DEL    ---     0.452     R21C19D.C1 to     R21C19D.F1 SH00/OSC01/SLICE_35
ROUTE         1     0.854     R21C19D.F1 to     R21C19D.A0 SH00/OSC01/oscout38lto21_1
CTOF_DEL    ---     0.452     R21C19D.A0 to     R21C19D.F0 SH00/OSC01/SLICE_35
ROUTE         1     0.579     R21C19D.F0 to     R21C20B.A0 SH00/OSC01/oscout38lto21_2
CTOF_DEL    ---     0.452     R21C20B.A0 to     R21C20B.F0 SH00/OSC01/SLICE_30
ROUTE         1     0.904     R21C20B.F0 to     R21C18D.B1 SH00/OSC01/oscout38
CTOF_DEL    ---     0.452     R21C18D.B1 to     R21C18D.F1 SH00/OSC01/SLICE_24
ROUTE         2     0.392     R21C18D.F1 to     R21C18D.C0 SH00/OSC01/oscout_0_sqmuxa_7
CTOF_DEL    ---     0.452     R21C18D.C0 to     R21C18D.F0 SH00/OSC01/SLICE_24
ROUTE         2     0.881     R21C18D.F0 to     R22C18B.A0 SH00/OSC01/un1_oscout56_7_3
CTOF_DEL    ---     0.452     R22C18B.A0 to     R22C18B.F0 SH00/OSC01/SLICE_22
ROUTE         1     1.149     R22C18B.F0 to     R23C19A.A0 SH00/OSC01/un1_oscout56_i
C0TOFCO_DE  ---     0.905     R23C19A.A0 to    R23C19A.FCO SH00/OSC01/SLICE_0
ROUTE         1     0.000    R23C19A.FCO to    R23C19B.FCI SH00/OSC01/un1_sdiv_cry_0
FCITOFCO_D  ---     0.146    R23C19B.FCI to    R23C19B.FCO SH00/OSC01/SLICE_11
ROUTE         1     0.000    R23C19B.FCO to    R23C19C.FCI SH00/OSC01/un1_sdiv_cry_2
FCITOFCO_D  ---     0.146    R23C19C.FCI to    R23C19C.FCO SH00/OSC01/SLICE_10
ROUTE         1     0.000    R23C19C.FCO to    R23C19D.FCI SH00/OSC01/un1_sdiv_cry_4
FCITOFCO_D  ---     0.146    R23C19D.FCI to    R23C19D.FCO SH00/OSC01/SLICE_9
ROUTE         1     0.000    R23C19D.FCO to    R23C20A.FCI SH00/OSC01/un1_sdiv_cry_6
FCITOFCO_D  ---     0.146    R23C20A.FCI to    R23C20A.FCO SH00/OSC01/SLICE_8
ROUTE         1     0.000    R23C20A.FCO to    R23C20B.FCI SH00/OSC01/un1_sdiv_cry_8
FCITOFCO_D  ---     0.146    R23C20B.FCI to    R23C20B.FCO SH00/OSC01/SLICE_7
ROUTE         1     0.000    R23C20B.FCO to    R23C20C.FCI SH00/OSC01/un1_sdiv_cry_10
FCITOFCO_D  ---     0.146    R23C20C.FCI to    R23C20C.FCO SH00/OSC01/SLICE_6
ROUTE         1     0.000    R23C20C.FCO to    R23C20D.FCI SH00/OSC01/un1_sdiv_cry_12
FCITOFCO_D  ---     0.146    R23C20D.FCI to    R23C20D.FCO SH00/OSC01/SLICE_5
ROUTE         1     0.000    R23C20D.FCO to    R23C21A.FCI SH00/OSC01/un1_sdiv_cry_14
FCITOF1_DE  ---     0.569    R23C21A.FCI to     R23C21A.F1 SH00/OSC01/SLICE_4
ROUTE         1     0.000     R23C21A.F1 to    R23C21A.DI1 SH00/OSC01/sdiv_12[16] (to SH00/sclk)
                  --------
                   13.471   (45.1% logic, 54.9% route), 17 logic levels.

 Clock Skew Details: 

      Source Clock Path SH00/OSC00/OSCInst0 to SH00/OSC01/SLICE_1:

   Name    Fanout   Delay (ns)          Site               Resource
ROUTE        13     2.180        OSC.OSC to    R23C21D.CLK SH00/sclk
                  --------
                    2.180   (0.0% logic, 100.0% route), 0 logic levels.

      Destination Clock Path SH00/OSC00/OSCInst0 to SH00/OSC01/SLICE_4:

   Name    Fanout   Delay (ns)          Site               Resource
ROUTE        13     2.180        OSC.OSC to    R23C21A.CLK SH00/sclk
                  --------
                    2.180   (0.0% logic, 100.0% route), 0 logic levels.


Passed: The following path meets requirements by 467.197ns

 Logical Details:  Cell type  Pin type       Cell/ASIC name  (clock net +/-)

   Source:         FF         Q              SH00/OSC01/sdiv[20]  (from SH00/sclk +)
   Destination:    FF         Data in        SH00/OSC01/sdiv[20]  (to SH00/sclk +)

   Delay:              13.422ns  (47.4% logic, 52.6% route), 19 logic levels.

 Constraint Details:

     13.422ns physical path delay SH00/OSC01/SLICE_2 to SH00/OSC01/SLICE_2 meets
    480.769ns delay constraint less
      0.000ns skew and
      0.150ns DIN_SET requirement (totaling 480.619ns) by 467.197ns

 Physical Path Details:

      Data path SH00/OSC01/SLICE_2 to SH00/OSC01/SLICE_2:

   Name    Fanout   Delay (ns)          Site               Resource
REG_DEL     ---     0.409    R23C21C.CLK to     R23C21C.Q1 SH00/OSC01/SLICE_2 (from SH00/sclk)
ROUTE         5     1.624     R23C21C.Q1 to     R22C19D.D1 SH00/OSC01/sdiv[20]
CTOF_DEL    ---     0.452     R22C19D.D1 to     R22C19D.F1 SH00/OSC01/SLICE_29
ROUTE         4     0.678     R22C19D.F1 to     R21C19D.C1 SH00/OSC01/oscout18_2
CTOF_DEL    ---     0.452     R21C19D.C1 to     R21C19D.F1 SH00/OSC01/SLICE_35
ROUTE         1     0.854     R21C19D.F1 to     R21C19D.A0 SH00/OSC01/oscout38lto21_1
CTOF_DEL    ---     0.452     R21C19D.A0 to     R21C19D.F0 SH00/OSC01/SLICE_35
ROUTE         1     0.579     R21C19D.F0 to     R21C20B.A0 SH00/OSC01/oscout38lto21_2
CTOF_DEL    ---     0.452     R21C20B.A0 to     R21C20B.F0 SH00/OSC01/SLICE_30
ROUTE         1     0.904     R21C20B.F0 to     R21C18D.B1 SH00/OSC01/oscout38
CTOF_DEL    ---     0.452     R21C18D.B1 to     R21C18D.F1 SH00/OSC01/SLICE_24
ROUTE         2     0.392     R21C18D.F1 to     R21C18D.C0 SH00/OSC01/oscout_0_sqmuxa_7
CTOF_DEL    ---     0.452     R21C18D.C0 to     R21C18D.F0 SH00/OSC01/SLICE_24
ROUTE         2     0.881     R21C18D.F0 to     R22C18B.A0 SH00/OSC01/un1_oscout56_7_3
CTOF_DEL    ---     0.452     R22C18B.A0 to     R22C18B.F0 SH00/OSC01/SLICE_22
ROUTE         1     1.149     R22C18B.F0 to     R23C19A.A0 SH00/OSC01/un1_oscout56_i
C0TOFCO_DE  ---     0.905     R23C19A.A0 to    R23C19A.FCO SH00/OSC01/SLICE_0
ROUTE         1     0.000    R23C19A.FCO to    R23C19B.FCI SH00/OSC01/un1_sdiv_cry_0
FCITOFCO_D  ---     0.146    R23C19B.FCI to    R23C19B.FCO SH00/OSC01/SLICE_11
ROUTE         1     0.000    R23C19B.FCO to    R23C19C.FCI SH00/OSC01/un1_sdiv_cry_2
FCITOFCO_D  ---     0.146    R23C19C.FCI to    R23C19C.FCO SH00/OSC01/SLICE_10
ROUTE         1     0.000    R23C19C.FCO to    R23C19D.FCI SH00/OSC01/un1_sdiv_cry_4
FCITOFCO_D  ---     0.146    R23C19D.FCI to    R23C19D.FCO SH00/OSC01/SLICE_9
ROUTE         1     0.000    R23C19D.FCO to    R23C20A.FCI SH00/OSC01/un1_sdiv_cry_6
FCITOFCO_D  ---     0.146    R23C20A.FCI to    R23C20A.FCO SH00/OSC01/SLICE_8
ROUTE         1     0.000    R23C20A.FCO to    R23C20B.FCI SH00/OSC01/un1_sdiv_cry_8
FCITOFCO_D  ---     0.146    R23C20B.FCI to    R23C20B.FCO SH00/OSC01/SLICE_7
ROUTE         1     0.000    R23C20B.FCO to    R23C20C.FCI SH00/OSC01/un1_sdiv_cry_10
FCITOFCO_D  ---     0.146    R23C20C.FCI to    R23C20C.FCO SH00/OSC01/SLICE_6
ROUTE         1     0.000    R23C20C.FCO to    R23C20D.FCI SH00/OSC01/un1_sdiv_cry_12
FCITOFCO_D  ---     0.146    R23C20D.FCI to    R23C20D.FCO SH00/OSC01/SLICE_5
ROUTE         1     0.000    R23C20D.FCO to    R23C21A.FCI SH00/OSC01/un1_sdiv_cry_14
FCITOFCO_D  ---     0.146    R23C21A.FCI to    R23C21A.FCO SH00/OSC01/SLICE_4
ROUTE         1     0.000    R23C21A.FCO to    R23C21B.FCI SH00/OSC01/un1_sdiv_cry_16
FCITOFCO_D  ---     0.146    R23C21B.FCI to    R23C21B.FCO SH00/OSC01/SLICE_3
ROUTE         1     0.000    R23C21B.FCO to    R23C21C.FCI SH00/OSC01/un1_sdiv_cry_18
FCITOF1_DE  ---     0.569    R23C21C.FCI to     R23C21C.F1 SH00/OSC01/SLICE_2
ROUTE         1     0.000     R23C21C.F1 to    R23C21C.DI1 SH00/OSC01/sdiv_12[20] (to SH00/sclk)
                  --------
                   13.422   (47.4% logic, 52.6% route), 19 logic levels.

 Clock Skew Details: 

      Source Clock Path SH00/OSC00/OSCInst0 to SH00/OSC01/SLICE_2:

   Name    Fanout   Delay (ns)          Site               Resource
ROUTE        13     2.180        OSC.OSC to    R23C21C.CLK SH00/sclk
                  --------
                    2.180   (0.0% logic, 100.0% route), 0 logic levels.

      Destination Clock Path SH00/OSC00/OSCInst0 to SH00/OSC01/SLICE_2:

   Name    Fanout   Delay (ns)          Site               Resource
ROUTE        13     2.180        OSC.OSC to    R23C21C.CLK SH00/sclk
                  --------
                    2.180   (0.0% logic, 100.0% route), 0 logic levels.


Passed: The following path meets requirements by 467.200ns

 Logical Details:  Cell type  Pin type       Cell/ASIC name  (clock net +/-)

   Source:         FF         Q              SH00/OSC01/sdiv[21]  (from SH00/sclk +)
   Destination:    FF         Data in        SH00/OSC01/sdiv[15]  (to SH00/sclk +)

   Delay:              13.419ns  (44.8% logic, 55.2% route), 17 logic levels.

 Constraint Details:

     13.419ns physical path delay SH00/OSC01/SLICE_1 to SH00/OSC01/SLICE_4 meets
    480.769ns delay constraint less
      0.000ns skew and
      0.150ns DIN_SET requirement (totaling 480.619ns) by 467.200ns

 Physical Path Details:

      Data path SH00/OSC01/SLICE_1 to SH00/OSC01/SLICE_4:

   Name    Fanout   Delay (ns)          Site               Resource
REG_DEL     ---     0.409    R23C21D.CLK to     R23C21D.Q0 SH00/OSC01/SLICE_1 (from SH00/sclk)
ROUTE         5     1.965     R23C21D.Q0 to     R22C19D.B1 SH00/OSC01/sdiv[21]
CTOF_DEL    ---     0.452     R22C19D.B1 to     R22C19D.F1 SH00/OSC01/SLICE_29
ROUTE         4     0.678     R22C19D.F1 to     R21C19D.C1 SH00/OSC01/oscout18_2
CTOF_DEL    ---     0.452     R21C19D.C1 to     R21C19D.F1 SH00/OSC01/SLICE_35
ROUTE         1     0.854     R21C19D.F1 to     R21C19D.A0 SH00/OSC01/oscout38lto21_1
CTOF_DEL    ---     0.452     R21C19D.A0 to     R21C19D.F0 SH00/OSC01/SLICE_35
ROUTE         1     0.579     R21C19D.F0 to     R21C20B.A0 SH00/OSC01/oscout38lto21_2
CTOF_DEL    ---     0.452     R21C20B.A0 to     R21C20B.F0 SH00/OSC01/SLICE_30
ROUTE         1     0.904     R21C20B.F0 to     R21C18D.B1 SH00/OSC01/oscout38
CTOF_DEL    ---     0.452     R21C18D.B1 to     R21C18D.F1 SH00/OSC01/SLICE_24
ROUTE         2     0.392     R21C18D.F1 to     R21C18D.C0 SH00/OSC01/oscout_0_sqmuxa_7
CTOF_DEL    ---     0.452     R21C18D.C0 to     R21C18D.F0 SH00/OSC01/SLICE_24
ROUTE         2     0.881     R21C18D.F0 to     R22C18B.A0 SH00/OSC01/un1_oscout56_7_3
CTOF_DEL    ---     0.452     R22C18B.A0 to     R22C18B.F0 SH00/OSC01/SLICE_22
ROUTE         1     1.149     R22C18B.F0 to     R23C19A.A0 SH00/OSC01/un1_oscout56_i
C0TOFCO_DE  ---     0.905     R23C19A.A0 to    R23C19A.FCO SH00/OSC01/SLICE_0
ROUTE         1     0.000    R23C19A.FCO to    R23C19B.FCI SH00/OSC01/un1_sdiv_cry_0
FCITOFCO_D  ---     0.146    R23C19B.FCI to    R23C19B.FCO SH00/OSC01/SLICE_11
ROUTE         1     0.000    R23C19B.FCO to    R23C19C.FCI SH00/OSC01/un1_sdiv_cry_2
FCITOFCO_D  ---     0.146    R23C19C.FCI to    R23C19C.FCO SH00/OSC01/SLICE_10
ROUTE         1     0.000    R23C19C.FCO to    R23C19D.FCI SH00/OSC01/un1_sdiv_cry_4
FCITOFCO_D  ---     0.146    R23C19D.FCI to    R23C19D.FCO SH00/OSC01/SLICE_9
ROUTE         1     0.000    R23C19D.FCO to    R23C20A.FCI SH00/OSC01/un1_sdiv_cry_6
FCITOFCO_D  ---     0.146    R23C20A.FCI to    R23C20A.FCO SH00/OSC01/SLICE_8
ROUTE         1     0.000    R23C20A.FCO to    R23C20B.FCI SH00/OSC01/un1_sdiv_cry_8
FCITOFCO_D  ---     0.146    R23C20B.FCI to    R23C20B.FCO SH00/OSC01/SLICE_7
ROUTE         1     0.000    R23C20B.FCO to    R23C20C.FCI SH00/OSC01/un1_sdiv_cry_10
FCITOFCO_D  ---     0.146    R23C20C.FCI to    R23C20C.FCO SH00/OSC01/SLICE_6
ROUTE         1     0.000    R23C20C.FCO to    R23C20D.FCI SH00/OSC01/un1_sdiv_cry_12
FCITOFCO_D  ---     0.146    R23C20D.FCI to    R23C20D.FCO SH00/OSC01/SLICE_5
ROUTE         1     0.000    R23C20D.FCO to    R23C21A.FCI SH00/OSC01/un1_sdiv_cry_14
FCITOF0_DE  ---     0.517    R23C21A.FCI to     R23C21A.F0 SH00/OSC01/SLICE_4
ROUTE         1     0.000     R23C21A.F0 to    R23C21A.DI0 SH00/OSC01/sdiv_12[15] (to SH00/sclk)
                  --------
                   13.419   (44.8% logic, 55.2% route), 17 logic levels.

 Clock Skew Details: 

      Source Clock Path SH00/OSC00/OSCInst0 to SH00/OSC01/SLICE_1:

   Name    Fanout   Delay (ns)          Site               Resource
ROUTE        13     2.180        OSC.OSC to    R23C21D.CLK SH00/sclk
                  --------
                    2.180   (0.0% logic, 100.0% route), 0 logic levels.

      Destination Clock Path SH00/OSC00/OSCInst0 to SH00/OSC01/SLICE_4:

   Name    Fanout   Delay (ns)          Site               Resource
ROUTE        13     2.180        OSC.OSC to    R23C21A.CLK SH00/sclk
                  --------
                    2.180   (0.0% logic, 100.0% route), 0 logic levels.

Report:   71.393MHz is the maximum frequency for this preference.

Report Summary
--------------
----------------------------------------------------------------------------
Preference                              |   Constraint|       Actual|Levels
----------------------------------------------------------------------------
                                        |             |             |
FREQUENCY NET "SH00/sclk" 2.080000 MHz  |             |             |
;                                       |    2.080 MHz|   71.393 MHz|  20  
                                        |             |             |
----------------------------------------------------------------------------


All preferences were met.


Clock Domains Analysis
------------------------

Found 2 clocks:

Clock Domain: clk0_c   Source: SH00/OSC01/SLICE_16.Q0   Loads: 14
   No transfer within this clock domain is found

Clock Domain: SH00/sclk   Source: SH00/OSC00/OSCInst0.OSC   Loads: 13
   Covered under: FREQUENCY NET "SH00/sclk" 2.080000 MHz ;


Timing summary (Setup):
---------------

Timing errors: 0  Score: 0
Cumulative negative slack: 0

Constraints cover 6700 paths, 1 nets, and 252 connections (74.34% coverage)

--------------------------------------------------------------------------------
Lattice TRACE Report - Hold, Version Diamond (64-bit) 3.12.0.240.2
Thu Mar 25 14:10:41 2021

Copyright (c) 1991-1994 by NeoCAD Inc. All rights reserved.
Copyright (c) 1995 AT&T Corp.   All rights reserved.
Copyright (c) 1995-2001 Lucent Technologies Inc.  All rights reserved.
Copyright (c) 2001 Agere Systems   All rights reserved.
Copyright (c) 2002-2020 Lattice Semiconductor Corporation,  All rights reserved.

Report Information
------------------
Command line:    trce -v 10 -gt -sethld -sp 5 -sphld m -o rotationLR00_rotationLR0.twr -gui rotationLR00_rotationLR0.ncd rotationLR00_rotationLR0.prf 
Design file:     rotationlr00_rotationlr0.ncd
Preference file: rotationlr00_rotationlr0.prf
Device,speed:    LCMXO2-7000HE,m
Report level:    verbose report, limited to 10 items per preference
--------------------------------------------------------------------------------

BLOCK ASYNCPATHS
BLOCK RESETPATHS
--------------------------------------------------------------------------------



================================================================================
Preference: FREQUENCY NET "SH00/sclk" 2.080000 MHz ;
            4096 items scored, 0 timing errors detected.
--------------------------------------------------------------------------------


Passed: The following path meets requirements by 0.379ns

 Logical Details:  Cell type  Pin type       Cell/ASIC name  (clock net +/-)

   Source:         FF         Q              SH00/OSC01/sdiv[19]  (from SH00/sclk +)
   Destination:    FF         Data in        SH00/OSC01/sdiv[19]  (to SH00/sclk +)

   Delay:               0.366ns  (63.9% logic, 36.1% route), 2 logic levels.

 Constraint Details:

      0.366ns physical path delay SH00/OSC01/SLICE_2 to SH00/OSC01/SLICE_2 meets
     -0.013ns DIN_HLD and
      0.000ns delay constraint less
      0.000ns skew requirement (totaling -0.013ns) by 0.379ns

 Physical Path Details:

      Data path SH00/OSC01/SLICE_2 to SH00/OSC01/SLICE_2:

   Name    Fanout   Delay (ns)          Site               Resource
REG_DEL     ---     0.133    R23C21C.CLK to     R23C21C.Q0 SH00/OSC01/SLICE_2 (from SH00/sclk)
ROUTE         8     0.132     R23C21C.Q0 to     R23C21C.A0 SH00/OSC01/sdiv[19]
CTOF_DEL    ---     0.101     R23C21C.A0 to     R23C21C.F0 SH00/OSC01/SLICE_2
ROUTE         1     0.000     R23C21C.F0 to    R23C21C.DI0 SH00/OSC01/sdiv_12[19] (to SH00/sclk)
                  --------
                    0.366   (63.9% logic, 36.1% route), 2 logic levels.

 Clock Skew Details: 

      Source Clock Path SH00/OSC00/OSCInst0 to SH00/OSC01/SLICE_2:

   Name    Fanout   Delay (ns)          Site               Resource
ROUTE        13     0.876        OSC.OSC to    R23C21C.CLK SH00/sclk
                  --------
                    0.876   (0.0% logic, 100.0% route), 0 logic levels.

      Destination Clock Path SH00/OSC00/OSCInst0 to SH00/OSC01/SLICE_2:

   Name    Fanout   Delay (ns)          Site               Resource
ROUTE        13     0.876        OSC.OSC to    R23C21C.CLK SH00/sclk
                  --------
                    0.876   (0.0% logic, 100.0% route), 0 logic levels.


Passed: The following path meets requirements by 0.379ns

 Logical Details:  Cell type  Pin type       Cell/ASIC name  (clock net +/-)

   Source:         FF         Q              SH00/OSC01/sdiv[10]  (from SH00/sclk +)
   Destination:    FF         Data in        SH00/OSC01/sdiv[10]  (to SH00/sclk +)

   Delay:               0.366ns  (63.9% logic, 36.1% route), 2 logic levels.

 Constraint Details:

      0.366ns physical path delay SH00/OSC01/SLICE_7 to SH00/OSC01/SLICE_7 meets
     -0.013ns DIN_HLD and
      0.000ns delay constraint less
      0.000ns skew requirement (totaling -0.013ns) by 0.379ns

 Physical Path Details:

      Data path SH00/OSC01/SLICE_7 to SH00/OSC01/SLICE_7:

   Name    Fanout   Delay (ns)          Site               Resource
REG_DEL     ---     0.133    R23C20B.CLK to     R23C20B.Q1 SH00/OSC01/SLICE_7 (from SH00/sclk)
ROUTE         3     0.132     R23C20B.Q1 to     R23C20B.A1 SH00/OSC01/sdiv[10]
CTOF_DEL    ---     0.101     R23C20B.A1 to     R23C20B.F1 SH00/OSC01/SLICE_7
ROUTE         1     0.000     R23C20B.F1 to    R23C20B.DI1 SH00/OSC01/sdiv_12[10] (to SH00/sclk)
                  --------
                    0.366   (63.9% logic, 36.1% route), 2 logic levels.

 Clock Skew Details: 

      Source Clock Path SH00/OSC00/OSCInst0 to SH00/OSC01/SLICE_7:

   Name    Fanout   Delay (ns)          Site               Resource
ROUTE        13     0.876        OSC.OSC to    R23C20B.CLK SH00/sclk
                  --------
                    0.876   (0.0% logic, 100.0% route), 0 logic levels.

      Destination Clock Path SH00/OSC00/OSCInst0 to SH00/OSC01/SLICE_7:

   Name    Fanout   Delay (ns)          Site               Resource
ROUTE        13     0.876        OSC.OSC to    R23C20B.CLK SH00/sclk
                  --------
                    0.876   (0.0% logic, 100.0% route), 0 logic levels.


Passed: The following path meets requirements by 0.379ns

 Logical Details:  Cell type  Pin type       Cell/ASIC name  (clock net +/-)

   Source:         FF         Q              SH00/OSC01/sdiv[2]  (from SH00/sclk +)
   Destination:    FF         Data in        SH00/OSC01/sdiv[2]  (to SH00/sclk +)

   Delay:               0.366ns  (63.9% logic, 36.1% route), 2 logic levels.

 Constraint Details:

      0.366ns physical path delay SH00/OSC01/SLICE_11 to SH00/OSC01/SLICE_11 meets
     -0.013ns DIN_HLD and
      0.000ns delay constraint less
      0.000ns skew requirement (totaling -0.013ns) by 0.379ns

 Physical Path Details:

      Data path SH00/OSC01/SLICE_11 to SH00/OSC01/SLICE_11:

   Name    Fanout   Delay (ns)          Site               Resource
REG_DEL     ---     0.133    R23C19B.CLK to     R23C19B.Q1 SH00/OSC01/SLICE_11 (from SH00/sclk)
ROUTE         2     0.132     R23C19B.Q1 to     R23C19B.A1 SH00/OSC01/sdiv[2]
CTOF_DEL    ---     0.101     R23C19B.A1 to     R23C19B.F1 SH00/OSC01/SLICE_11
ROUTE         1     0.000     R23C19B.F1 to    R23C19B.DI1 SH00/OSC01/sdiv_12[2] (to SH00/sclk)
                  --------
                    0.366   (63.9% logic, 36.1% route), 2 logic levels.

 Clock Skew Details: 

      Source Clock Path SH00/OSC00/OSCInst0 to SH00/OSC01/SLICE_11:

   Name    Fanout   Delay (ns)          Site               Resource
ROUTE        13     0.876        OSC.OSC to    R23C19B.CLK SH00/sclk
                  --------
                    0.876   (0.0% logic, 100.0% route), 0 logic levels.

      Destination Clock Path SH00/OSC00/OSCInst0 to SH00/OSC01/SLICE_11:

   Name    Fanout   Delay (ns)          Site               Resource
ROUTE        13     0.876        OSC.OSC to    R23C19B.CLK SH00/sclk
                  --------
                    0.876   (0.0% logic, 100.0% route), 0 logic levels.


Passed: The following path meets requirements by 0.379ns

 Logical Details:  Cell type  Pin type       Cell/ASIC name  (clock net +/-)

   Source:         FF         Q              SH00/OSC01/sdiv[15]  (from SH00/sclk +)
   Destination:    FF         Data in        SH00/OSC01/sdiv[15]  (to SH00/sclk +)

   Delay:               0.366ns  (63.9% logic, 36.1% route), 2 logic levels.

 Constraint Details:

      0.366ns physical path delay SH00/OSC01/SLICE_4 to SH00/OSC01/SLICE_4 meets
     -0.013ns DIN_HLD and
      0.000ns delay constraint less
      0.000ns skew requirement (totaling -0.013ns) by 0.379ns

 Physical Path Details:

      Data path SH00/OSC01/SLICE_4 to SH00/OSC01/SLICE_4:

   Name    Fanout   Delay (ns)          Site               Resource
REG_DEL     ---     0.133    R23C21A.CLK to     R23C21A.Q0 SH00/OSC01/SLICE_4 (from SH00/sclk)
ROUTE         5     0.132     R23C21A.Q0 to     R23C21A.A0 SH00/OSC01/sdiv[15]
CTOF_DEL    ---     0.101     R23C21A.A0 to     R23C21A.F0 SH00/OSC01/SLICE_4
ROUTE         1     0.000     R23C21A.F0 to    R23C21A.DI0 SH00/OSC01/sdiv_12[15] (to SH00/sclk)
                  --------
                    0.366   (63.9% logic, 36.1% route), 2 logic levels.

 Clock Skew Details: 

      Source Clock Path SH00/OSC00/OSCInst0 to SH00/OSC01/SLICE_4:

   Name    Fanout   Delay (ns)          Site               Resource
ROUTE        13     0.876        OSC.OSC to    R23C21A.CLK SH00/sclk
                  --------
                    0.876   (0.0% logic, 100.0% route), 0 logic levels.

      Destination Clock Path SH00/OSC00/OSCInst0 to SH00/OSC01/SLICE_4:

   Name    Fanout   Delay (ns)          Site               Resource
ROUTE        13     0.876        OSC.OSC to    R23C21A.CLK SH00/sclk
                  --------
                    0.876   (0.0% logic, 100.0% route), 0 logic levels.


Passed: The following path meets requirements by 0.379ns

 Logical Details:  Cell type  Pin type       Cell/ASIC name  (clock net +/-)

   Source:         FF         Q              SH00/OSC01/sdiv[18]  (from SH00/sclk +)
   Destination:    FF         Data in        SH00/OSC01/sdiv[18]  (to SH00/sclk +)

   Delay:               0.366ns  (63.9% logic, 36.1% route), 2 logic levels.

 Constraint Details:

      0.366ns physical path delay SH00/OSC01/SLICE_3 to SH00/OSC01/SLICE_3 meets
     -0.013ns DIN_HLD and
      0.000ns delay constraint less
      0.000ns skew requirement (totaling -0.013ns) by 0.379ns

 Physical Path Details:

      Data path SH00/OSC01/SLICE_3 to SH00/OSC01/SLICE_3:

   Name    Fanout   Delay (ns)          Site               Resource
REG_DEL     ---     0.133    R23C21B.CLK to     R23C21B.Q1 SH00/OSC01/SLICE_3 (from SH00/sclk)
ROUTE         8     0.132     R23C21B.Q1 to     R23C21B.A1 SH00/OSC01/sdiv[18]
CTOF_DEL    ---     0.101     R23C21B.A1 to     R23C21B.F1 SH00/OSC01/SLICE_3
ROUTE         1     0.000     R23C21B.F1 to    R23C21B.DI1 SH00/OSC01/sdiv_12[18] (to SH00/sclk)
                  --------
                    0.366   (63.9% logic, 36.1% route), 2 logic levels.

 Clock Skew Details: 

      Source Clock Path SH00/OSC00/OSCInst0 to SH00/OSC01/SLICE_3:

   Name    Fanout   Delay (ns)          Site               Resource
ROUTE        13     0.876        OSC.OSC to    R23C21B.CLK SH00/sclk
                  --------
                    0.876   (0.0% logic, 100.0% route), 0 logic levels.

      Destination Clock Path SH00/OSC00/OSCInst0 to SH00/OSC01/SLICE_3:

   Name    Fanout   Delay (ns)          Site               Resource
ROUTE        13     0.876        OSC.OSC to    R23C21B.CLK SH00/sclk
                  --------
                    0.876   (0.0% logic, 100.0% route), 0 logic levels.


Passed: The following path meets requirements by 0.379ns

 Logical Details:  Cell type  Pin type       Cell/ASIC name  (clock net +/-)

   Source:         FF         Q              SH00/OSC01/sdiv[11]  (from SH00/sclk +)
   Destination:    FF         Data in        SH00/OSC01/sdiv[11]  (to SH00/sclk +)

   Delay:               0.366ns  (63.9% logic, 36.1% route), 2 logic levels.

 Constraint Details:

      0.366ns physical path delay SH00/OSC01/SLICE_6 to SH00/OSC01/SLICE_6 meets
     -0.013ns DIN_HLD and
      0.000ns delay constraint less
      0.000ns skew requirement (totaling -0.013ns) by 0.379ns

 Physical Path Details:

      Data path SH00/OSC01/SLICE_6 to SH00/OSC01/SLICE_6:

   Name    Fanout   Delay (ns)          Site               Resource
REG_DEL     ---     0.133    R23C20C.CLK to     R23C20C.Q0 SH00/OSC01/SLICE_6 (from SH00/sclk)
ROUTE         3     0.132     R23C20C.Q0 to     R23C20C.A0 SH00/OSC01/sdiv[11]
CTOF_DEL    ---     0.101     R23C20C.A0 to     R23C20C.F0 SH00/OSC01/SLICE_6
ROUTE         1     0.000     R23C20C.F0 to    R23C20C.DI0 SH00/OSC01/sdiv_12[11] (to SH00/sclk)
                  --------
                    0.366   (63.9% logic, 36.1% route), 2 logic levels.

 Clock Skew Details: 

      Source Clock Path SH00/OSC00/OSCInst0 to SH00/OSC01/SLICE_6:

   Name    Fanout   Delay (ns)          Site               Resource
ROUTE        13     0.876        OSC.OSC to    R23C20C.CLK SH00/sclk
                  --------
                    0.876   (0.0% logic, 100.0% route), 0 logic levels.

      Destination Clock Path SH00/OSC00/OSCInst0 to SH00/OSC01/SLICE_6:

   Name    Fanout   Delay (ns)          Site               Resource
ROUTE        13     0.876        OSC.OSC to    R23C20C.CLK SH00/sclk
                  --------
                    0.876   (0.0% logic, 100.0% route), 0 logic levels.


Passed: The following path meets requirements by 0.379ns

 Logical Details:  Cell type  Pin type       Cell/ASIC name  (clock net +/-)

   Source:         FF         Q              SH00/OSC01/sdiv[0]  (from SH00/sclk +)
   Destination:    FF         Data in        SH00/OSC01/sdiv[0]  (to SH00/sclk +)

   Delay:               0.366ns  (63.9% logic, 36.1% route), 2 logic levels.

 Constraint Details:

      0.366ns physical path delay SH00/OSC01/SLICE_0 to SH00/OSC01/SLICE_0 meets
     -0.013ns DIN_HLD and
      0.000ns delay constraint less
      0.000ns skew requirement (totaling -0.013ns) by 0.379ns

 Physical Path Details:

      Data path SH00/OSC01/SLICE_0 to SH00/OSC01/SLICE_0:

   Name    Fanout   Delay (ns)          Site               Resource
REG_DEL     ---     0.133    R23C19A.CLK to     R23C19A.Q1 SH00/OSC01/SLICE_0 (from SH00/sclk)
ROUTE         2     0.132     R23C19A.Q1 to     R23C19A.A1 SH00/OSC01/sdiv[0]
CTOF_DEL    ---     0.101     R23C19A.A1 to     R23C19A.F1 SH00/OSC01/SLICE_0
ROUTE         1     0.000     R23C19A.F1 to    R23C19A.DI1 SH00/OSC01/sdiv_12[0] (to SH00/sclk)
                  --------
                    0.366   (63.9% logic, 36.1% route), 2 logic levels.

 Clock Skew Details: 

      Source Clock Path SH00/OSC00/OSCInst0 to SH00/OSC01/SLICE_0:

   Name    Fanout   Delay (ns)          Site               Resource
ROUTE        13     0.876        OSC.OSC to    R23C19A.CLK SH00/sclk
                  --------
                    0.876   (0.0% logic, 100.0% route), 0 logic levels.

      Destination Clock Path SH00/OSC00/OSCInst0 to SH00/OSC01/SLICE_0:

   Name    Fanout   Delay (ns)          Site               Resource
ROUTE        13     0.876        OSC.OSC to    R23C19A.CLK SH00/sclk
                  --------
                    0.876   (0.0% logic, 100.0% route), 0 logic levels.


Passed: The following path meets requirements by 0.379ns

 Logical Details:  Cell type  Pin type       Cell/ASIC name  (clock net +/-)

   Source:         FF         Q              SH00/OSC01/sdiv[3]  (from SH00/sclk +)
   Destination:    FF         Data in        SH00/OSC01/sdiv[3]  (to SH00/sclk +)

   Delay:               0.366ns  (63.9% logic, 36.1% route), 2 logic levels.

 Constraint Details:

      0.366ns physical path delay SH00/OSC01/SLICE_10 to SH00/OSC01/SLICE_10 meets
     -0.013ns DIN_HLD and
      0.000ns delay constraint less
      0.000ns skew requirement (totaling -0.013ns) by 0.379ns

 Physical Path Details:

      Data path SH00/OSC01/SLICE_10 to SH00/OSC01/SLICE_10:

   Name    Fanout   Delay (ns)          Site               Resource
REG_DEL     ---     0.133    R23C19C.CLK to     R23C19C.Q0 SH00/OSC01/SLICE_10 (from SH00/sclk)
ROUTE         2     0.132     R23C19C.Q0 to     R23C19C.A0 SH00/OSC01/sdiv[3]
CTOF_DEL    ---     0.101     R23C19C.A0 to     R23C19C.F0 SH00/OSC01/SLICE_10
ROUTE         1     0.000     R23C19C.F0 to    R23C19C.DI0 SH00/OSC01/sdiv_12[3] (to SH00/sclk)
                  --------
                    0.366   (63.9% logic, 36.1% route), 2 logic levels.

 Clock Skew Details: 

      Source Clock Path SH00/OSC00/OSCInst0 to SH00/OSC01/SLICE_10:

   Name    Fanout   Delay (ns)          Site               Resource
ROUTE        13     0.876        OSC.OSC to    R23C19C.CLK SH00/sclk
                  --------
                    0.876   (0.0% logic, 100.0% route), 0 logic levels.

      Destination Clock Path SH00/OSC00/OSCInst0 to SH00/OSC01/SLICE_10:

   Name    Fanout   Delay (ns)          Site               Resource
ROUTE        13     0.876        OSC.OSC to    R23C19C.CLK SH00/sclk
                  --------
                    0.876   (0.0% logic, 100.0% route), 0 logic levels.


Passed: The following path meets requirements by 0.379ns

 Logical Details:  Cell type  Pin type       Cell/ASIC name  (clock net +/-)

   Source:         FF         Q              SH00/OSC01/sdiv[7]  (from SH00/sclk +)
   Destination:    FF         Data in        SH00/OSC01/sdiv[7]  (to SH00/sclk +)

   Delay:               0.366ns  (63.9% logic, 36.1% route), 2 logic levels.

 Constraint Details:

      0.366ns physical path delay SH00/OSC01/SLICE_8 to SH00/OSC01/SLICE_8 meets
     -0.013ns DIN_HLD and
      0.000ns delay constraint less
      0.000ns skew requirement (totaling -0.013ns) by 0.379ns

 Physical Path Details:

      Data path SH00/OSC01/SLICE_8 to SH00/OSC01/SLICE_8:

   Name    Fanout   Delay (ns)          Site               Resource
REG_DEL     ---     0.133    R23C20A.CLK to     R23C20A.Q0 SH00/OSC01/SLICE_8 (from SH00/sclk)
ROUTE         2     0.132     R23C20A.Q0 to     R23C20A.A0 SH00/OSC01/sdiv[7]
CTOF_DEL    ---     0.101     R23C20A.A0 to     R23C20A.F0 SH00/OSC01/SLICE_8
ROUTE         1     0.000     R23C20A.F0 to    R23C20A.DI0 SH00/OSC01/sdiv_12[7] (to SH00/sclk)
                  --------
                    0.366   (63.9% logic, 36.1% route), 2 logic levels.

 Clock Skew Details: 

      Source Clock Path SH00/OSC00/OSCInst0 to SH00/OSC01/SLICE_8:

   Name    Fanout   Delay (ns)          Site               Resource
ROUTE        13     0.876        OSC.OSC to    R23C20A.CLK SH00/sclk
                  --------
                    0.876   (0.0% logic, 100.0% route), 0 logic levels.

      Destination Clock Path SH00/OSC00/OSCInst0 to SH00/OSC01/SLICE_8:

   Name    Fanout   Delay (ns)          Site               Resource
ROUTE        13     0.876        OSC.OSC to    R23C20A.CLK SH00/sclk
                  --------
                    0.876   (0.0% logic, 100.0% route), 0 logic levels.


Passed: The following path meets requirements by 0.379ns

 Logical Details:  Cell type  Pin type       Cell/ASIC name  (clock net +/-)

   Source:         FF         Q              SH00/OSC01/sdiv[20]  (from SH00/sclk +)
   Destination:    FF         Data in        SH00/OSC01/sdiv[20]  (to SH00/sclk +)

   Delay:               0.366ns  (63.9% logic, 36.1% route), 2 logic levels.

 Constraint Details:

      0.366ns physical path delay SH00/OSC01/SLICE_2 to SH00/OSC01/SLICE_2 meets
     -0.013ns DIN_HLD and
      0.000ns delay constraint less
      0.000ns skew requirement (totaling -0.013ns) by 0.379ns

 Physical Path Details:

      Data path SH00/OSC01/SLICE_2 to SH00/OSC01/SLICE_2:

   Name    Fanout   Delay (ns)          Site               Resource
REG_DEL     ---     0.133    R23C21C.CLK to     R23C21C.Q1 SH00/OSC01/SLICE_2 (from SH00/sclk)
ROUTE         5     0.132     R23C21C.Q1 to     R23C21C.A1 SH00/OSC01/sdiv[20]
CTOF_DEL    ---     0.101     R23C21C.A1 to     R23C21C.F1 SH00/OSC01/SLICE_2
ROUTE         1     0.000     R23C21C.F1 to    R23C21C.DI1 SH00/OSC01/sdiv_12[20] (to SH00/sclk)
                  --------
                    0.366   (63.9% logic, 36.1% route), 2 logic levels.

 Clock Skew Details: 

      Source Clock Path SH00/OSC00/OSCInst0 to SH00/OSC01/SLICE_2:

   Name    Fanout   Delay (ns)          Site               Resource
ROUTE        13     0.876        OSC.OSC to    R23C21C.CLK SH00/sclk
                  --------
                    0.876   (0.0% logic, 100.0% route), 0 logic levels.

      Destination Clock Path SH00/OSC00/OSCInst0 to SH00/OSC01/SLICE_2:

   Name    Fanout   Delay (ns)          Site               Resource
ROUTE        13     0.876        OSC.OSC to    R23C21C.CLK SH00/sclk
                  --------
                    0.876   (0.0% logic, 100.0% route), 0 logic levels.

Report Summary
--------------
----------------------------------------------------------------------------
Preference(MIN Delays)                  |   Constraint|       Actual|Levels
----------------------------------------------------------------------------
                                        |             |             |
FREQUENCY NET "SH00/sclk" 2.080000 MHz  |             |             |
;                                       |     0.000 ns|     0.379 ns|   2  
                                        |             |             |
----------------------------------------------------------------------------


All preferences were met.


Clock Domains Analysis
------------------------

Found 2 clocks:

Clock Domain: clk0_c   Source: SH00/OSC01/SLICE_16.Q0   Loads: 14
   No transfer within this clock domain is found

Clock Domain: SH00/sclk   Source: SH00/OSC00/OSCInst0.OSC   Loads: 13
   Covered under: FREQUENCY NET "SH00/sclk" 2.080000 MHz ;


Timing summary (Hold):
---------------

Timing errors: 0  Score: 0
Cumulative negative slack: 0

Constraints cover 6700 paths, 1 nets, and 252 connections (74.34% coverage)



Timing summary (Setup and Hold):
---------------

Timing errors: 0 (setup), 0 (hold)
Score: 0 (setup), 0 (hold)
Cumulative negative slack: 0 (0+0)
--------------------------------------------------------------------------------

--------------------------------------------------------------------------------

