
Copyright (C) 1994-2020 Synopsys, Inc.
This Synopsys software and all associated documentation are proprietary to Synopsys, Inc.
and may only be used pursuant to the terms and conditions of a written license agreement
with Synopsys, Inc. All other use, reproduction, modification, or distribution of the
Synopsys software or the associated documentation is strictly prohibited.
Tool: Synplify Pro (R)
Build: Q-2020.03L-SP1
Install: C:\lscc\diamond\3.12\synpbase
OS: Windows 6.2

Hostname: DELL-CRISTIAN

Implementation : adder8bit0
Synopsys HDL compiler and linker, Version comp202003synp2, Build 182R, Built Oct 29 2020 10:49:53, @

Modified Files: 21
FID:  path (prevtimestamp, timestamp)
0        C:\Users\crist\Desktop\Semestre 2021 - 2\Arquitectura de computadoras\Parcial 1\Practicas\adder8bit00\adder8bit00.vhdl (N/A, 2021-03-16 23:01:55)
1        C:\Users\crist\Desktop\Semestre 2021 - 2\Arquitectura de computadoras\Parcial 1\Practicas\adder8bit00\and00.vhdl (N/A, 2021-03-16 21:15:24)
2        C:\Users\crist\Desktop\Semestre 2021 - 2\Arquitectura de computadoras\Parcial 1\Practicas\adder8bit00\fa00.vhdl (N/A, 2021-03-16 22:09:31)
3        C:\Users\crist\Desktop\Semestre 2021 - 2\Arquitectura de computadoras\Parcial 1\Practicas\adder8bit00\ha00.vhdl (N/A, 2021-03-16 22:07:45)
4        C:\Users\crist\Desktop\Semestre 2021 - 2\Arquitectura de computadoras\Parcial 1\Practicas\adder8bit00\or00.vhdl (N/A, 2021-03-16 22:00:15)
5        C:\Users\crist\Desktop\Semestre 2021 - 2\Arquitectura de computadoras\Parcial 1\Practicas\adder8bit00\packageadder8bit00.vhdl (N/A, 2021-03-16 22:38:42)
6        C:\Users\crist\Desktop\Semestre 2021 - 2\Arquitectura de computadoras\Parcial 1\Practicas\adder8bit00\packagefa00.vhdl (N/A, 2021-03-16 22:03:00)
7        C:\Users\crist\Desktop\Semestre 2021 - 2\Arquitectura de computadoras\Parcial 1\Practicas\adder8bit00\packageha00.vhdl (N/A, 2021-03-16 21:21:06)
8        C:\Users\crist\Desktop\Semestre 2021 - 2\Arquitectura de computadoras\Parcial 1\Practicas\adder8bit00\xnor00.vhdl (N/A, 2021-03-16 22:30:39)
9        C:\Users\crist\Desktop\Semestre 2021 - 2\Arquitectura de computadoras\Parcial 1\Practicas\adder8bit00\xor00.vhdl (N/A, 2021-03-16 21:14:12)
10       C:\lscc\diamond\3.12\cae_library\synthesis\vhdl\machxo2.vhd (N/A, 2018-11-15 00:32:12)
11       C:\lscc\diamond\3.12\synpbase\lib\cpld\lattice.vhd (N/A, 2020-10-29 10:20:44)
12       C:\lscc\diamond\3.12\synpbase\lib\vhd\arith.vhd (N/A, 2020-10-29 10:23:10)
13       C:\lscc\diamond\3.12\synpbase\lib\vhd\hyperents.vhd (N/A, 2020-10-29 10:23:10)
14       C:\lscc\diamond\3.12\synpbase\lib\vhd\location.map (N/A, 2020-11-02 17:26:20)
15       C:\lscc\diamond\3.12\synpbase\lib\vhd\numeric.vhd (N/A, 2020-10-29 10:23:10)
16       C:\lscc\diamond\3.12\synpbase\lib\vhd\snps_haps_pkg.vhd (N/A, 2020-10-29 10:23:10)
17       C:\lscc\diamond\3.12\synpbase\lib\vhd\std.vhd (N/A, 2020-10-29 10:23:10)
18       C:\lscc\diamond\3.12\synpbase\lib\vhd\std1164.vhd (N/A, 2020-10-29 10:23:10)
19       C:\lscc\diamond\3.12\synpbase\lib\vhd\umr_capim.vhd (N/A, 2020-10-29 10:23:10)
20       C:\lscc\diamond\3.12\synpbase\lib\vhd\unsigned.vhd (N/A, 2020-10-29 10:23:10)

*******************************************************************
Modules that may have changed as a result of file changes: 7
MID:  lib.cell.view
0        work.adder8bit00.adder8bit0 may have changed because the following files changed:
                        C:\Users\crist\Desktop\Semestre 2021 - 2\Arquitectura de computadoras\Parcial 1\Practicas\adder8bit00\adder8bit00.vhdl (N/A, 2021-03-16 23:01:55) <-- (architecture and entity definition)
2        work.and00.and0 may have changed because the following files changed:
                        C:\Users\crist\Desktop\Semestre 2021 - 2\Arquitectura de computadoras\Parcial 1\Practicas\adder8bit00\adder8bit00.vhdl (N/A, 2021-03-16 23:01:55) <-- (may instantiate this module)
                        C:\Users\crist\Desktop\Semestre 2021 - 2\Arquitectura de computadoras\Parcial 1\Practicas\adder8bit00\and00.vhdl (N/A, 2021-03-16 21:15:24) <-- (architecture and entity definition)
                        C:\Users\crist\Desktop\Semestre 2021 - 2\Arquitectura de computadoras\Parcial 1\Practicas\adder8bit00\fa00.vhdl (N/A, 2021-03-16 22:09:31) <-- (may instantiate this module)
                        C:\Users\crist\Desktop\Semestre 2021 - 2\Arquitectura de computadoras\Parcial 1\Practicas\adder8bit00\ha00.vhdl (N/A, 2021-03-16 22:07:45) <-- (may instantiate this module)
4        work.fa00.fa0 may have changed because the following files changed:
                        C:\Users\crist\Desktop\Semestre 2021 - 2\Arquitectura de computadoras\Parcial 1\Practicas\adder8bit00\adder8bit00.vhdl (N/A, 2021-03-16 23:01:55) <-- (may instantiate this module)
                        C:\Users\crist\Desktop\Semestre 2021 - 2\Arquitectura de computadoras\Parcial 1\Practicas\adder8bit00\fa00.vhdl (N/A, 2021-03-16 22:09:31) <-- (architecture and entity definition)
6        work.ha00.ha0 may have changed because the following files changed:
                        C:\Users\crist\Desktop\Semestre 2021 - 2\Arquitectura de computadoras\Parcial 1\Practicas\adder8bit00\adder8bit00.vhdl (N/A, 2021-03-16 23:01:55) <-- (may instantiate this module)
                        C:\Users\crist\Desktop\Semestre 2021 - 2\Arquitectura de computadoras\Parcial 1\Practicas\adder8bit00\fa00.vhdl (N/A, 2021-03-16 22:09:31) <-- (may instantiate this module)
                        C:\Users\crist\Desktop\Semestre 2021 - 2\Arquitectura de computadoras\Parcial 1\Practicas\adder8bit00\ha00.vhdl (N/A, 2021-03-16 22:07:45) <-- (architecture and entity definition)
8        work.or00.or0 may have changed because the following files changed:
                        C:\Users\crist\Desktop\Semestre 2021 - 2\Arquitectura de computadoras\Parcial 1\Practicas\adder8bit00\adder8bit00.vhdl (N/A, 2021-03-16 23:01:55) <-- (may instantiate this module)
                        C:\Users\crist\Desktop\Semestre 2021 - 2\Arquitectura de computadoras\Parcial 1\Practicas\adder8bit00\fa00.vhdl (N/A, 2021-03-16 22:09:31) <-- (may instantiate this module)
                        C:\Users\crist\Desktop\Semestre 2021 - 2\Arquitectura de computadoras\Parcial 1\Practicas\adder8bit00\or00.vhdl (N/A, 2021-03-16 22:00:15) <-- (architecture and entity definition)
11       work.xnor00.xnor0 may have changed because the following files changed:
                        C:\Users\crist\Desktop\Semestre 2021 - 2\Arquitectura de computadoras\Parcial 1\Practicas\adder8bit00\adder8bit00.vhdl (N/A, 2021-03-16 23:01:55) <-- (may instantiate this module)
                        C:\Users\crist\Desktop\Semestre 2021 - 2\Arquitectura de computadoras\Parcial 1\Practicas\adder8bit00\xnor00.vhdl (N/A, 2021-03-16 22:30:39) <-- (architecture and entity definition)
13       work.xor00.xor0 may have changed because the following files changed:
                        C:\Users\crist\Desktop\Semestre 2021 - 2\Arquitectura de computadoras\Parcial 1\Practicas\adder8bit00\adder8bit00.vhdl (N/A, 2021-03-16 23:01:55) <-- (may instantiate this module)
                        C:\Users\crist\Desktop\Semestre 2021 - 2\Arquitectura de computadoras\Parcial 1\Practicas\adder8bit00\fa00.vhdl (N/A, 2021-03-16 22:09:31) <-- (may instantiate this module)
                        C:\Users\crist\Desktop\Semestre 2021 - 2\Arquitectura de computadoras\Parcial 1\Practicas\adder8bit00\ha00.vhdl (N/A, 2021-03-16 22:07:45) <-- (may instantiate this module)
                        C:\Users\crist\Desktop\Semestre 2021 - 2\Arquitectura de computadoras\Parcial 1\Practicas\adder8bit00\xor00.vhdl (N/A, 2021-03-16 21:14:12) <-- (architecture and entity definition)

*******************************************************************
Unmodified files: 0
FID:  path (timestamp)

*******************************************************************
Unchanged modules: 0
MID:  lib.cell.view
