
Loading design for application trce from file and00_and0.ncd.
Design name: and00
NCD version: 3.3
Vendor:      LATTICE
Device:      LCMXO2-7000HE
Package:     TQFP144
Performance: 5
Loading device for application trce from file 'xo2c7000.nph' in environment: C:/lscc/diamond/3.12/ispfpga.
Package Status:                     Final          Version 1.39.
Performance Hardware Data Status:   Final          Version 34.4.
Setup and Hold Report

--------------------------------------------------------------------------------
Lattice TRACE Report - Setup, Version Diamond (64-bit) 3.12.0.240.2
Fri Mar 12 19:37:23 2021

Copyright (c) 1991-1994 by NeoCAD Inc. All rights reserved.
Copyright (c) 1995 AT&T Corp.   All rights reserved.
Copyright (c) 1995-2001 Lucent Technologies Inc.  All rights reserved.
Copyright (c) 2001 Agere Systems   All rights reserved.
Copyright (c) 2002-2020 Lattice Semiconductor Corporation,  All rights reserved.

Report Information
------------------
Command line:    trce -v 10 -gt -sethld -sp 5 -sphld m -o and00_and0.twr -gui -msgset C:/Users/crist/Desktop/Semestre 2021 - 2/Arquitectura de computadoras/Practicas/and00/promote.xml and00_and0.ncd and00_and0.prf 
Design file:     and00_and0.ncd
Preference file: and00_and0.prf
Device,speed:    LCMXO2-7000HE,5
Report level:    verbose report, limited to 10 items per preference
--------------------------------------------------------------------------------

BLOCK ASYNCPATHS
BLOCK RESETPATHS
--------------------------------------------------------------------------------



================================================================================
Preference: Default path enumeration
            16 items scored, 0 timing errors detected.
--------------------------------------------------------------------------------

Report:   11.842ns delay Ba[4] to Ya[4]

   Name    Fanout   Delay (ns)          Site               Resource
PADI_DEL    ---     1.372         43.PAD to       43.PADDI Ba[4]
ROUTE         1     1.678       43.PADDI to     R25C12A.C0 Ba_c[4]
CTOF_DEL    ---     0.452     R25C12A.C0 to     R25C12A.F0 SLICE_5
ROUTE         1     4.892     R25C12A.F0 to      119.PADDO Ya_c[4]
DOPAD_DEL   ---     3.448      119.PADDO to        119.PAD Ya[4]
                  --------
                   11.842   (44.5% logic, 55.5% route), 3 logic levels.

Report:   11.369ns delay Ba[1] to Ya[1]

   Name    Fanout   Delay (ns)          Site               Resource
PADI_DEL    ---     1.372         52.PAD to       52.PADDI Ba[1]
ROUTE         1     1.945       52.PADDI to     R25C23A.C0 Ba_c[1]
CTOF_DEL    ---     0.452     R25C23A.C0 to     R25C23A.F0 SLICE_2
ROUTE         1     4.152     R25C23A.F0 to      111.PADDO Ya_c[1]
DOPAD_DEL   ---     3.448      111.PADDO to        111.PAD Ya[1]
                  --------
                   11.369   (46.4% logic, 53.6% route), 3 logic levels.

Report:   11.357ns delay Ba[2] to Ya[2]

   Name    Fanout   Delay (ns)          Site               Resource
PADI_DEL    ---     1.372         48.PAD to       48.PADDI Ba[2]
ROUTE         1     1.678       48.PADDI to     R25C16A.C0 Ba_c[2]
CTOF_DEL    ---     0.452     R25C16A.C0 to     R25C16A.F0 SLICE_3
ROUTE         1     4.407     R25C16A.F0 to      113.PADDO Ya_c[2]
DOPAD_DEL   ---     3.448      113.PADDO to        113.PAD Ya[2]
                  --------
                   11.357   (46.4% logic, 53.6% route), 3 logic levels.

Report:   11.254ns delay Aa[4] to Ya[4]

   Name    Fanout   Delay (ns)          Site               Resource
PADI_DEL    ---     1.372         45.PAD to       45.PADDI Aa[4]
ROUTE         1     1.090       45.PADDI to     R25C12A.D0 Aa_c[4]
CTOF_DEL    ---     0.452     R25C12A.D0 to     R25C12A.F0 SLICE_5
ROUTE         1     4.892     R25C12A.F0 to      119.PADDO Ya_c[4]
DOPAD_DEL   ---     3.448      119.PADDO to        119.PAD Ya[4]
                  --------
                   11.254   (46.8% logic, 53.2% route), 3 logic levels.

Report:   11.139ns delay Ba[0] to Ya[0]

   Name    Fanout   Delay (ns)          Site               Resource
PADI_DEL    ---     1.372         54.PAD to       54.PADDI Ba[0]
ROUTE         1     2.252       54.PADDI to     R25C23C.A0 Ba_c[0]
CTOF_DEL    ---     0.452     R25C23C.A0 to     R25C23C.F0 SLICE_1
ROUTE         1     3.615     R25C23C.F0 to      109.PADDO Ya_c[0]
DOPAD_DEL   ---     3.448      109.PADDO to        109.PAD Ya[0]
                  --------
                   11.139   (47.3% logic, 52.7% route), 3 logic levels.

Report:   11.027ns delay Ba[6] to Ya[6]

   Name    Fanout   Delay (ns)          Site               Resource
PADI_DEL    ---     1.372         39.PAD to       39.PADDI Ba[6]
ROUTE         1     1.698       39.PADDI to      R25C6D.A0 Ba_c[6]
CTOF_DEL    ---     0.452      R25C6D.A0 to      R25C6D.F0 SLICE_7
ROUTE         1     4.057      R25C6D.F0 to      125.PADDO Ya_c[6]
DOPAD_DEL   ---     3.448      125.PADDO to        125.PAD Ya[6]
                  --------
                   11.027   (47.8% logic, 52.2% route), 3 logic levels.

Report:   10.964ns delay Ba[3] to Ya[3]

   Name    Fanout   Delay (ns)          Site               Resource
PADI_DEL    ---     1.372         47.PAD to       47.PADDI Ba[3]
ROUTE         1     2.077       47.PADDI to     R25C16D.A0 Ba_c[3]
CTOF_DEL    ---     0.452     R25C16D.A0 to     R25C16D.F0 SLICE_4
ROUTE         1     3.615     R25C16D.F0 to      115.PADDO Ya_c[3]
DOPAD_DEL   ---     3.448      115.PADDO to        115.PAD Ya[3]
                  --------
                   10.964   (48.1% logic, 51.9% route), 3 logic levels.

Report:   10.964ns delay Ba[5] to Ya[5]

   Name    Fanout   Delay (ns)          Site               Resource
PADI_DEL    ---     1.372         42.PAD to       42.PADDI Ba[5]
ROUTE         1     2.077       42.PADDI to     R25C12D.A0 Ba_c[5]
CTOF_DEL    ---     0.452     R25C12D.A0 to     R25C12D.F0 SLICE_6
ROUTE         1     3.615     R25C12D.F0 to      121.PADDO Ya_c[5]
DOPAD_DEL   ---     3.448      121.PADDO to        121.PAD Ya[5]
                  --------
                   10.964   (48.1% logic, 51.9% route), 3 logic levels.

Report:   10.824ns delay Aa[1] to Ya[1]

   Name    Fanout   Delay (ns)          Site               Resource
PADI_DEL    ---     1.372         55.PAD to       55.PADDI Aa[1]
ROUTE         1     1.400       55.PADDI to     R25C23A.A0 Aa_c[1]
CTOF_DEL    ---     0.452     R25C23A.A0 to     R25C23A.F0 SLICE_2
ROUTE         1     4.152     R25C23A.F0 to      111.PADDO Ya_c[1]
DOPAD_DEL   ---     3.448      111.PADDO to        111.PAD Ya[1]
                  --------
                   10.824   (48.7% logic, 51.3% route), 3 logic levels.

Report:   10.769ns delay Aa[2] to Ya[2]

   Name    Fanout   Delay (ns)          Site               Resource
PADI_DEL    ---     1.372         50.PAD to       50.PADDI Aa[2]
ROUTE         1     1.090       50.PADDI to     R25C16A.D0 Aa_c[2]
CTOF_DEL    ---     0.452     R25C16A.D0 to     R25C16A.F0 SLICE_3
ROUTE         1     4.407     R25C16A.F0 to      113.PADDO Ya_c[2]
DOPAD_DEL   ---     3.448      113.PADDO to        113.PAD Ya[2]
                  --------
                   10.769   (49.0% logic, 51.0% route), 3 logic levels.

Report:   11.842ns is the maximum delay for this preference.


================================================================================
Preference: Default net enumeration
            24 items scored, 0 timing errors detected.
--------------------------------------------------------------------------------

Report:    4.892ns maximum delay on Ya_c[4]

           Delays             Connection(s)
           4.892ns       R25C12A.F0 to 119.PADDO       

Report:    4.407ns maximum delay on Ya_c[2]

           Delays             Connection(s)
           4.407ns       R25C16A.F0 to 113.PADDO       

Report:    4.152ns maximum delay on Ya_c[1]

           Delays             Connection(s)
           4.152ns       R25C23A.F0 to 111.PADDO       

Report:    4.057ns maximum delay on Ya_c[6]

           Delays             Connection(s)
           4.057ns        R25C6D.F0 to 125.PADDO       

Report:    3.615ns maximum delay on Ya_c[0]

           Delays             Connection(s)
           3.615ns       R25C23C.F0 to 109.PADDO       

Report:    3.615ns maximum delay on Ya_c[5]

           Delays             Connection(s)
           3.615ns       R25C12D.F0 to 121.PADDO       

Report:    3.615ns maximum delay on Ya_c[3]

           Delays             Connection(s)
           3.615ns       R25C16D.F0 to 115.PADDO       

Report:    3.615ns maximum delay on Ya_c[7]

           Delays             Connection(s)
           3.615ns        R25C6C.F0 to 127.PADDO       

Report:    2.252ns maximum delay on Ba_c[0]

           Delays             Connection(s)
           2.252ns         54.PADDI to R25C23C.A0      

Report:    2.077ns maximum delay on Ba_c[3]

           Delays             Connection(s)
           2.077ns         47.PADDI to R25C16D.A0      

Report:    4.892ns is the maximum delay for this preference.

Report Summary
--------------
----------------------------------------------------------------------------
Preference                              |   Constraint|       Actual|Levels
----------------------------------------------------------------------------
                                        |             |             |
Default path enumeration                |     0.000 ns|    11.842 ns|   0  
                                        |             |             |
Default net enumeration                 |     0.000 ns|     4.892 ns|   0  
                                        |             |             |
----------------------------------------------------------------------------


All preferences were met.


Clock Domains Analysis
------------------------

Found 0 clocks:


Timing summary (Setup):
---------------

Timing errors: 0  Score: 0
Cumulative negative slack: 0

Constraints cover 16 paths, 24 nets, and 24 connections (100.00% coverage)

--------------------------------------------------------------------------------

