
Copyright (C) 1994-2020 Synopsys, Inc.
This Synopsys software and all associated documentation are proprietary to Synopsys, Inc.
and may only be used pursuant to the terms and conditions of a written license agreement
with Synopsys, Inc. All other use, reproduction, modification, or distribution of the
Synopsys software or the associated documentation is strictly prohibited.
Tool: Synplify Pro (R)
Build: Q-2020.03L-SP1
Install: C:\lscc\diamond\3.12\synpbase
OS: Windows 6.2

Hostname: DELL-CRISTIAN

Implementation : rom0
Synopsys HDL compiler and linker, Version comp202003synp2, Build 182R, Built Oct 29 2020 10:49:53, @

Modified Files: 1
FID:  path (prevtimestamp, timestamp)
3        C:\Users\crist\Desktop\Semestre20212\Arquitectura de computadoras\Parcial 2\Practicas\rom00\rom00.vhdl (2021-04-20 10:39:29, 2021-04-27 11:09:34)

*******************************************************************
Modules that may have changed as a result of file changes: 6
MID:  lib.cell.view
0        work.contread00.contread0 may have changed because the following files changed:
                        C:\Users\crist\Desktop\Semestre20212\Arquitectura de computadoras\Parcial 2\Practicas\rom00\rom00.vhdl (2021-04-20 10:39:29, 2021-04-27 11:09:34) <-- (may instantiate this module)
2        work.div00.div0 may have changed because the following files changed:
                        C:\Users\crist\Desktop\Semestre20212\Arquitectura de computadoras\Parcial 2\Practicas\rom00\rom00.vhdl (2021-04-20 10:39:29, 2021-04-27 11:09:34) <-- (may instantiate this module)
4        work.memrom00.memrom0 may have changed because the following files changed:
                        C:\Users\crist\Desktop\Semestre20212\Arquitectura de computadoras\Parcial 2\Practicas\rom00\rom00.vhdl (2021-04-20 10:39:29, 2021-04-27 11:09:34) <-- (may instantiate this module)
6        work.osc00.osc0 may have changed because the following files changed:
                        C:\Users\crist\Desktop\Semestre20212\Arquitectura de computadoras\Parcial 2\Practicas\rom00\rom00.vhdl (2021-04-20 10:39:29, 2021-04-27 11:09:34) <-- (may instantiate this module)
8        work.oscint00.oscint0 may have changed because the following files changed:
                        C:\Users\crist\Desktop\Semestre20212\Arquitectura de computadoras\Parcial 2\Practicas\rom00\rom00.vhdl (2021-04-20 10:39:29, 2021-04-27 11:09:34) <-- (may instantiate this module)
10       work.rom00.rom0 may have changed because the following files changed:
                        C:\Users\crist\Desktop\Semestre20212\Arquitectura de computadoras\Parcial 2\Practicas\rom00\rom00.vhdl (2021-04-20 10:39:29, 2021-04-27 11:09:34) <-- (architecture and entity definition)

*******************************************************************
Unmodified files: 18
FID:  path (timestamp)
0        C:\Users\crist\Desktop\Semestre20212\Arquitectura de computadoras\Parcial 2\Practicas\rom00\contRead00.vhdl (2021-04-19 11:59:27)
1        C:\Users\crist\Desktop\Semestre20212\Arquitectura de computadoras\Parcial 2\Practicas\rom00\memrom00.vhdl (2021-04-20 09:06:45)
2        C:\Users\crist\Desktop\Semestre20212\Arquitectura de computadoras\Parcial 2\Practicas\rom00\packagerom00.vhdl (2021-04-20 09:14:35)
4        C:\Users\crist\Desktop\Semestre20212\Arquitectura de computadoras\Parcial 2\Practicas\rom00\rom0\source\div00.vhdl (2021-03-22 10:49:19)
5        C:\Users\crist\Desktop\Semestre20212\Arquitectura de computadoras\Parcial 2\Practicas\rom00\rom0\source\osc00.vhdl (2021-03-22 10:49:43)
6        C:\Users\crist\Desktop\Semestre20212\Arquitectura de computadoras\Parcial 2\Practicas\rom00\rom0\source\oscint00.vhdl (2021-03-20 09:09:07)
7        C:\Users\crist\Desktop\Semestre20212\Arquitectura de computadoras\Parcial 2\Practicas\rom00\rom0\source\packageosc00.vhdl (2021-03-22 10:49:30)
8        C:\lscc\diamond\3.12\cae_library\synthesis\vhdl\machxo2.vhd (2018-11-15 00:32:12)
9        C:\lscc\diamond\3.12\synpbase\lib\cpld\lattice.vhd (2020-10-29 10:20:44)
10       C:\lscc\diamond\3.12\synpbase\lib\vhd\arith.vhd (2020-10-29 10:23:10)
11       C:\lscc\diamond\3.12\synpbase\lib\vhd\hyperents.vhd (2020-10-29 10:23:10)
12       C:\lscc\diamond\3.12\synpbase\lib\vhd\location.map (2020-11-02 17:26:20)
13       C:\lscc\diamond\3.12\synpbase\lib\vhd\numeric.vhd (2020-10-29 10:23:10)
14       C:\lscc\diamond\3.12\synpbase\lib\vhd\snps_haps_pkg.vhd (2020-10-29 10:23:10)
15       C:\lscc\diamond\3.12\synpbase\lib\vhd\std.vhd (2020-10-29 10:23:10)
16       C:\lscc\diamond\3.12\synpbase\lib\vhd\std1164.vhd (2020-10-29 10:23:10)
17       C:\lscc\diamond\3.12\synpbase\lib\vhd\umr_capim.vhd (2020-10-29 10:23:10)
18       C:\lscc\diamond\3.12\synpbase\lib\vhd\unsigned.vhd (2020-10-29 10:23:10)

*******************************************************************
Unchanged modules: 0
MID:  lib.cell.view
